2018-05-22 09:32:44 INFO  ApacheHttpClient.sendEvent(469) - responseCode = 200
2018-05-22 09:33:44 INFO  ApacheHttpClient.sendEvent(469) - responseCode = 200
2018-05-22 09:34:44 INFO  ApacheHttpClient.sendEvent(469) - responseCode = 200
2018-05-22 09:35:45 INFO  ApacheHttpClient.sendEvent(469) - responseCode = 200
2018-05-22 09:35:55 INFO  ApacheHttpClient.testConnection(187) - responseCode = 200
2018-05-22 09:35:55 INFO  ApacheHttpClient.testConnection(195) - result = true
2018-05-22 09:36:44 INFO  ApacheHttpClient.sendEvent(469) - responseCode = 200
2018-05-22 09:37:44 INFO  ApacheHttpClient.sendEvent(469) - responseCode = 200
2018-05-22 09:38:45 INFO  ApacheHttpClient.sendEvent(469) - responseCode = 200
2018-05-22 09:39:45 INFO  ApacheHttpClient.sendEvent(469) - responseCode = 200
2018-05-22 09:40:44 INFO  ApacheHttpClient.sendEvent(469) - responseCode = 200
2018-05-22 09:41:18 INFO  ApacheHttpClient.getWebResourceAsStream(436) - responseCode = 200
2018-05-22 09:41:19 INFO  ApacheHttpClient.getWebResourceAsStream(436) - responseCode = 200
2018-05-22 09:41:19 INFO  ApacheHttpClient.getTask(421) - responseCode = 200
2018-05-22 09:41:21 INFO  ApacheHttpClient.completed(27) - responseCode = 200
2018-05-22 09:41:38 INFO  ApacheHttpClient.getWebResourceAsStream(436) - responseCode = 200
2018-05-22 09:41:39 INFO  ApacheHttpClient.getWebResourceAsStream(436) - responseCode = 200
2018-05-22 09:41:39 INFO  ApacheHttpClient.getTask(421) - responseCode = 200
2018-05-22 09:41:42 INFO  ApacheHttpClient.completed(27) - responseCode = 200
2018-05-22 09:41:45 INFO  ApacheHttpClient.sendEvent(469) - responseCode = 200
2018-05-22 09:42:44 INFO  ApacheHttpClient.sendEvent(469) - responseCode = 200
2018-05-22 09:43:45 INFO  ApacheHttpClient.sendEvent(469) - responseCode = 200
2018-05-22 09:44:12 INFO  ApacheHttpClient.getWebResourceAsStream(436) - responseCode = 200
2018-05-22 09:44:13 INFO  ApacheHttpClient.getWebResourceAsStream(436) - responseCode = 200
2018-05-22 09:44:13 INFO  ApacheHttpClient.getTask(421) - responseCode = 200
2018-05-22 09:44:17 INFO  ApacheHttpClient.completed(27) - responseCode = 200
2018-05-22 09:44:17 INFO  ApacheHttpClient.getTask(421) - responseCode = 200
2018-05-22 09:44:26 INFO  ApacheHttpClient.getWebResourceAsStream(436) - responseCode = 200
2018-05-22 09:44:26 INFO  ApacheHttpClient.getFilteredTasks(323) - responseCode = 200
2018-05-22 09:44:28 INFO  ApacheHttpClient.getTaskTemplateInfo(340) - responseCode = 200
2018-05-22 09:44:31 INFO  ApacheHttpClient.testConnection(187) - responseCode = 200
2018-05-22 09:44:31 INFO  ApacheHttpClient.testConnection(195) - result = true
2018-05-22 09:44:32 INFO  ApacheHttpClient.testConnection(187) - responseCode = 200
2018-05-22 09:44:32 INFO  ApacheHttpClient.testConnection(195) - result = true
2018-05-22 09:44:33 INFO  ApacheHttpClient.getWebResourceAsStream(436) - responseCode = 200
2018-05-22 09:44:45 INFO  ApacheHttpClient.sendEvent(469) - responseCode = 200
2018-05-22 09:45:44 INFO  ApacheHttpClient.sendEvent(469) - responseCode = 200
2018-05-22 09:46:44 INFO  ApacheHttpClient.sendEvent(469) - responseCode = 200
2018-05-22 09:47:44 INFO  ApacheHttpClient.sendEvent(469) - responseCode = 200
2018-05-22 09:48:44 INFO  ApacheHttpClient.sendEvent(469) - responseCode = 200
2018-05-22 09:49:45 INFO  ApacheHttpClient.sendEvent(469) - responseCode = 200
2018-05-22 09:50:44 INFO  ApacheHttpClient.sendEvent(469) - responseCode = 200
2018-05-22 09:51:44 INFO  ApacheHttpClient.sendEvent(469) - responseCode = 200
2018-05-22 09:52:44 INFO  ApacheHttpClient.sendEvent(469) - responseCode = 200
2018-05-22 09:53:47 INFO  ApacheHttpClient.sendEvent(469) - responseCode = 200
2018-05-22 09:54:44 INFO  ApacheHttpClient.sendEvent(469) - responseCode = 200
2018-05-22 09:55:44 INFO  ApacheHttpClient.sendEvent(469) - responseCode = 200
2018-05-22 09:56:44 INFO  ApacheHttpClient.sendEvent(469) - responseCode = 200
2018-05-22 09:57:44 INFO  ApacheHttpClient.sendEvent(469) - responseCode = 200
2018-05-22 09:58:44 INFO  ApacheHttpClient.sendEvent(469) - responseCode = 200
2018-05-22 09:59:45 INFO  ApacheHttpClient.sendEvent(469) - responseCode = 200
2018-05-22 10:00:36 INFO  ApacheHttpClient.getWebResourceAsStream(436) - responseCode = 200
2018-05-22 10:00:37 INFO  ApacheHttpClient.getWebResourceAsStream(436) - responseCode = 200
2018-05-22 10:00:37 INFO  ApacheHttpClient.getTask(421) - responseCode = 200
2018-05-22 10:00:39 INFO  ApacheHttpClient.completed(27) - responseCode = 200
2018-05-22 10:00:44 INFO  ApacheHttpClient.sendEvent(469) - responseCode = 200
2018-05-22 10:00:57 INFO  ApacheHttpClient.getWebResourceAsStream(436) - responseCode = 200
2018-05-22 10:00:58 INFO  ApacheHttpClient.getWebResourceAsStream(436) - responseCode = 200
2018-05-22 10:00:58 INFO  ApacheHttpClient.getTask(421) - responseCode = 200
2018-05-22 10:01:00 INFO  ApacheHttpClient.completed(27) - responseCode = 200
2018-05-22 10:01:45 INFO  ApacheHttpClient.sendEvent(469) - responseCode = 200
2018-05-22 10:01:45 INFO  ApacheHttpClient.getWebResourceAsStream(436) - responseCode = 200
2018-05-22 10:01:46 INFO  ApacheHttpClient.getWebResourceAsStream(436) - responseCode = 200
2018-05-22 10:01:46 INFO  ApacheHttpClient.getTask(421) - responseCode = 200
2018-05-22 10:01:49 INFO  ApacheHttpClient.completed(27) - responseCode = 200
2018-05-22 10:02:41 INFO  ApacheHttpClient.getWebResourceAsStream(436) - responseCode = 200
2018-05-22 10:02:41 WARN  JavaRushUtil.getCurrentTask(66) - Ошибка получения ключа задачи.
2018-05-22 10:02:41 WARN  JavaRushUtil.getCurrentDirectory(97) - Ошибка получения текущей директории.
2018-05-22 10:02:41 WARN  JavaRushUtil.getCurrentDirectory(97) - Ошибка получения текущей директории.
2018-05-22 10:02:41 INFO  ApacheHttpClient.getTask(421) - responseCode = 200
2018-05-22 10:02:43 INFO  ApacheHttpClient.getWebResourceAsStream(436) - responseCode = 200
2018-05-22 10:02:43 INFO  ApacheHttpClient.getTask(421) - responseCode = 200
2018-05-22 10:02:45 INFO  ApacheHttpClient.sendEvent(469) - responseCode = 200
2018-05-22 10:02:47 INFO  ApacheHttpClient.completed(27) - responseCode = 200
2018-05-22 10:03:45 INFO  ApacheHttpClient.sendEvent(469) - responseCode = 200
2018-05-22 10:04:45 INFO  ApacheHttpClient.sendEvent(469) - responseCode = 200
2018-05-22 10:04:57 INFO  ApacheHttpClient.getWebResourceAsStream(436) - responseCode = 200
2018-05-22 10:04:58 INFO  ApacheHttpClient.getWebResourceAsStream(436) - responseCode = 200
2018-05-22 10:04:58 INFO  ApacheHttpClient.getTask(421) - responseCode = 200
2018-05-22 10:05:01 INFO  ApacheHttpClient.completed(27) - responseCode = 200
2018-05-22 10:05:45 INFO  ApacheHttpClient.sendEvent(469) - responseCode = 200
2018-05-22 10:06:45 INFO  ApacheHttpClient.sendEvent(469) - responseCode = 200
2018-05-22 10:07:10 INFO  ApacheHttpClient.getWebResourceAsStream(436) - responseCode = 200
2018-05-22 10:07:10 INFO  ApacheHttpClient.getWebResourceAsStream(436) - responseCode = 200
2018-05-22 10:07:11 INFO  ApacheHttpClient.getTask(421) - responseCode = 200
2018-05-22 10:07:13 INFO  ApacheHttpClient.completed(27) - responseCode = 200
2018-05-22 10:07:44 INFO  ApacheHttpClient.sendEvent(469) - responseCode = 200
2018-05-22 10:08:12 INFO  ApacheHttpClient.getWebResourceAsStream(436) - responseCode = 200
2018-05-22 10:08:12 INFO  ApacheHttpClient.getWebResourceAsStream(436) - responseCode = 200
2018-05-22 10:08:12 INFO  ApacheHttpClient.getTask(421) - responseCode = 200
2018-05-22 10:08:16 INFO  ApacheHttpClient.completed(27) - responseCode = 200
2018-05-22 10:08:44 INFO  ApacheHttpClient.sendEvent(469) - responseCode = 200
2018-05-22 10:09:44 INFO  ApacheHttpClient.sendEvent(469) - responseCode = 200
2018-05-22 10:10:44 INFO  ApacheHttpClient.sendEvent(469) - responseCode = 200
2018-05-22 10:10:54 INFO  ApacheHttpClient.getWebResourceAsStream(436) - responseCode = 200
2018-05-22 10:10:55 INFO  ApacheHttpClient.getWebResourceAsStream(436) - responseCode = 200
2018-05-22 10:10:55 INFO  ApacheHttpClient.getTask(421) - responseCode = 200
2018-05-22 10:10:58 INFO  ApacheHttpClient.completed(27) - responseCode = 200
2018-05-22 10:11:44 INFO  ApacheHttpClient.sendEvent(469) - responseCode = 200
2018-05-22 10:12:44 INFO  ApacheHttpClient.sendEvent(469) - responseCode = 200
2018-05-22 10:13:38 INFO  ApacheHttpClient.getWebResourceAsStream(436) - responseCode = 200
2018-05-22 10:13:39 INFO  ApacheHttpClient.getWebResourceAsStream(436) - responseCode = 200
2018-05-22 10:13:39 INFO  ApacheHttpClient.getTask(421) - responseCode = 200
2018-05-22 10:13:41 INFO  ApacheHttpClient.completed(27) - responseCode = 200
2018-05-22 10:13:44 INFO  ApacheHttpClient.sendEvent(469) - responseCode = 200
2018-05-22 10:14:15 INFO  ApacheHttpClient.getWebResourceAsStream(436) - responseCode = 200
2018-05-22 10:14:15 INFO  ApacheHttpClient.getTask(421) - responseCode = 200
2018-05-22 10:14:45 INFO  ApacheHttpClient.sendEvent(469) - responseCode = 200
2018-05-22 10:15:45 INFO  ApacheHttpClient.sendEvent(469) - responseCode = 200
2018-05-22 10:16:44 INFO  ApacheHttpClient.sendEvent(469) - responseCode = 200
2018-05-22 10:17:44 INFO  ApacheHttpClient.sendEvent(469) - responseCode = 200
2018-05-22 10:18:44 INFO  ApacheHttpClient.sendEvent(469) - responseCode = 200
2018-05-22 10:19:45 INFO  ApacheHttpClient.sendEvent(469) - responseCode = 200
2018-05-22 10:20:45 INFO  ApacheHttpClient.sendEvent(469) - responseCode = 200
2018-05-22 10:20:53 INFO  ApacheHttpClient.testConnection(187) - responseCode = 200
2018-05-22 10:20:53 INFO  ApacheHttpClient.testConnection(195) - result = true
2018-05-22 10:20:54 INFO  ApacheHttpClient.testConnection(187) - responseCode = 200
2018-05-22 10:20:54 INFO  ApacheHttpClient.testConnection(195) - result = true
2018-05-22 10:20:54 INFO  ApacheHttpClient.getWebResourceAsStream(436) - responseCode = 200
2018-05-22 10:21:44 INFO  ApacheHttpClient.sendEvent(469) - responseCode = 200
2018-05-22 10:22:44 INFO  ApacheHttpClient.sendEvent(469) - responseCode = 200
2018-05-22 10:23:22 INFO  ApacheHttpClient.getWebResourceAsStream(436) - responseCode = 200
2018-05-22 10:23:23 INFO  ApacheHttpClient.getWebResourceAsStream(436) - responseCode = 200
2018-05-22 10:23:23 INFO  ApacheHttpClient.getTask(421) - responseCode = 200
2018-05-22 10:23:26 INFO  ApacheHttpClient.completed(27) - responseCode = 200
2018-05-22 10:23:44 INFO  ApacheHttpClient.sendEvent(469) - responseCode = 200
2018-05-22 10:24:18 INFO  ApacheHttpClient.getWebResourceAsStream(436) - responseCode = 200
2018-05-22 10:24:19 INFO  ApacheHttpClient.getWebResourceAsStream(436) - responseCode = 200
2018-05-22 10:24:19 INFO  ApacheHttpClient.getTask(421) - responseCode = 200
2018-05-22 10:24:23 INFO  ApacheHttpClient.completed(27) - responseCode = 200
2018-05-22 10:24:23 INFO  ApacheHttpClient.getTask(421) - responseCode = 200
2018-05-22 10:24:44 INFO  ApacheHttpClient.sendEvent(469) - responseCode = 200
2018-05-22 10:24:54 INFO  ApacheHttpClient.getWebResourceAsStream(436) - responseCode = 200
2018-05-22 10:24:54 INFO  ApacheHttpClient.getFilteredTasks(323) - responseCode = 200
2018-05-22 10:25:21 INFO  ApacheHttpClient.getWebResourceAsStream(436) - responseCode = 200
2018-05-22 10:25:21 INFO  ApacheHttpClient.getFilteredTasks(323) - responseCode = 200
2018-05-22 10:25:44 INFO  ApacheHttpClient.sendEvent(469) - responseCode = 200
2018-05-22 10:26:44 INFO  ApacheHttpClient.sendEvent(469) - responseCode = 200
2018-05-22 10:27:44 INFO  ApacheHttpClient.sendEvent(469) - responseCode = 200
2018-05-22 10:28:44 INFO  ApacheHttpClient.sendEvent(469) - responseCode = 200
2018-05-22 10:29:44 INFO  ApacheHttpClient.sendEvent(469) - responseCode = 200
2018-05-22 10:30:45 INFO  ApacheHttpClient.sendEvent(469) - responseCode = 200
2018-05-22 10:31:44 INFO  ApacheHttpClient.sendEvent(469) - responseCode = 200
2018-05-22 10:32:44 INFO  ApacheHttpClient.sendEvent(469) - responseCode = 200
2018-05-22 10:33:44 INFO  ApacheHttpClient.sendEvent(469) - responseCode = 200
2018-05-22 10:34:45 INFO  ApacheHttpClient.sendEvent(469) - responseCode = 200
2018-05-22 10:35:45 INFO  ApacheHttpClient.sendEvent(469) - responseCode = 200
2018-05-22 10:36:44 INFO  ApacheHttpClient.sendEvent(469) - responseCode = 200
2018-05-22 10:37:44 INFO  ApacheHttpClient.sendEvent(469) - responseCode = 200
2018-05-22 10:38:44 INFO  ApacheHttpClient.sendEvent(469) - responseCode = 200
2018-05-22 10:39:44 INFO  ApacheHttpClient.sendEvent(469) - responseCode = 200
2018-05-22 10:40:45 INFO  ApacheHttpClient.sendEvent(469) - responseCode = 200
2018-05-22 10:41:44 INFO  ApacheHttpClient.sendEvent(469) - responseCode = 200
2018-05-22 10:42:44 INFO  ApacheHttpClient.sendEvent(469) - responseCode = 200
2018-05-22 10:43:44 INFO  ApacheHttpClient.sendEvent(469) - responseCode = 200
2018-05-22 10:44:45 INFO  ApacheHttpClient.sendEvent(469) - responseCode = 200
2018-05-22 10:45:44 INFO  ApacheHttpClient.sendEvent(469) - responseCode = 200
2018-05-22 10:46:44 INFO  ApacheHttpClient.sendEvent(469) - responseCode = 200
2018-05-22 10:47:45 INFO  ApacheHttpClient.sendEvent(469) - responseCode = 200
2018-05-22 10:48:44 INFO  ApacheHttpClient.sendEvent(469) - responseCode = 200
2018-05-22 10:49:44 INFO  ApacheHttpClient.sendEvent(469) - responseCode = 200
2018-05-22 10:50:44 INFO  ApacheHttpClient.sendEvent(469) - responseCode = 200
2018-05-22 10:51:44 INFO  ApacheHttpClient.sendEvent(469) - responseCode = 200
2018-05-22 10:52:45 INFO  ApacheHttpClient.sendEvent(469) - responseCode = 200
2018-05-22 10:53:45 INFO  ApacheHttpClient.sendEvent(469) - responseCode = 200
2018-05-22 10:54:45 INFO  ApacheHttpClient.sendEvent(469) - responseCode = 200
2018-05-22 10:55:44 INFO  ApacheHttpClient.sendEvent(469) - responseCode = 200
2018-05-22 10:56:44 INFO  ApacheHttpClient.sendEvent(469) - responseCode = 200
2018-05-22 10:57:44 INFO  ApacheHttpClient.sendEvent(469) - responseCode = 200
2018-05-22 10:58:45 INFO  ApacheHttpClient.sendEvent(469) - responseCode = 200
2018-05-22 10:59:44 INFO  ApacheHttpClient.sendEvent(469) - responseCode = 200
2018-05-22 11:00:45 INFO  ApacheHttpClient.sendEvent(469) - responseCode = 200
2018-05-22 11:01:44 INFO  ApacheHttpClient.sendEvent(469) - responseCode = 200
2018-05-22 11:02:44 INFO  ApacheHttpClient.sendEvent(469) - responseCode = 200
2018-05-22 11:03:45 INFO  ApacheHttpClient.sendEvent(469) - responseCode = 200
2018-05-22 11:04:44 INFO  ApacheHttpClient.sendEvent(469) - responseCode = 200
2018-05-22 11:05:44 INFO  ApacheHttpClient.sendEvent(469) - responseCode = 200
2018-05-22 11:06:44 INFO  ApacheHttpClient.sendEvent(469) - responseCode = 200
2018-05-22 12:20:10 ERROR ApacheHttpClient.processExceptionSendEvent(102) - (super) Ошибка во время отправки ивента на сервер.
2018-05-23 05:07:17 ERROR ApacheHttpClient.processExceptionSendEvent(102) - (super) Ошибка во время отправки ивента на сервер.
2018-05-23 05:08:05 INFO  ApacheHttpClient.getWebResourceAsStream(436) - responseCode = 200
2018-05-23 05:08:05 INFO  ApacheHttpClient.getFilteredTasks(323) - responseCode = 200
2018-05-23 05:08:06 INFO  ApacheHttpClient.getTaskTemplateInfo(340) - responseCode = 200
2018-05-23 05:08:08 INFO  ApacheHttpClient.testConnection(187) - responseCode = 200
2018-05-23 05:08:08 INFO  ApacheHttpClient.testConnection(195) - result = true
2018-05-23 05:08:08 INFO  ApacheHttpClient.testConnection(187) - responseCode = 200
2018-05-23 05:08:08 INFO  ApacheHttpClient.testConnection(195) - result = true
2018-05-23 05:08:09 INFO  ApacheHttpClient.getWebResourceAsStream(436) - responseCode = 200
2018-05-23 05:08:09 INFO  ApacheHttpClient.getTaskTemplateInfo(340) - responseCode = 200
2018-05-23 05:08:10 INFO  ApacheHttpClient.sendEvent(469) - responseCode = 200
2018-05-23 05:08:11 INFO  ApacheHttpClient.testConnection(187) - responseCode = 200
2018-05-23 05:08:11 INFO  ApacheHttpClient.testConnection(195) - result = true
2018-05-23 05:08:11 INFO  ApacheHttpClient.testConnection(187) - responseCode = 200
2018-05-23 05:08:11 INFO  ApacheHttpClient.testConnection(195) - result = true
2018-05-23 05:08:11 INFO  ApacheHttpClient.getWebResourceAsStream(436) - responseCode = 200
2018-05-23 05:09:10 INFO  ApacheHttpClient.sendEvent(469) - responseCode = 200
2018-05-23 05:10:10 INFO  ApacheHttpClient.sendEvent(469) - responseCode = 200
2018-05-23 05:11:10 INFO  ApacheHttpClient.sendEvent(469) - responseCode = 200
2018-05-23 05:12:10 INFO  ApacheHttpClient.sendEvent(469) - responseCode = 200
2018-05-23 05:13:10 INFO  ApacheHttpClient.sendEvent(469) - responseCode = 200
2018-05-23 05:14:10 INFO  ApacheHttpClient.sendEvent(469) - responseCode = 200
2018-05-23 05:15:10 INFO  ApacheHttpClient.sendEvent(469) - responseCode = 200
2018-05-23 05:16:10 INFO  ApacheHttpClient.sendEvent(469) - responseCode = 200
2018-05-23 05:17:10 INFO  ApacheHttpClient.sendEvent(469) - responseCode = 200
2018-05-23 05:18:10 INFO  ApacheHttpClient.sendEvent(469) - responseCode = 200
2018-05-23 05:18:46 INFO  ApacheHttpClient.getWebResourceAsStream(436) - responseCode = 200
2018-05-23 05:18:47 INFO  ApacheHttpClient.getWebResourceAsStream(436) - responseCode = 200
2018-05-23 05:18:47 INFO  ApacheHttpClient.getTask(421) - responseCode = 200
2018-05-23 05:18:49 INFO  ApacheHttpClient.completed(27) - responseCode = 200
2018-05-23 05:19:10 INFO  ApacheHttpClient.sendEvent(469) - responseCode = 200
2018-05-23 05:20:10 INFO  ApacheHttpClient.sendEvent(469) - responseCode = 200
2018-05-23 05:20:14 INFO  ApacheHttpClient.getWebResourceAsStream(436) - responseCode = 200
2018-05-23 05:20:14 INFO  ApacheHttpClient.getWebResourceAsStream(436) - responseCode = 200
2018-05-23 05:20:14 INFO  ApacheHttpClient.getTask(421) - responseCode = 200
2018-05-23 05:20:17 INFO  ApacheHttpClient.completed(27) - responseCode = 200
2018-05-23 05:21:10 INFO  ApacheHttpClient.sendEvent(469) - responseCode = 200
2018-05-23 05:21:19 INFO  ApacheHttpClient.getWebResourceAsStream(436) - responseCode = 200
2018-05-23 05:21:20 INFO  ApacheHttpClient.getWebResourceAsStream(436) - responseCode = 200
2018-05-23 05:21:20 INFO  ApacheHttpClient.getTask(421) - responseCode = 200
2018-05-23 05:21:23 INFO  ApacheHttpClient.completed(27) - responseCode = 200
2018-05-23 05:21:23 INFO  ApacheHttpClient.getTask(421) - responseCode = 200
2018-05-23 05:22:10 INFO  ApacheHttpClient.sendEvent(469) - responseCode = 200
2018-05-24 06:53:28 ERROR ApacheHttpClient.processExceptionSendEvent(102) - (super) Ошибка во время отправки ивента на сервер.
2018-05-24 06:54:12 ERROR ApacheHttpClient.processExceptionSendEvent(102) - (super) Ошибка во время отправки ивента на сервер.
2018-05-24 06:54:15 ERROR ApacheHttpClient.isServerUpdatesNow(496) - Ошибка во время проверки доступности сервера. : java.util.concurrent.ExecutionException
2018-05-24 06:54:15 WARN  SelectTaskButton.checkServerAvailable(68) - Сервер Javarush обновляется. Подождите немного, перезапустите IntelliJ IDEA и повторите попытку.
2018-05-24 06:54:26 INFO  ApacheHttpClient.getWebResourceAsStream(436) - responseCode = 200
2018-05-24 06:54:26 INFO  ApacheHttpClient.getFilteredTasks(323) - responseCode = 200
2018-05-24 06:54:28 INFO  ApacheHttpClient.getTaskTemplateInfo(340) - responseCode = 200
2018-05-24 06:54:30 INFO  ApacheHttpClient.testConnection(187) - responseCode = 200
2018-05-24 06:54:30 INFO  ApacheHttpClient.testConnection(195) - result = true
2018-05-24 06:54:30 INFO  ApacheHttpClient.testConnection(187) - responseCode = 200
2018-05-24 06:54:30 INFO  ApacheHttpClient.testConnection(195) - result = true
2018-05-24 06:54:30 INFO  ApacheHttpClient.getWebResourceAsStream(436) - responseCode = 200
2018-05-24 06:55:12 INFO  ApacheHttpClient.sendEvent(469) - responseCode = 200
2018-05-24 06:56:12 INFO  ApacheHttpClient.sendEvent(469) - responseCode = 200
2018-05-24 06:57:12 INFO  ApacheHttpClient.sendEvent(469) - responseCode = 200
2018-05-24 06:58:12 INFO  ApacheHttpClient.sendEvent(469) - responseCode = 200
2018-05-24 06:59:12 INFO  ApacheHttpClient.sendEvent(469) - responseCode = 200
2018-05-24 07:00:12 INFO  ApacheHttpClient.sendEvent(469) - responseCode = 200
2018-05-24 07:01:12 INFO  ApacheHttpClient.sendEvent(469) - responseCode = 200
2018-05-24 07:01:51 INFO  ApacheHttpClient.getWebResourceAsStream(436) - responseCode = 200
2018-05-24 07:01:51 INFO  ApacheHttpClient.getWebResourceAsStream(436) - responseCode = 200
2018-05-24 07:01:52 INFO  ApacheHttpClient.getTask(421) - responseCode = 200
2018-05-24 07:01:53 INFO  ApacheHttpClient.completed(27) - responseCode = 200
2018-05-24 07:02:12 INFO  ApacheHttpClient.sendEvent(469) - responseCode = 200
2018-05-24 07:02:17 INFO  ApacheHttpClient.getWebResourceAsStream(436) - responseCode = 200
2018-05-24 07:02:18 INFO  ApacheHttpClient.getWebResourceAsStream(436) - responseCode = 200
2018-05-24 07:02:18 INFO  ApacheHttpClient.getTask(421) - responseCode = 200
2018-05-24 07:02:20 INFO  ApacheHttpClient.completed(27) - responseCode = 200
2018-05-24 07:03:12 INFO  ApacheHttpClient.sendEvent(469) - responseCode = 200
2018-05-24 07:03:13 INFO  ApacheHttpClient.getWebResourceAsStream(436) - responseCode = 200
2018-05-24 07:03:13 WARN  JavaRushUtil.getCurrentTask(66) - Ошибка получения ключа задачи.
2018-05-24 07:03:13 WARN  JavaRushUtil.getCurrentDirectory(97) - Ошибка получения текущей директории.
2018-05-24 07:03:13 WARN  JavaRushUtil.getCurrentDirectory(97) - Ошибка получения текущей директории.
2018-05-24 07:03:13 INFO  ApacheHttpClient.getTask(421) - responseCode = 200
2018-05-24 07:03:13 INFO  ApacheHttpClient.getWebResourceAsStream(436) - responseCode = 200
2018-05-24 07:03:14 INFO  ApacheHttpClient.getTask(421) - responseCode = 200
2018-05-24 07:03:16 INFO  ApacheHttpClient.completed(27) - responseCode = 200
2018-05-24 07:03:45 INFO  ApacheHttpClient.getWebResourceAsStream(436) - responseCode = 200
2018-05-24 07:03:46 INFO  ApacheHttpClient.getWebResourceAsStream(436) - responseCode = 200
2018-05-24 07:03:46 INFO  ApacheHttpClient.getTask(421) - responseCode = 200
2018-05-24 07:03:48 INFO  ApacheHttpClient.completed(27) - responseCode = 200
2018-05-24 07:04:12 INFO  ApacheHttpClient.sendEvent(469) - responseCode = 200
2018-05-24 07:05:12 INFO  ApacheHttpClient.sendEvent(469) - responseCode = 200
2018-05-24 07:06:08 INFO  ApacheHttpClient.getWebResourceAsStream(436) - responseCode = 200
2018-05-24 07:06:09 INFO  ApacheHttpClient.getWebResourceAsStream(436) - responseCode = 200
2018-05-24 07:06:09 INFO  ApacheHttpClient.getTask(421) - responseCode = 200
2018-05-24 07:06:11 INFO  ApacheHttpClient.completed(27) - responseCode = 200
2018-05-24 07:06:12 INFO  ApacheHttpClient.sendEvent(469) - responseCode = 200
2018-05-24 07:07:12 INFO  ApacheHttpClient.sendEvent(469) - responseCode = 200
2018-05-24 07:08:12 INFO  ApacheHttpClient.sendEvent(469) - responseCode = 200
2018-05-24 07:09:12 INFO  ApacheHttpClient.sendEvent(469) - responseCode = 200
2018-05-24 07:10:12 INFO  ApacheHttpClient.sendEvent(469) - responseCode = 200
2018-05-24 07:10:50 INFO  ApacheHttpClient.getWebResourceAsStream(436) - responseCode = 200
2018-05-24 07:10:50 INFO  ApacheHttpClient.getWebResourceAsStream(436) - responseCode = 200
2018-05-24 07:10:51 INFO  ApacheHttpClient.getTask(421) - responseCode = 200
2018-05-24 07:10:53 INFO  ApacheHttpClient.completed(27) - responseCode = 200
2018-05-24 07:11:12 INFO  ApacheHttpClient.sendEvent(469) - responseCode = 200
2018-05-24 07:12:12 INFO  ApacheHttpClient.sendEvent(469) - responseCode = 200
2018-05-24 07:13:08 INFO  ApacheHttpClient.getWebResourceAsStream(436) - responseCode = 200
2018-05-24 07:13:08 INFO  ApacheHttpClient.getWebResourceAsStream(436) - responseCode = 200
2018-05-24 07:13:08 INFO  ApacheHttpClient.getTask(421) - responseCode = 200
2018-05-24 07:13:11 INFO  ApacheHttpClient.completed(27) - responseCode = 200
2018-05-24 07:13:12 INFO  ApacheHttpClient.sendEvent(469) - responseCode = 200
2018-05-24 07:13:35 INFO  ApacheHttpClient.getWebResourceAsStream(436) - responseCode = 200
2018-05-24 07:13:36 INFO  ApacheHttpClient.getWebResourceAsStream(436) - responseCode = 200
2018-05-24 07:13:36 INFO  ApacheHttpClient.getTask(421) - responseCode = 200
2018-05-24 07:13:38 INFO  ApacheHttpClient.completed(27) - responseCode = 200
2018-05-24 07:13:39 INFO  ApacheHttpClient.getTask(421) - responseCode = 200
2018-05-24 07:14:01 INFO  ApacheHttpClient.getWebResourceAsStream(436) - responseCode = 200
2018-05-24 07:14:01 INFO  ApacheHttpClient.getFilteredTasks(323) - responseCode = 200
2018-05-24 07:14:03 INFO  ApacheHttpClient.getTaskTemplateInfo(340) - responseCode = 200
2018-05-24 07:14:05 INFO  ApacheHttpClient.testConnection(187) - responseCode = 200
2018-05-24 07:14:05 INFO  ApacheHttpClient.testConnection(195) - result = true
2018-05-24 07:14:05 INFO  ApacheHttpClient.testConnection(187) - responseCode = 200
2018-05-24 07:14:05 INFO  ApacheHttpClient.testConnection(195) - result = true
2018-05-24 07:14:05 INFO  ApacheHttpClient.getWebResourceAsStream(436) - responseCode = 200
2018-05-24 07:14:12 INFO  ApacheHttpClient.sendEvent(469) - responseCode = 200
2018-05-24 07:15:12 INFO  ApacheHttpClient.sendEvent(469) - responseCode = 200
2018-05-24 07:16:12 INFO  ApacheHttpClient.sendEvent(469) - responseCode = 200
2018-05-24 07:17:12 INFO  ApacheHttpClient.sendEvent(469) - responseCode = 200
2018-05-24 07:18:12 INFO  ApacheHttpClient.sendEvent(469) - responseCode = 200
2018-05-24 07:19:12 INFO  ApacheHttpClient.sendEvent(469) - responseCode = 200
2018-05-24 07:20:12 INFO  ApacheHttpClient.sendEvent(469) - responseCode = 200
2018-05-24 07:21:12 INFO  ApacheHttpClient.sendEvent(469) - responseCode = 200
2018-05-24 07:22:12 INFO  ApacheHttpClient.sendEvent(469) - responseCode = 200
2018-05-24 07:23:12 INFO  ApacheHttpClient.sendEvent(469) - responseCode = 200
2018-05-24 07:24:12 INFO  ApacheHttpClient.sendEvent(469) - responseCode = 200
2018-05-24 07:25:12 INFO  ApacheHttpClient.sendEvent(469) - responseCode = 200
2018-05-24 07:26:12 INFO  ApacheHttpClient.sendEvent(469) - responseCode = 200
2018-05-24 07:27:12 INFO  ApacheHttpClient.sendEvent(469) - responseCode = 200
2018-05-24 07:28:12 INFO  ApacheHttpClient.sendEvent(469) - responseCode = 200
2018-05-24 07:29:12 INFO  ApacheHttpClient.sendEvent(469) - responseCode = 200
2018-05-24 07:30:12 INFO  ApacheHttpClient.sendEvent(469) - responseCode = 200
2018-05-24 07:31:12 INFO  ApacheHttpClient.sendEvent(469) - responseCode = 200
2018-05-24 07:32:12 INFO  ApacheHttpClient.sendEvent(469) - responseCode = 200
2018-05-24 07:33:12 INFO  ApacheHttpClient.sendEvent(469) - responseCode = 200
2018-05-24 07:34:12 INFO  ApacheHttpClient.sendEvent(469) - responseCode = 200
2018-05-24 07:35:12 INFO  ApacheHttpClient.sendEvent(469) - responseCode = 200
2018-05-24 07:36:12 INFO  ApacheHttpClient.sendEvent(469) - responseCode = 200
2018-05-24 07:37:12 INFO  ApacheHttpClient.sendEvent(469) - responseCode = 200
2018-05-24 07:38:12 INFO  ApacheHttpClient.sendEvent(469) - responseCode = 200
2018-05-24 07:39:12 INFO  ApacheHttpClient.sendEvent(469) - responseCode = 200
2018-05-24 07:40:12 INFO  ApacheHttpClient.sendEvent(469) - responseCode = 200
2018-05-24 07:41:12 INFO  ApacheHttpClient.sendEvent(469) - responseCode = 200
2018-05-24 07:42:12 INFO  ApacheHttpClient.sendEvent(469) - responseCode = 200
2018-05-24 07:43:12 INFO  ApacheHttpClient.sendEvent(469) - responseCode = 200
2018-05-24 07:44:12 INFO  ApacheHttpClient.sendEvent(469) - responseCode = 200
2018-05-24 07:45:12 INFO  ApacheHttpClient.sendEvent(469) - responseCode = 200
2018-05-24 07:46:12 INFO  ApacheHttpClient.sendEvent(469) - responseCode = 200
2018-05-24 07:47:12 INFO  ApacheHttpClient.sendEvent(469) - responseCode = 200
2018-05-24 07:48:12 INFO  ApacheHttpClient.sendEvent(469) - responseCode = 200
2018-05-24 07:49:12 INFO  ApacheHttpClient.sendEvent(469) - responseCode = 200
2018-05-24 07:50:11 INFO  ApacheHttpClient.getWebResourceAsStream(436) - responseCode = 200
2018-05-24 07:50:12 INFO  ApacheHttpClient.getWebResourceAsStream(436) - responseCode = 200
2018-05-24 07:50:12 INFO  ApacheHttpClient.getTask(421) - responseCode = 200
2018-05-24 07:50:12 INFO  ApacheHttpClient.sendEvent(469) - responseCode = 200
2018-05-24 07:50:16 INFO  ApacheHttpClient.completed(27) - responseCode = 200
2018-05-24 07:51:12 INFO  ApacheHttpClient.sendEvent(469) - responseCode = 200
2018-05-24 07:51:27 INFO  ApacheHttpClient.getWebResourceAsStream(436) - responseCode = 200
2018-05-24 07:51:27 WARN  JavaRushUtil.getCurrentTask(66) - Ошибка получения ключа задачи.
2018-05-24 07:51:27 WARN  JavaRushUtil.getCurrentDirectory(97) - Ошибка получения текущей директории.
2018-05-24 07:51:27 WARN  JavaRushUtil.getCurrentDirectory(97) - Ошибка получения текущей директории.
2018-05-24 07:51:27 INFO  ApacheHttpClient.getTask(421) - responseCode = 200
2018-05-24 07:51:27 INFO  ApacheHttpClient.getWebResourceAsStream(436) - responseCode = 200
2018-05-24 07:51:27 INFO  ApacheHttpClient.getTask(421) - responseCode = 200
2018-05-24 07:51:29 INFO  ApacheHttpClient.completed(27) - responseCode = 200
2018-05-24 07:52:12 INFO  ApacheHttpClient.sendEvent(469) - responseCode = 200
2018-05-24 07:53:12 INFO  ApacheHttpClient.sendEvent(469) - responseCode = 200
2018-05-24 07:54:12 INFO  ApacheHttpClient.sendEvent(469) - responseCode = 200
2018-05-24 07:55:12 INFO  ApacheHttpClient.sendEvent(469) - responseCode = 200
2018-05-24 07:56:12 INFO  ApacheHttpClient.sendEvent(469) - responseCode = 200
2018-05-24 07:57:12 INFO  ApacheHttpClient.sendEvent(469) - responseCode = 200
2018-05-24 07:58:12 INFO  ApacheHttpClient.sendEvent(469) - responseCode = 200
2018-05-24 07:59:12 INFO  ApacheHttpClient.sendEvent(469) - responseCode = 200
2018-05-24 07:59:31 INFO  ApacheHttpClient.getWebResourceAsStream(436) - responseCode = 200
2018-05-24 07:59:31 WARN  JavaRushUtil.getCurrentTask(66) - Ошибка получения ключа задачи.
2018-05-24 07:59:31 WARN  JavaRushUtil.getCurrentDirectory(97) - Ошибка получения текущей директории.
2018-05-24 07:59:31 WARN  JavaRushUtil.getCurrentDirectory(97) - Ошибка получения текущей директории.
2018-05-24 07:59:31 INFO  ApacheHttpClient.getTask(421) - responseCode = 200
2018-05-24 07:59:31 INFO  ApacheHttpClient.getWebResourceAsStream(436) - responseCode = 200
2018-05-24 07:59:32 INFO  ApacheHttpClient.getTask(421) - responseCode = 200
2018-05-24 07:59:35 INFO  ApacheHttpClient.completed(27) - responseCode = 200
2018-05-24 08:00:12 INFO  ApacheHttpClient.sendEvent(469) - responseCode = 200
2018-05-24 08:01:12 INFO  ApacheHttpClient.sendEvent(469) - responseCode = 200
2018-05-24 08:02:12 INFO  ApacheHttpClient.sendEvent(469) - responseCode = 200
2018-05-24 08:03:12 INFO  ApacheHttpClient.sendEvent(469) - responseCode = 200
2018-05-24 08:03:45 INFO  ApacheHttpClient.getWebResourceAsStream(436) - responseCode = 200
2018-05-24 08:03:45 INFO  ApacheHttpClient.getWebResourceAsStream(436) - responseCode = 200
2018-05-24 08:03:45 INFO  ApacheHttpClient.getTask(421) - responseCode = 200
2018-05-24 08:03:48 INFO  ApacheHttpClient.completed(27) - responseCode = 200
2018-05-24 08:04:12 INFO  ApacheHttpClient.sendEvent(469) - responseCode = 200
2018-05-24 08:05:12 INFO  ApacheHttpClient.sendEvent(469) - responseCode = 200
2018-05-24 08:05:32 INFO  ApacheHttpClient.getWebResourceAsStream(436) - responseCode = 200
2018-05-24 08:05:32 INFO  ApacheHttpClient.getWebResourceAsStream(436) - responseCode = 200
2018-05-24 08:05:33 INFO  ApacheHttpClient.getTask(421) - responseCode = 200
2018-05-24 08:05:36 INFO  ApacheHttpClient.completed(27) - responseCode = 200
2018-05-24 08:06:12 INFO  ApacheHttpClient.sendEvent(469) - responseCode = 200
2018-05-24 08:07:12 INFO  ApacheHttpClient.sendEvent(469) - responseCode = 200
2018-05-24 08:07:13 INFO  ApacheHttpClient.getWebResourceAsStream(436) - responseCode = 200
2018-05-24 08:07:14 INFO  ApacheHttpClient.getWebResourceAsStream(436) - responseCode = 200
2018-05-24 08:07:14 INFO  ApacheHttpClient.getTask(421) - responseCode = 200
2018-05-24 08:07:17 INFO  ApacheHttpClient.completed(27) - responseCode = 200
2018-05-24 08:08:12 INFO  ApacheHttpClient.sendEvent(469) - responseCode = 200
2018-05-24 08:09:12 INFO  ApacheHttpClient.sendEvent(469) - responseCode = 200
2018-05-24 08:10:12 INFO  ApacheHttpClient.sendEvent(469) - responseCode = 200
2018-05-24 08:11:12 INFO  ApacheHttpClient.sendEvent(469) - responseCode = 200
2018-05-24 08:12:12 INFO  ApacheHttpClient.sendEvent(469) - responseCode = 200
2018-05-24 08:13:12 INFO  ApacheHttpClient.sendEvent(469) - responseCode = 200
2018-05-24 08:14:12 INFO  ApacheHttpClient.sendEvent(469) - responseCode = 200
2018-05-24 08:15:12 INFO  ApacheHttpClient.sendEvent(469) - responseCode = 200
2018-05-24 08:16:12 INFO  ApacheHttpClient.sendEvent(469) - responseCode = 200
2018-05-24 08:17:12 INFO  ApacheHttpClient.sendEvent(469) - responseCode = 200
2018-05-24 08:18:12 INFO  ApacheHttpClient.sendEvent(469) - responseCode = 200
2018-05-24 08:19:12 INFO  ApacheHttpClient.sendEvent(469) - responseCode = 200
2018-05-24 08:19:36 INFO  ApacheHttpClient.getWebResourceAsStream(436) - responseCode = 200
2018-05-24 08:19:36 INFO  ApacheHttpClient.getWebResourceAsStream(436) - responseCode = 200
2018-05-24 08:19:36 INFO  ApacheHttpClient.getTask(421) - responseCode = 200
2018-05-24 08:19:39 INFO  ApacheHttpClient.completed(27) - responseCode = 200
2018-05-24 08:19:39 INFO  ApacheHttpClient.getTask(421) - responseCode = 200
2018-05-24 08:19:54 INFO  ApacheHttpClient.getWebResourceAsStream(436) - responseCode = 200
2018-05-24 08:19:54 INFO  ApacheHttpClient.getFilteredTasks(323) - responseCode = 200
2018-05-24 08:19:55 INFO  ApacheHttpClient.getTaskTemplateInfo(340) - responseCode = 200
2018-05-24 08:19:57 INFO  ApacheHttpClient.testConnection(187) - responseCode = 200
2018-05-24 08:19:57 INFO  ApacheHttpClient.testConnection(195) - result = true
2018-05-24 08:19:57 INFO  ApacheHttpClient.testConnection(187) - responseCode = 200
2018-05-24 08:19:57 INFO  ApacheHttpClient.testConnection(195) - result = true
2018-05-24 08:19:58 INFO  ApacheHttpClient.getWebResourceAsStream(436) - responseCode = 200
2018-05-24 08:20:12 INFO  ApacheHttpClient.sendEvent(469) - responseCode = 200
2018-05-24 08:21:12 INFO  ApacheHttpClient.sendEvent(469) - responseCode = 200
2018-05-24 08:22:12 INFO  ApacheHttpClient.sendEvent(469) - responseCode = 200
2018-05-24 08:23:12 INFO  ApacheHttpClient.sendEvent(469) - responseCode = 200
2018-05-24 08:24:12 INFO  ApacheHttpClient.sendEvent(469) - responseCode = 200
2018-05-24 08:25:12 INFO  ApacheHttpClient.sendEvent(469) - responseCode = 200
2018-05-24 08:26:12 INFO  ApacheHttpClient.sendEvent(469) - responseCode = 200
2018-05-24 08:27:12 INFO  ApacheHttpClient.sendEvent(469) - responseCode = 200
2018-05-24 08:28:12 INFO  ApacheHttpClient.sendEvent(469) - responseCode = 200
2018-05-24 08:29:12 INFO  ApacheHttpClient.sendEvent(469) - responseCode = 200
2018-05-24 08:29:26 INFO  ApacheHttpClient.getWebResourceAsStream(436) - responseCode = 200
2018-05-24 08:29:27 INFO  ApacheHttpClient.getWebResourceAsStream(436) - responseCode = 200
2018-05-24 08:29:27 INFO  ApacheHttpClient.getTask(421) - responseCode = 200
2018-05-24 08:29:30 INFO  ApacheHttpClient.completed(27) - responseCode = 200
2018-05-24 08:30:12 INFO  ApacheHttpClient.sendEvent(469) - responseCode = 200
2018-05-24 08:31:12 INFO  ApacheHttpClient.sendEvent(469) - responseCode = 200
2018-05-24 08:32:12 INFO  ApacheHttpClient.sendEvent(469) - responseCode = 200
2018-05-24 08:32:34 INFO  ApacheHttpClient.getWebResourceAsStream(436) - responseCode = 200
2018-05-24 08:32:34 INFO  ApacheHttpClient.getWebResourceAsStream(436) - responseCode = 200
2018-05-24 08:32:35 INFO  ApacheHttpClient.getTask(421) - responseCode = 200
2018-05-24 08:32:37 INFO  ApacheHttpClient.completed(27) - responseCode = 200
2018-05-24 08:33:12 INFO  ApacheHttpClient.sendEvent(469) - responseCode = 200
2018-05-24 08:33:57 INFO  ApacheHttpClient.getWebResourceAsStream(436) - responseCode = 200
2018-05-24 08:33:58 INFO  ApacheHttpClient.getWebResourceAsStream(436) - responseCode = 200
2018-05-24 08:33:58 INFO  ApacheHttpClient.getTask(421) - responseCode = 200
2018-05-24 08:34:00 INFO  ApacheHttpClient.completed(27) - responseCode = 200
2018-05-24 08:34:12 INFO  ApacheHttpClient.sendEvent(469) - responseCode = 200
2018-05-24 08:35:00 INFO  ApacheHttpClient.getWebResourceAsStream(436) - responseCode = 200
2018-05-24 08:35:00 INFO  ApacheHttpClient.getWebResourceAsStream(436) - responseCode = 200
2018-05-24 08:35:00 INFO  ApacheHttpClient.getTask(421) - responseCode = 200
2018-05-24 08:35:03 INFO  ApacheHttpClient.completed(27) - responseCode = 200
2018-05-24 08:35:12 INFO  ApacheHttpClient.sendEvent(469) - responseCode = 200
2018-05-24 08:35:38 INFO  ApacheHttpClient.getWebResourceAsStream(436) - responseCode = 200
2018-05-24 08:35:38 INFO  ApacheHttpClient.getWebResourceAsStream(436) - responseCode = 200
2018-05-24 08:35:38 INFO  ApacheHttpClient.getTask(421) - responseCode = 200
2018-05-24 08:35:41 INFO  ApacheHttpClient.completed(27) - responseCode = 200
2018-05-24 08:35:41 INFO  ApacheHttpClient.getTask(421) - responseCode = 200
2018-05-24 08:36:12 INFO  ApacheHttpClient.sendEvent(469) - responseCode = 200
2018-05-24 08:37:12 INFO  ApacheHttpClient.sendEvent(469) - responseCode = 200
2018-05-24 08:38:12 INFO  ApacheHttpClient.sendEvent(469) - responseCode = 200
2018-05-24 08:39:12 INFO  ApacheHttpClient.sendEvent(469) - responseCode = 200
2018-05-24 08:40:12 INFO  ApacheHttpClient.sendEvent(469) - responseCode = 200
2018-05-24 08:41:12 INFO  ApacheHttpClient.sendEvent(469) - responseCode = 200
2018-05-24 08:42:12 INFO  ApacheHttpClient.sendEvent(469) - responseCode = 200
2018-05-24 08:43:12 INFO  ApacheHttpClient.sendEvent(469) - responseCode = 200
2018-05-24 08:44:12 INFO  ApacheHttpClient.sendEvent(469) - responseCode = 200
2018-05-24 08:45:12 INFO  ApacheHttpClient.sendEvent(469) - responseCode = 200
2018-05-24 08:46:12 INFO  ApacheHttpClient.sendEvent(469) - responseCode = 200
2018-05-24 08:47:12 INFO  ApacheHttpClient.sendEvent(469) - responseCode = 200
2018-05-24 08:48:12 INFO  ApacheHttpClient.sendEvent(469) - responseCode = 200
2018-05-24 08:49:12 INFO  ApacheHttpClient.sendEvent(469) - responseCode = 200
2018-05-24 08:50:12 INFO  ApacheHttpClient.sendEvent(469) - responseCode = 200
2018-05-24 08:51:12 INFO  ApacheHttpClient.sendEvent(469) - responseCode = 200
2018-05-24 08:52:12 INFO  ApacheHttpClient.sendEvent(469) - responseCode = 200
2018-05-24 08:53:12 INFO  ApacheHttpClient.sendEvent(469) - responseCode = 200
2018-05-24 08:54:12 INFO  ApacheHttpClient.sendEvent(469) - responseCode = 200
2018-05-24 08:55:12 INFO  ApacheHttpClient.sendEvent(469) - responseCode = 200
2018-05-24 08:56:12 INFO  ApacheHttpClient.sendEvent(469) - responseCode = 200
2018-05-24 08:57:12 INFO  ApacheHttpClient.sendEvent(469) - responseCode = 200
2018-05-24 08:58:12 INFO  ApacheHttpClient.sendEvent(469) - responseCode = 200
2018-05-24 08:59:12 INFO  ApacheHttpClient.sendEvent(469) - responseCode = 200
2018-05-24 09:00:12 INFO  ApacheHttpClient.sendEvent(469) - responseCode = 200
2018-05-24 09:01:12 INFO  ApacheHttpClient.sendEvent(469) - responseCode = 200
2018-05-24 09:02:12 INFO  ApacheHttpClient.sendEvent(469) - responseCode = 200
2018-05-24 09:03:12 INFO  ApacheHttpClient.sendEvent(469) - responseCode = 200
2018-05-24 09:04:12 INFO  ApacheHttpClient.sendEvent(469) - responseCode = 200
2018-05-24 09:05:12 INFO  ApacheHttpClient.sendEvent(469) - responseCode = 200
2018-05-24 09:06:12 INFO  ApacheHttpClient.sendEvent(469) - responseCode = 200
2018-05-24 09:07:12 INFO  ApacheHttpClient.sendEvent(469) - responseCode = 200
2018-05-24 09:08:12 INFO  ApacheHttpClient.sendEvent(469) - responseCode = 200
2018-05-24 09:09:12 INFO  ApacheHttpClient.sendEvent(469) - responseCode = 200
2018-05-24 09:10:12 INFO  ApacheHttpClient.sendEvent(469) - responseCode = 200
2018-05-24 09:11:12 INFO  ApacheHttpClient.sendEvent(469) - responseCode = 200
2018-05-24 09:12:12 INFO  ApacheHttpClient.sendEvent(469) - responseCode = 200
2018-05-24 09:13:12 INFO  ApacheHttpClient.sendEvent(469) - responseCode = 200
2018-05-24 09:14:12 INFO  ApacheHttpClient.sendEvent(469) - responseCode = 200
2018-05-24 09:15:12 INFO  ApacheHttpClient.sendEvent(469) - responseCode = 200
2018-05-24 09:16:12 INFO  ApacheHttpClient.sendEvent(469) - responseCode = 200
2018-05-24 09:17:12 INFO  ApacheHttpClient.sendEvent(469) - responseCode = 200
2018-05-24 09:18:12 INFO  ApacheHttpClient.sendEvent(469) - responseCode = 200
2018-05-24 09:19:12 INFO  ApacheHttpClient.sendEvent(469) - responseCode = 200
2018-05-24 09:20:12 INFO  ApacheHttpClient.sendEvent(469) - responseCode = 200
2018-05-24 09:21:12 INFO  ApacheHttpClient.sendEvent(469) - responseCode = 200
2018-05-24 09:22:12 INFO  ApacheHttpClient.sendEvent(469) - responseCode = 200
2018-05-24 09:23:12 INFO  ApacheHttpClient.sendEvent(469) - responseCode = 200
2018-05-24 09:24:12 INFO  ApacheHttpClient.sendEvent(469) - responseCode = 200
2018-05-24 09:25:12 INFO  ApacheHttpClient.sendEvent(469) - responseCode = 200
2018-05-24 09:26:12 INFO  ApacheHttpClient.sendEvent(469) - responseCode = 200
2018-05-24 09:27:12 INFO  ApacheHttpClient.sendEvent(469) - responseCode = 200
2018-05-24 09:28:12 INFO  ApacheHttpClient.sendEvent(469) - responseCode = 200
2018-05-24 09:29:12 INFO  ApacheHttpClient.sendEvent(469) - responseCode = 200
2018-05-24 09:30:12 INFO  ApacheHttpClient.sendEvent(469) - responseCode = 200
2018-05-24 09:31:12 INFO  ApacheHttpClient.sendEvent(469) - responseCode = 200
2018-05-24 09:32:12 INFO  ApacheHttpClient.sendEvent(469) - responseCode = 200
2018-05-24 09:33:12 INFO  ApacheHttpClient.sendEvent(469) - responseCode = 200
2018-05-24 09:34:12 INFO  ApacheHttpClient.sendEvent(469) - responseCode = 200
2018-05-24 09:35:12 INFO  ApacheHttpClient.sendEvent(469) - responseCode = 200
2018-05-24 09:36:12 INFO  ApacheHttpClient.sendEvent(469) - responseCode = 200
2018-05-24 09:37:12 INFO  ApacheHttpClient.sendEvent(469) - responseCode = 200
2018-05-24 09:38:12 INFO  ApacheHttpClient.sendEvent(469) - responseCode = 200
2018-05-24 09:39:12 INFO  ApacheHttpClient.sendEvent(469) - responseCode = 200
2018-05-24 09:39:44 INFO  ApacheHttpClient.getWebResourceAsStream(436) - responseCode = 200
2018-05-24 09:39:44 INFO  ApacheHttpClient.getFilteredTasks(323) - responseCode = 200
2018-05-24 09:39:46 INFO  ApacheHttpClient.getTaskTemplateInfo(340) - responseCode = 200
2018-05-24 09:39:46 INFO  ApacheHttpClient.testConnection(187) - responseCode = 200
2018-05-24 09:39:46 INFO  ApacheHttpClient.testConnection(195) - result = true
2018-05-24 09:39:46 INFO  ApacheHttpClient.testConnection(187) - responseCode = 200
2018-05-24 09:39:46 INFO  ApacheHttpClient.testConnection(195) - result = true
2018-05-24 09:39:46 INFO  ApacheHttpClient.getWebResourceAsStream(436) - responseCode = 200
2018-05-24 09:40:12 INFO  ApacheHttpClient.sendEvent(469) - responseCode = 200
2018-05-24 09:41:12 INFO  ApacheHttpClient.sendEvent(469) - responseCode = 200
2018-05-24 09:42:12 INFO  ApacheHttpClient.sendEvent(469) - responseCode = 200
2018-05-24 09:43:12 INFO  ApacheHttpClient.sendEvent(469) - responseCode = 200
2018-05-24 09:44:12 INFO  ApacheHttpClient.sendEvent(469) - responseCode = 200
2018-05-24 09:44:22 INFO  ApacheHttpClient.getWebResourceAsStream(436) - responseCode = 200
2018-05-24 09:44:23 INFO  ApacheHttpClient.getWebResourceAsStream(436) - responseCode = 200
2018-05-24 09:44:23 INFO  ApacheHttpClient.getTask(421) - responseCode = 200
2018-05-24 09:44:25 INFO  ApacheHttpClient.completed(27) - responseCode = 200
2018-05-24 09:45:12 INFO  ApacheHttpClient.sendEvent(469) - responseCode = 200
2018-05-24 09:45:23 INFO  ApacheHttpClient.getWebResourceAsStream(436) - responseCode = 200
2018-05-24 09:45:24 INFO  ApacheHttpClient.getWebResourceAsStream(436) - responseCode = 200
2018-05-24 09:45:24 INFO  ApacheHttpClient.getTask(421) - responseCode = 200
2018-05-24 09:45:26 INFO  ApacheHttpClient.completed(27) - responseCode = 200
2018-05-24 09:45:26 INFO  ApacheHttpClient.getTask(421) - responseCode = 200
2018-05-24 09:45:30 INFO  ApacheHttpClient.getWebResourceAsStream(436) - responseCode = 200
2018-05-24 09:45:30 INFO  ApacheHttpClient.getFilteredTasks(323) - responseCode = 200
2018-05-24 09:45:31 INFO  ApacheHttpClient.getTaskTemplateInfo(340) - responseCode = 200
2018-05-24 09:45:31 INFO  ApacheHttpClient.testConnection(187) - responseCode = 200
2018-05-24 09:45:31 INFO  ApacheHttpClient.testConnection(195) - result = true
2018-05-24 09:45:31 INFO  ApacheHttpClient.testConnection(187) - responseCode = 200
2018-05-24 09:45:31 INFO  ApacheHttpClient.testConnection(195) - result = true
2018-05-24 09:45:31 INFO  ApacheHttpClient.getWebResourceAsStream(436) - responseCode = 200
2018-05-24 09:46:12 INFO  ApacheHttpClient.sendEvent(469) - responseCode = 200
2018-05-24 09:47:12 INFO  ApacheHttpClient.sendEvent(469) - responseCode = 200
2018-05-24 09:48:12 INFO  ApacheHttpClient.sendEvent(469) - responseCode = 200
2018-05-24 09:48:34 INFO  ApacheHttpClient.getWebResourceAsStream(436) - responseCode = 200
2018-05-24 09:48:34 INFO  ApacheHttpClient.getWebResourceAsStream(436) - responseCode = 200
2018-05-24 09:48:35 INFO  ApacheHttpClient.getTask(421) - responseCode = 200
2018-05-24 09:48:36 INFO  ApacheHttpClient.completed(27) - responseCode = 200
2018-05-24 09:49:12 INFO  ApacheHttpClient.sendEvent(469) - responseCode = 200
2018-05-24 09:50:12 INFO  ApacheHttpClient.sendEvent(469) - responseCode = 200
2018-05-24 09:50:36 INFO  ApacheHttpClient.getWebResourceAsStream(436) - responseCode = 200
2018-05-24 09:50:37 INFO  ApacheHttpClient.getWebResourceAsStream(436) - responseCode = 200
2018-05-24 09:50:37 INFO  ApacheHttpClient.getTask(421) - responseCode = 200
2018-05-24 09:50:38 INFO  ApacheHttpClient.completed(27) - responseCode = 200
2018-05-24 09:51:12 INFO  ApacheHttpClient.sendEvent(469) - responseCode = 200
2018-05-24 09:51:57 INFO  ApacheHttpClient.getWebResourceAsStream(436) - responseCode = 200
2018-05-24 09:51:57 INFO  ApacheHttpClient.getWebResourceAsStream(436) - responseCode = 200
2018-05-24 09:51:57 INFO  ApacheHttpClient.getTask(421) - responseCode = 200
2018-05-24 09:51:59 INFO  ApacheHttpClient.completed(27) - responseCode = 200
2018-05-24 09:52:12 INFO  ApacheHttpClient.sendEvent(469) - responseCode = 200
2018-05-24 09:52:37 INFO  ApacheHttpClient.getWebResourceAsStream(436) - responseCode = 200
2018-05-24 09:52:38 INFO  ApacheHttpClient.getWebResourceAsStream(436) - responseCode = 200
2018-05-24 09:52:38 INFO  ApacheHttpClient.getTask(421) - responseCode = 200
2018-05-24 09:52:40 INFO  ApacheHttpClient.completed(27) - responseCode = 200
2018-05-24 09:53:12 INFO  ApacheHttpClient.sendEvent(469) - responseCode = 200
2018-05-24 09:53:34 INFO  ApacheHttpClient.getWebResourceAsStream(436) - responseCode = 200
2018-05-24 09:53:35 INFO  ApacheHttpClient.getWebResourceAsStream(436) - responseCode = 200
2018-05-24 09:53:35 INFO  ApacheHttpClient.getTask(421) - responseCode = 200
2018-05-24 09:53:37 INFO  ApacheHttpClient.completed(27) - responseCode = 200
2018-05-24 09:54:12 INFO  ApacheHttpClient.sendEvent(469) - responseCode = 200
2018-05-24 09:55:12 INFO  ApacheHttpClient.sendEvent(469) - responseCode = 200
2018-05-24 09:55:31 INFO  ApacheHttpClient.getWebResourceAsStream(436) - responseCode = 200
2018-05-24 09:55:33 INFO  ApacheHttpClient.getWebResourceAsStream(436) - responseCode = 200
2018-05-24 09:55:33 INFO  ApacheHttpClient.getTask(421) - responseCode = 200
2018-05-24 09:55:34 INFO  ApacheHttpClient.completed(27) - responseCode = 200
2018-05-24 09:56:12 INFO  ApacheHttpClient.sendEvent(469) - responseCode = 200
2018-05-24 09:57:12 INFO  ApacheHttpClient.sendEvent(469) - responseCode = 200
2018-05-24 09:57:40 INFO  ApacheHttpClient.getWebResourceAsStream(436) - responseCode = 200
2018-05-24 09:57:40 INFO  ApacheHttpClient.getWebResourceAsStream(436) - responseCode = 200
2018-05-24 09:57:40 INFO  ApacheHttpClient.getTask(421) - responseCode = 200
2018-05-24 09:57:42 INFO  ApacheHttpClient.completed(27) - responseCode = 200
2018-05-24 09:58:12 INFO  ApacheHttpClient.sendEvent(469) - responseCode = 200
2018-05-24 09:59:12 INFO  ApacheHttpClient.sendEvent(469) - responseCode = 200
2018-05-24 09:59:22 INFO  ApacheHttpClient.getWebResourceAsStream(436) - responseCode = 200
2018-05-24 09:59:22 INFO  ApacheHttpClient.getWebResourceAsStream(436) - responseCode = 200
2018-05-24 09:59:23 INFO  ApacheHttpClient.getTask(421) - responseCode = 200
2018-05-24 09:59:25 INFO  ApacheHttpClient.completed(27) - responseCode = 200
2018-05-24 10:00:12 INFO  ApacheHttpClient.sendEvent(469) - responseCode = 200
2018-05-24 10:01:12 INFO  ApacheHttpClient.sendEvent(469) - responseCode = 200
2018-05-24 10:02:12 INFO  ApacheHttpClient.sendEvent(469) - responseCode = 200
2018-05-24 10:02:23 INFO  ApacheHttpClient.getWebResourceAsStream(436) - responseCode = 200
2018-05-24 10:02:23 INFO  ApacheHttpClient.getWebResourceAsStream(436) - responseCode = 200
2018-05-24 10:02:24 INFO  ApacheHttpClient.getTask(421) - responseCode = 200
2018-05-24 10:02:25 INFO  ApacheHttpClient.completed(27) - responseCode = 200
2018-05-24 10:03:12 INFO  ApacheHttpClient.sendEvent(469) - responseCode = 200
2018-05-24 10:03:47 INFO  ApacheHttpClient.getWebResourceAsStream(436) - responseCode = 200
2018-05-24 10:03:47 INFO  ApacheHttpClient.getWebResourceAsStream(436) - responseCode = 200
2018-05-24 10:03:47 INFO  ApacheHttpClient.getTask(421) - responseCode = 200
2018-05-24 10:03:48 INFO  ApacheHttpClient.completed(27) - responseCode = 200
2018-05-24 10:04:12 INFO  ApacheHttpClient.sendEvent(469) - responseCode = 200
2018-05-24 10:04:39 INFO  ApacheHttpClient.getWebResourceAsStream(436) - responseCode = 200
2018-05-24 10:04:39 INFO  ApacheHttpClient.getWebResourceAsStream(436) - responseCode = 200
2018-05-24 10:04:39 INFO  ApacheHttpClient.getTask(421) - responseCode = 200
2018-05-24 10:04:41 INFO  ApacheHttpClient.completed(27) - responseCode = 200
2018-05-24 10:05:12 INFO  ApacheHttpClient.sendEvent(469) - responseCode = 200
2018-05-24 10:06:12 INFO  ApacheHttpClient.sendEvent(469) - responseCode = 200
2018-05-24 10:07:12 INFO  ApacheHttpClient.sendEvent(469) - responseCode = 200
2018-05-24 10:08:12 INFO  ApacheHttpClient.sendEvent(469) - responseCode = 200
2018-05-24 10:09:05 INFO  ApacheHttpClient.getWebResourceAsStream(436) - responseCode = 200
2018-05-24 10:09:05 INFO  ApacheHttpClient.getWebResourceAsStream(436) - responseCode = 200
2018-05-24 10:09:06 INFO  ApacheHttpClient.getTask(421) - responseCode = 200
2018-05-24 10:09:07 INFO  ApacheHttpClient.completed(27) - responseCode = 200
2018-05-24 10:09:07 INFO  ApacheHttpClient.getTask(421) - responseCode = 200
2018-05-24 10:09:12 INFO  ApacheHttpClient.sendEvent(469) - responseCode = 200
2018-05-24 10:09:29 INFO  ApacheHttpClient.getWebResourceAsStream(436) - responseCode = 200
2018-05-24 10:09:29 INFO  ApacheHttpClient.getFilteredTasks(323) - responseCode = 200
2018-05-24 10:09:31 INFO  ApacheHttpClient.getTaskTemplateInfo(340) - responseCode = 200
2018-05-24 10:09:31 INFO  ApacheHttpClient.testConnection(187) - responseCode = 200
2018-05-24 10:09:31 INFO  ApacheHttpClient.testConnection(195) - result = true
2018-05-24 10:09:32 INFO  ApacheHttpClient.testConnection(187) - responseCode = 200
2018-05-24 10:09:32 INFO  ApacheHttpClient.testConnection(195) - result = true
2018-05-24 10:09:32 INFO  ApacheHttpClient.getWebResourceAsStream(436) - responseCode = 200
2018-05-24 10:10:12 INFO  ApacheHttpClient.sendEvent(469) - responseCode = 200
2018-05-24 10:11:12 INFO  ApacheHttpClient.sendEvent(469) - responseCode = 200
2018-05-24 10:12:12 INFO  ApacheHttpClient.sendEvent(469) - responseCode = 200
2018-05-24 10:13:12 INFO  ApacheHttpClient.sendEvent(469) - responseCode = 200
2018-05-24 10:14:12 INFO  ApacheHttpClient.sendEvent(469) - responseCode = 200
2018-05-24 10:15:12 INFO  ApacheHttpClient.sendEvent(469) - responseCode = 200
2018-05-24 10:16:12 INFO  ApacheHttpClient.sendEvent(469) - responseCode = 200
2018-05-24 10:17:12 INFO  ApacheHttpClient.sendEvent(469) - responseCode = 200
2018-05-24 10:18:12 INFO  ApacheHttpClient.sendEvent(469) - responseCode = 200
2018-05-24 10:19:12 INFO  ApacheHttpClient.sendEvent(469) - responseCode = 200
2018-05-24 10:20:12 INFO  ApacheHttpClient.sendEvent(469) - responseCode = 200
2018-05-24 10:21:12 INFO  ApacheHttpClient.sendEvent(469) - responseCode = 200
2018-05-24 12:05:11 ERROR ApacheHttpClient.processExceptionSendEvent(102) - (super) Ошибка во время отправки ивента на сервер.
2018-05-25 04:00:11 ERROR ApacheHttpClient.processExceptionSendEvent(102) - (super) Ошибка во время отправки ивента на сервер.
2018-05-25 04:01:11 INFO  ApacheHttpClient.sendEvent(469) - responseCode = 200
2018-05-25 04:02:10 INFO  ApacheHttpClient.sendEvent(469) - responseCode = 200
2018-05-25 04:03:10 INFO  ApacheHttpClient.sendEvent(469) - responseCode = 200
2018-05-25 04:04:10 INFO  ApacheHttpClient.sendEvent(469) - responseCode = 200
2018-05-25 04:05:10 INFO  ApacheHttpClient.sendEvent(469) - responseCode = 200
2018-05-25 04:06:10 INFO  ApacheHttpClient.sendEvent(469) - responseCode = 200
2018-05-25 04:07:11 INFO  ApacheHttpClient.sendEvent(469) - responseCode = 200
2018-05-25 04:08:11 INFO  ApacheHttpClient.sendEvent(469) - responseCode = 200
2018-05-25 04:09:10 INFO  ApacheHttpClient.sendEvent(469) - responseCode = 200
2018-05-25 04:10:10 INFO  ApacheHttpClient.sendEvent(469) - responseCode = 200
2018-05-25 04:11:10 INFO  ApacheHttpClient.sendEvent(469) - responseCode = 200
2018-05-25 04:12:11 INFO  ApacheHttpClient.sendEvent(469) - responseCode = 200
2018-05-25 04:13:10 INFO  ApacheHttpClient.sendEvent(469) - responseCode = 200
2018-05-25 04:14:11 INFO  ApacheHttpClient.sendEvent(469) - responseCode = 200
2018-05-25 04:15:10 INFO  ApacheHttpClient.sendEvent(469) - responseCode = 200
2018-05-25 04:16:10 INFO  ApacheHttpClient.sendEvent(469) - responseCode = 200
2018-05-25 04:17:10 INFO  ApacheHttpClient.sendEvent(469) - responseCode = 200
2018-05-25 04:18:10 INFO  ApacheHttpClient.sendEvent(469) - responseCode = 200
2018-05-25 04:19:10 INFO  ApacheHttpClient.sendEvent(469) - responseCode = 200
2018-05-25 04:20:10 INFO  ApacheHttpClient.sendEvent(469) - responseCode = 200
2018-05-25 04:21:10 INFO  ApacheHttpClient.sendEvent(469) - responseCode = 200
2018-05-25 04:21:41 INFO  ApacheHttpClient.getWebResourceAsStream(436) - responseCode = 200
2018-05-25 04:21:42 INFO  ApacheHttpClient.getWebResourceAsStream(436) - responseCode = 200
2018-05-25 04:21:42 INFO  ApacheHttpClient.getTask(421) - responseCode = 200
2018-05-25 04:21:44 INFO  ApacheHttpClient.completed(27) - responseCode = 200
2018-05-25 04:22:10 INFO  ApacheHttpClient.sendEvent(469) - responseCode = 200
2018-05-25 04:23:10 INFO  ApacheHttpClient.sendEvent(469) - responseCode = 200
2018-05-25 04:24:10 INFO  ApacheHttpClient.sendEvent(469) - responseCode = 200
2018-05-25 04:25:10 INFO  ApacheHttpClient.sendEvent(469) - responseCode = 200
2018-05-25 04:26:10 INFO  ApacheHttpClient.sendEvent(469) - responseCode = 200
2018-05-25 04:27:10 INFO  ApacheHttpClient.sendEvent(469) - responseCode = 200
2018-05-25 04:28:10 INFO  ApacheHttpClient.sendEvent(469) - responseCode = 200
2018-05-25 04:29:10 INFO  ApacheHttpClient.sendEvent(469) - responseCode = 200
2018-05-25 04:30:10 INFO  ApacheHttpClient.sendEvent(469) - responseCode = 200
2018-05-25 04:31:10 INFO  ApacheHttpClient.sendEvent(469) - responseCode = 200
2018-05-25 04:32:10 INFO  ApacheHttpClient.sendEvent(469) - responseCode = 200
2018-05-25 04:33:10 INFO  ApacheHttpClient.sendEvent(469) - responseCode = 200
2018-05-25 04:34:10 INFO  ApacheHttpClient.sendEvent(469) - responseCode = 200
2018-05-25 04:35:10 INFO  ApacheHttpClient.sendEvent(469) - responseCode = 200
2018-05-25 04:36:10 INFO  ApacheHttpClient.sendEvent(469) - responseCode = 200
2018-05-25 04:37:10 INFO  ApacheHttpClient.sendEvent(469) - responseCode = 200
2018-05-25 04:38:10 INFO  ApacheHttpClient.sendEvent(469) - responseCode = 200
2018-05-25 04:39:10 INFO  ApacheHttpClient.sendEvent(469) - responseCode = 200
2018-05-25 04:40:10 INFO  ApacheHttpClient.sendEvent(469) - responseCode = 200
2018-05-25 04:41:10 INFO  ApacheHttpClient.sendEvent(469) - responseCode = 200
2018-05-25 04:42:10 INFO  ApacheHttpClient.sendEvent(469) - responseCode = 200
2018-05-25 04:43:10 INFO  ApacheHttpClient.sendEvent(469) - responseCode = 200
2018-05-25 04:44:10 INFO  ApacheHttpClient.sendEvent(469) - responseCode = 200
2018-05-25 04:45:10 INFO  ApacheHttpClient.sendEvent(469) - responseCode = 200
2018-05-25 04:46:10 INFO  ApacheHttpClient.sendEvent(469) - responseCode = 200
2018-05-25 04:47:10 INFO  ApacheHttpClient.sendEvent(469) - responseCode = 200
2018-05-25 04:48:10 INFO  ApacheHttpClient.sendEvent(469) - responseCode = 200
2018-05-25 04:49:10 INFO  ApacheHttpClient.sendEvent(469) - responseCode = 200
2018-05-25 04:50:10 INFO  ApacheHttpClient.sendEvent(469) - responseCode = 200
2018-05-25 04:51:10 INFO  ApacheHttpClient.sendEvent(469) - responseCode = 200
2018-05-25 04:52:10 INFO  ApacheHttpClient.sendEvent(469) - responseCode = 200
2018-05-25 04:52:18 INFO  ApacheHttpClient.getWebResourceAsStream(436) - responseCode = 200
2018-05-25 04:52:18 INFO  ApacheHttpClient.getWebResourceAsStream(436) - responseCode = 200
2018-05-25 04:52:18 INFO  ApacheHttpClient.getTask(421) - responseCode = 200
2018-05-25 04:52:20 INFO  ApacheHttpClient.completed(27) - responseCode = 200
2018-05-25 04:53:10 INFO  ApacheHttpClient.sendEvent(469) - responseCode = 200
2018-05-25 04:54:10 INFO  ApacheHttpClient.sendEvent(469) - responseCode = 200
2018-05-25 04:55:10 INFO  ApacheHttpClient.sendEvent(469) - responseCode = 200
2018-05-25 04:56:10 INFO  ApacheHttpClient.sendEvent(469) - responseCode = 200
2018-05-25 04:56:35 INFO  ApacheHttpClient.getWebResourceAsStream(436) - responseCode = 200
2018-05-25 04:56:35 INFO  ApacheHttpClient.getWebResourceAsStream(436) - responseCode = 200
2018-05-25 04:56:35 INFO  ApacheHttpClient.getTask(421) - responseCode = 200
2018-05-25 04:56:37 INFO  ApacheHttpClient.completed(27) - responseCode = 200
2018-05-25 04:56:37 INFO  ApacheHttpClient.getTask(421) - responseCode = 200
2018-05-25 04:57:11 INFO  ApacheHttpClient.sendEvent(469) - responseCode = 200
2018-05-25 04:58:10 INFO  ApacheHttpClient.sendEvent(469) - responseCode = 200
2018-05-25 04:59:11 INFO  ApacheHttpClient.sendEvent(469) - responseCode = 200
2018-05-25 05:00:10 INFO  ApacheHttpClient.sendEvent(469) - responseCode = 200
2018-05-25 05:01:10 INFO  ApacheHttpClient.sendEvent(469) - responseCode = 200
2018-05-25 05:02:10 INFO  ApacheHttpClient.sendEvent(469) - responseCode = 200
2018-05-25 05:03:10 INFO  ApacheHttpClient.sendEvent(469) - responseCode = 200
2018-05-25 05:04:10 INFO  ApacheHttpClient.sendEvent(469) - responseCode = 200
2018-05-25 05:05:10 INFO  ApacheHttpClient.sendEvent(469) - responseCode = 200
2018-05-25 05:06:10 INFO  ApacheHttpClient.sendEvent(469) - responseCode = 200
2018-05-25 05:07:10 INFO  ApacheHttpClient.sendEvent(469) - responseCode = 200
2018-05-25 05:08:10 INFO  ApacheHttpClient.sendEvent(469) - responseCode = 200
2018-05-25 05:09:11 INFO  ApacheHttpClient.sendEvent(469) - responseCode = 200
2018-05-25 05:10:10 INFO  ApacheHttpClient.sendEvent(469) - responseCode = 200
2018-05-25 05:11:10 INFO  ApacheHttpClient.sendEvent(469) - responseCode = 200
2018-05-25 05:12:10 INFO  ApacheHttpClient.sendEvent(469) - responseCode = 200
2018-05-25 05:13:10 INFO  ApacheHttpClient.sendEvent(469) - responseCode = 200
2018-05-25 05:14:10 INFO  ApacheHttpClient.sendEvent(469) - responseCode = 200
2018-05-25 05:15:10 INFO  ApacheHttpClient.sendEvent(469) - responseCode = 200
2018-05-25 05:16:10 INFO  ApacheHttpClient.sendEvent(469) - responseCode = 200
2018-05-25 05:17:10 INFO  ApacheHttpClient.sendEvent(469) - responseCode = 200
2018-05-25 05:18:11 INFO  ApacheHttpClient.sendEvent(469) - responseCode = 200
2018-05-25 05:19:10 INFO  ApacheHttpClient.sendEvent(469) - responseCode = 200
2018-05-25 05:20:11 INFO  ApacheHttpClient.sendEvent(469) - responseCode = 200
2018-05-25 05:21:30 ERROR ApacheHttpClient.processExceptionSendEvent(102) - (super) Ошибка во время отправки ивента на сервер.
2018-05-25 05:22:10 ERROR ApacheHttpClient.processExceptionSendEvent(102) - (super) Ошибка во время отправки ивента на сервер.
2018-05-25 05:23:10 ERROR ApacheHttpClient.processExceptionSendEvent(102) - (super) Ошибка во время отправки ивента на сервер.
2018-05-25 05:24:10 ERROR ApacheHttpClient.processExceptionSendEvent(102) - (super) Ошибка во время отправки ивента на сервер.
2018-05-25 05:25:10 ERROR ApacheHttpClient.processExceptionSendEvent(102) - (super) Ошибка во время отправки ивента на сервер.
2018-05-25 05:26:10 ERROR ApacheHttpClient.processExceptionSendEvent(102) - (super) Ошибка во время отправки ивента на сервер.
2018-05-25 05:27:10 ERROR ApacheHttpClient.processExceptionSendEvent(102) - (super) Ошибка во время отправки ивента на сервер.
2018-05-25 05:28:10 ERROR ApacheHttpClient.processExceptionSendEvent(102) - (super) Ошибка во время отправки ивента на сервер.
2018-05-25 05:29:10 ERROR ApacheHttpClient.processExceptionSendEvent(102) - (super) Ошибка во время отправки ивента на сервер.
2018-05-25 05:30:10 ERROR ApacheHttpClient.processExceptionSendEvent(102) - (super) Ошибка во время отправки ивента на сервер.
2018-05-25 05:31:10 ERROR ApacheHttpClient.processExceptionSendEvent(102) - (super) Ошибка во время отправки ивента на сервер.
2018-05-25 05:32:10 ERROR ApacheHttpClient.processExceptionSendEvent(102) - (super) Ошибка во время отправки ивента на сервер.
2018-05-25 05:33:10 ERROR ApacheHttpClient.processExceptionSendEvent(102) - (super) Ошибка во время отправки ивента на сервер.
2018-05-25 05:34:10 ERROR ApacheHttpClient.processExceptionSendEvent(102) - (super) Ошибка во время отправки ивента на сервер.
2018-05-25 05:53:12 ERROR ApacheHttpClient.processExceptionSendEvent(102) - (super) Ошибка во время отправки ивента на сервер.
2018-05-25 05:54:12 ERROR ApacheHttpClient.processExceptionSendEvent(102) - (super) Ошибка во время отправки ивента на сервер.
2018-05-25 05:55:12 ERROR ApacheHttpClient.processExceptionSendEvent(102) - (super) Ошибка во время отправки ивента на сервер.
2018-05-25 05:56:12 ERROR ApacheHttpClient.processExceptionSendEvent(102) - (super) Ошибка во время отправки ивента на сервер.
2018-05-25 05:57:12 ERROR ApacheHttpClient.processExceptionSendEvent(102) - (super) Ошибка во время отправки ивента на сервер.
2018-05-25 05:58:12 ERROR ApacheHttpClient.processExceptionSendEvent(102) - (super) Ошибка во время отправки ивента на сервер.
2018-05-25 05:59:12 ERROR ApacheHttpClient.processExceptionSendEvent(102) - (super) Ошибка во время отправки ивента на сервер.
2018-05-25 06:00:32 ERROR ApacheHttpClient.processExceptionSendEvent(102) - (super) Ошибка во время отправки ивента на сервер.
2018-05-25 06:01:32 ERROR ApacheHttpClient.processExceptionSendEvent(102) - (super) Ошибка во время отправки ивента на сервер.
2018-05-25 06:02:32 ERROR ApacheHttpClient.processExceptionSendEvent(102) - (super) Ошибка во время отправки ивента на сервер.
2018-05-25 06:03:32 ERROR ApacheHttpClient.processExceptionSendEvent(102) - (super) Ошибка во время отправки ивента на сервер.
2018-05-25 07:04:46 ERROR ApacheHttpClient.processExceptionSendEvent(102) - (super) Ошибка во время отправки ивента на сервер.
2018-05-25 07:11:05 ERROR ApacheHttpClient.processExceptionSendEvent(102) - (super) Ошибка во время отправки ивента на сервер.
2018-05-25 07:20:37 ERROR ApacheHttpClient.processExceptionSendEvent(102) - (super) Ошибка во время отправки ивента на сервер.
2018-05-25 07:33:29 ERROR ApacheHttpClient.processExceptionSendEvent(102) - (super) Ошибка во время отправки ивента на сервер.
2018-05-25 07:44:27 ERROR ApacheHttpClient.processExceptionSendEvent(102) - (super) Ошибка во время отправки ивента на сервер.
2018-05-25 07:56:43 ERROR ApacheHttpClient.processExceptionSendEvent(102) - (super) Ошибка во время отправки ивента на сервер.
2018-05-25 07:59:54 INFO  ApacheHttpClient.sendEvent(469) - responseCode = 200
2018-05-25 08:00:54 INFO  ApacheHttpClient.sendEvent(469) - responseCode = 200
2018-05-25 08:01:54 INFO  ApacheHttpClient.sendEvent(469) - responseCode = 200
2018-05-25 08:02:09 INFO  ApacheHttpClient.getWebResourceAsStream(436) - responseCode = 200
2018-05-25 08:02:09 INFO  ApacheHttpClient.getFilteredTasks(323) - responseCode = 200
2018-05-25 08:02:13 INFO  ApacheHttpClient.getTaskTemplateInfo(340) - responseCode = 200
2018-05-25 08:02:13 INFO  ApacheHttpClient.testConnection(187) - responseCode = 200
2018-05-25 08:02:13 INFO  ApacheHttpClient.testConnection(195) - result = true
2018-05-25 08:02:13 INFO  ApacheHttpClient.testConnection(187) - responseCode = 200
2018-05-25 08:02:13 INFO  ApacheHttpClient.testConnection(195) - result = true
2018-05-25 08:02:13 INFO  ApacheHttpClient.getWebResourceAsStream(436) - responseCode = 200
2018-05-25 08:02:54 INFO  ApacheHttpClient.sendEvent(469) - responseCode = 200
2018-05-25 08:03:54 INFO  ApacheHttpClient.sendEvent(469) - responseCode = 200
2018-05-25 08:04:54 INFO  ApacheHttpClient.sendEvent(469) - responseCode = 200
2018-05-25 08:05:54 INFO  ApacheHttpClient.sendEvent(469) - responseCode = 200
2018-05-25 08:06:54 INFO  ApacheHttpClient.sendEvent(469) - responseCode = 200
2018-05-25 08:07:54 INFO  ApacheHttpClient.sendEvent(469) - responseCode = 200
2018-05-25 08:08:54 INFO  ApacheHttpClient.sendEvent(469) - responseCode = 200
2018-05-25 08:09:54 INFO  ApacheHttpClient.sendEvent(469) - responseCode = 200
2018-05-25 08:10:54 INFO  ApacheHttpClient.sendEvent(469) - responseCode = 200
2018-05-25 08:11:20 INFO  ApacheHttpClient.getWebResourceAsStream(436) - responseCode = 200
2018-05-25 08:11:20 INFO  ApacheHttpClient.getWebResourceAsStream(436) - responseCode = 200
2018-05-25 08:11:20 INFO  ApacheHttpClient.getTask(421) - responseCode = 200
2018-05-25 08:11:22 INFO  ApacheHttpClient.completed(27) - responseCode = 200
2018-05-25 08:11:22 INFO  ApacheHttpClient.getTask(421) - responseCode = 200
2018-05-25 08:11:38 INFO  ApacheHttpClient.getWebResourceAsStream(436) - responseCode = 200
2018-05-25 08:11:38 INFO  ApacheHttpClient.getFilteredTasks(323) - responseCode = 200
2018-05-25 08:11:39 INFO  ApacheHttpClient.getTaskTemplateInfo(340) - responseCode = 200
2018-05-25 08:11:39 INFO  ApacheHttpClient.testConnection(187) - responseCode = 200
2018-05-25 08:11:39 INFO  ApacheHttpClient.testConnection(195) - result = true
2018-05-25 08:11:39 INFO  ApacheHttpClient.testConnection(187) - responseCode = 200
2018-05-25 08:11:39 INFO  ApacheHttpClient.testConnection(195) - result = true
2018-05-25 08:11:39 INFO  ApacheHttpClient.getWebResourceAsStream(436) - responseCode = 200
2018-05-25 08:11:54 INFO  ApacheHttpClient.sendEvent(469) - responseCode = 200
2018-05-25 08:12:54 INFO  ApacheHttpClient.sendEvent(469) - responseCode = 200
2018-05-25 08:13:54 INFO  ApacheHttpClient.sendEvent(469) - responseCode = 200
2018-05-25 08:14:54 INFO  ApacheHttpClient.sendEvent(469) - responseCode = 200
2018-05-25 08:15:54 INFO  ApacheHttpClient.sendEvent(469) - responseCode = 200
2018-05-25 08:16:54 INFO  ApacheHttpClient.sendEvent(469) - responseCode = 200
2018-05-25 08:17:54 INFO  ApacheHttpClient.sendEvent(469) - responseCode = 200
2018-05-25 08:18:54 INFO  ApacheHttpClient.sendEvent(469) - responseCode = 200
2018-05-25 08:19:54 INFO  ApacheHttpClient.sendEvent(469) - responseCode = 200
2018-05-25 08:20:54 INFO  ApacheHttpClient.sendEvent(469) - responseCode = 200
2018-05-25 08:21:54 INFO  ApacheHttpClient.sendEvent(469) - responseCode = 200
2018-05-25 08:22:02 INFO  ApacheHttpClient.getWebResourceAsStream(436) - responseCode = 200
2018-05-25 08:22:02 INFO  ApacheHttpClient.getWebResourceAsStream(436) - responseCode = 200
2018-05-25 08:22:02 INFO  ApacheHttpClient.getTask(421) - responseCode = 200
2018-05-25 08:22:06 INFO  ApacheHttpClient.completed(27) - responseCode = 200
2018-05-25 08:22:06 INFO  ApacheHttpClient.getTask(421) - responseCode = 200
2018-05-25 08:22:42 INFO  ApacheHttpClient.getWebResourceAsStream(436) - responseCode = 200
2018-05-25 08:22:42 INFO  ApacheHttpClient.getFilteredTasks(323) - responseCode = 200
2018-05-25 08:22:43 INFO  ApacheHttpClient.getTaskTemplateInfo(340) - responseCode = 200
2018-05-25 08:22:43 INFO  ApacheHttpClient.testConnection(187) - responseCode = 200
2018-05-25 08:22:43 INFO  ApacheHttpClient.testConnection(195) - result = true
2018-05-25 08:22:43 INFO  ApacheHttpClient.testConnection(187) - responseCode = 200
2018-05-25 08:22:43 INFO  ApacheHttpClient.testConnection(195) - result = true
2018-05-25 08:22:43 INFO  ApacheHttpClient.getWebResourceAsStream(436) - responseCode = 200
2018-05-25 08:22:54 INFO  ApacheHttpClient.sendEvent(469) - responseCode = 200
2018-05-25 08:23:54 INFO  ApacheHttpClient.sendEvent(469) - responseCode = 200
2018-05-25 08:24:54 INFO  ApacheHttpClient.sendEvent(469) - responseCode = 200
2018-05-25 08:24:54 INFO  ApacheHttpClient.sendEvent(469) - responseCode = 200
2018-05-25 08:25:54 INFO  ApacheHttpClient.sendEvent(469) - responseCode = 200
2018-05-25 08:25:54 INFO  ApacheHttpClient.sendEvent(469) - responseCode = 200
2018-05-25 08:26:54 INFO  ApacheHttpClient.sendEvent(469) - responseCode = 200
2018-05-25 08:26:54 INFO  ApacheHttpClient.sendEvent(469) - responseCode = 200
2018-05-25 08:27:40 INFO  ApacheHttpClient.getWebResourceAsStream(436) - responseCode = 200
2018-05-25 08:27:40 INFO  ApacheHttpClient.getWebResourceAsStream(436) - responseCode = 200
2018-05-25 08:27:40 INFO  ApacheHttpClient.getTask(421) - responseCode = 200
2018-05-25 08:27:41 INFO  ApacheHttpClient.completed(27) - responseCode = 200
2018-05-25 08:27:54 INFO  ApacheHttpClient.sendEvent(469) - responseCode = 200
2018-05-25 08:27:54 INFO  ApacheHttpClient.sendEvent(469) - responseCode = 200
2018-05-25 08:28:54 INFO  ApacheHttpClient.sendEvent(469) - responseCode = 200
2018-05-25 08:28:54 INFO  ApacheHttpClient.sendEvent(469) - responseCode = 200
2018-05-25 08:29:08 INFO  ApacheHttpClient.getWebResourceAsStream(436) - responseCode = 200
2018-05-25 08:29:08 INFO  ApacheHttpClient.getWebResourceAsStream(436) - responseCode = 200
2018-05-25 08:29:08 INFO  ApacheHttpClient.getTask(421) - responseCode = 200
2018-05-25 08:29:12 INFO  ApacheHttpClient.completed(27) - responseCode = 200
2018-05-25 08:29:12 INFO  ApacheHttpClient.getTask(421) - responseCode = 200
2018-05-25 08:29:17 INFO  ApacheHttpClient.getWebResourceAsStream(436) - responseCode = 200
2018-05-25 08:29:18 INFO  ApacheHttpClient.getFilteredTasks(323) - responseCode = 200
2018-05-25 08:29:54 INFO  ApacheHttpClient.sendEvent(469) - responseCode = 200
2018-05-25 08:29:54 INFO  ApacheHttpClient.sendEvent(469) - responseCode = 200
2018-05-25 08:30:54 INFO  ApacheHttpClient.sendEvent(469) - responseCode = 200
2018-05-25 08:30:54 INFO  ApacheHttpClient.sendEvent(469) - responseCode = 200
2018-05-25 08:31:54 INFO  ApacheHttpClient.sendEvent(469) - responseCode = 200
2018-05-25 08:31:54 INFO  ApacheHttpClient.sendEvent(469) - responseCode = 200
2018-05-25 08:32:54 INFO  ApacheHttpClient.sendEvent(469) - responseCode = 200
2018-05-25 08:32:54 INFO  ApacheHttpClient.sendEvent(469) - responseCode = 200
2018-05-25 08:33:54 INFO  ApacheHttpClient.sendEvent(469) - responseCode = 200
2018-05-25 08:33:54 INFO  ApacheHttpClient.sendEvent(469) - responseCode = 200
2018-05-25 08:34:34 INFO  ApacheHttpClient.getWebResourceAsStream(436) - responseCode = 200
2018-05-25 08:34:34 INFO  ApacheHttpClient.getFilteredTasks(323) - responseCode = 200
2018-05-25 08:34:35 INFO  ApacheHttpClient.getTaskTemplateInfo(340) - responseCode = 200
2018-05-25 08:34:36 INFO  ApacheHttpClient.testConnection(187) - responseCode = 200
2018-05-25 08:34:36 INFO  ApacheHttpClient.testConnection(195) - result = true
2018-05-25 08:34:36 INFO  ApacheHttpClient.testConnection(187) - responseCode = 200
2018-05-25 08:34:36 INFO  ApacheHttpClient.testConnection(195) - result = true
2018-05-25 08:34:37 INFO  ApacheHttpClient.getWebResourceAsStream(436) - responseCode = 200
2018-05-25 08:34:54 INFO  ApacheHttpClient.sendEvent(469) - responseCode = 200
2018-05-25 08:35:54 INFO  ApacheHttpClient.sendEvent(469) - responseCode = 200
2018-05-25 08:36:54 INFO  ApacheHttpClient.sendEvent(469) - responseCode = 200
2018-05-25 08:37:54 INFO  ApacheHttpClient.sendEvent(469) - responseCode = 200
2018-05-25 08:39:04 INFO  ApacheHttpClient.sendEvent(469) - responseCode = 200
2018-05-25 08:40:04 INFO  ApacheHttpClient.sendEvent(469) - responseCode = 200
2018-05-25 08:41:04 INFO  ApacheHttpClient.sendEvent(469) - responseCode = 200
2018-05-25 08:42:04 INFO  ApacheHttpClient.sendEvent(469) - responseCode = 200
2018-05-25 08:43:04 INFO  ApacheHttpClient.sendEvent(469) - responseCode = 200
2018-05-25 08:44:04 INFO  ApacheHttpClient.sendEvent(469) - responseCode = 200
2018-05-25 08:45:04 INFO  ApacheHttpClient.sendEvent(469) - responseCode = 200
2018-05-25 08:46:14 INFO  ApacheHttpClient.sendEvent(469) - responseCode = 200
2018-05-25 08:47:14 INFO  ApacheHttpClient.sendEvent(469) - responseCode = 200
2018-05-25 08:48:14 INFO  ApacheHttpClient.sendEvent(469) - responseCode = 200
2018-05-25 08:49:14 INFO  ApacheHttpClient.sendEvent(469) - responseCode = 200
2018-05-25 08:50:14 INFO  ApacheHttpClient.sendEvent(469) - responseCode = 200
2018-05-25 08:51:14 INFO  ApacheHttpClient.sendEvent(469) - responseCode = 200
2018-05-25 08:52:14 INFO  ApacheHttpClient.sendEvent(469) - responseCode = 200
2018-05-25 08:53:14 INFO  ApacheHttpClient.sendEvent(469) - responseCode = 200
2018-05-25 08:53:54 INFO  ApacheHttpClient.sendEvent(469) - responseCode = 200
2018-05-25 08:55:13 INFO  ApacheHttpClient.sendEvent(469) - responseCode = 200
2018-05-25 08:55:54 INFO  ApacheHttpClient.sendEvent(469) - responseCode = 200
2018-05-25 08:57:14 INFO  ApacheHttpClient.sendEvent(469) - responseCode = 200
2018-05-25 08:58:14 INFO  ApacheHttpClient.sendEvent(469) - responseCode = 200
2018-05-25 08:59:14 INFO  ApacheHttpClient.sendEvent(469) - responseCode = 200
2018-05-25 09:00:14 INFO  ApacheHttpClient.sendEvent(469) - responseCode = 200
2018-05-25 09:01:14 INFO  ApacheHttpClient.sendEvent(469) - responseCode = 200
2018-05-25 09:01:54 INFO  ApacheHttpClient.sendEvent(469) - responseCode = 200
2018-05-25 09:02:21 INFO  ApacheHttpClient.getWebResourceAsStream(436) - responseCode = 200
2018-05-25 09:02:22 INFO  ApacheHttpClient.getWebResourceAsStream(436) - responseCode = 200
2018-05-25 09:02:22 INFO  ApacheHttpClient.getTask(421) - responseCode = 200
2018-05-25 09:02:24 INFO  ApacheHttpClient.completed(27) - responseCode = 200
2018-05-25 09:02:24 INFO  ApacheHttpClient.getTask(421) - responseCode = 200
2018-05-25 09:02:27 INFO  ApacheHttpClient.getWebResourceAsStream(436) - responseCode = 200
2018-05-25 09:02:27 INFO  ApacheHttpClient.getFilteredTasks(323) - responseCode = 200
2018-05-25 09:02:28 INFO  ApacheHttpClient.getTaskTemplateInfo(340) - responseCode = 200
2018-05-25 09:02:28 INFO  ApacheHttpClient.testConnection(187) - responseCode = 200
2018-05-25 09:02:28 INFO  ApacheHttpClient.testConnection(195) - result = true
2018-05-25 09:02:28 INFO  ApacheHttpClient.testConnection(187) - responseCode = 200
2018-05-25 09:02:28 INFO  ApacheHttpClient.testConnection(195) - result = true
2018-05-25 09:02:28 INFO  ApacheHttpClient.getWebResourceAsStream(436) - responseCode = 200
2018-05-25 09:02:28 INFO  ApacheHttpClient.getTaskTemplateInfo(340) - responseCode = 200
2018-05-25 09:02:30 INFO  ApacheHttpClient.testConnection(187) - responseCode = 200
2018-05-25 09:02:30 INFO  ApacheHttpClient.testConnection(195) - result = true
2018-05-25 09:02:31 INFO  ApacheHttpClient.testConnection(187) - responseCode = 200
2018-05-25 09:02:31 INFO  ApacheHttpClient.testConnection(195) - result = true
2018-05-25 09:02:31 INFO  ApacheHttpClient.getWebResourceAsStream(436) - responseCode = 200
2018-05-25 09:02:54 INFO  ApacheHttpClient.sendEvent(469) - responseCode = 200
2018-05-25 09:03:54 INFO  ApacheHttpClient.sendEvent(469) - responseCode = 200
2018-05-25 09:04:54 INFO  ApacheHttpClient.sendEvent(469) - responseCode = 200
2018-05-25 09:04:54 INFO  ApacheHttpClient.sendEvent(469) - responseCode = 200
2018-05-25 09:05:54 INFO  ApacheHttpClient.sendEvent(469) - responseCode = 200
2018-05-25 09:05:54 INFO  ApacheHttpClient.sendEvent(469) - responseCode = 200
2018-05-25 09:06:54 INFO  ApacheHttpClient.sendEvent(469) - responseCode = 200
2018-05-25 09:06:54 INFO  ApacheHttpClient.sendEvent(469) - responseCode = 200
2018-05-25 09:07:54 INFO  ApacheHttpClient.sendEvent(469) - responseCode = 200
2018-05-25 09:07:54 INFO  ApacheHttpClient.sendEvent(469) - responseCode = 200
2018-05-25 09:08:54 INFO  ApacheHttpClient.sendEvent(469) - responseCode = 200
2018-05-25 09:08:54 INFO  ApacheHttpClient.sendEvent(469) - responseCode = 200
2018-05-25 09:09:54 INFO  ApacheHttpClient.sendEvent(469) - responseCode = 200
2018-05-25 09:09:54 INFO  ApacheHttpClient.sendEvent(469) - responseCode = 200
2018-05-25 09:10:54 INFO  ApacheHttpClient.sendEvent(469) - responseCode = 200
2018-05-25 09:10:54 INFO  ApacheHttpClient.sendEvent(469) - responseCode = 200
2018-05-25 09:11:54 INFO  ApacheHttpClient.sendEvent(469) - responseCode = 200
2018-05-25 09:11:54 INFO  ApacheHttpClient.sendEvent(469) - responseCode = 200
2018-05-25 09:12:54 INFO  ApacheHttpClient.sendEvent(469) - responseCode = 200
2018-05-25 09:12:54 INFO  ApacheHttpClient.sendEvent(469) - responseCode = 200
2018-05-25 09:13:54 INFO  ApacheHttpClient.sendEvent(469) - responseCode = 200
2018-05-25 09:13:54 INFO  ApacheHttpClient.sendEvent(469) - responseCode = 200
2018-05-25 09:14:54 INFO  ApacheHttpClient.sendEvent(469) - responseCode = 200
2018-05-25 09:14:54 INFO  ApacheHttpClient.sendEvent(469) - responseCode = 200
2018-05-25 09:15:54 INFO  ApacheHttpClient.sendEvent(469) - responseCode = 200
2018-05-25 09:15:54 INFO  ApacheHttpClient.sendEvent(469) - responseCode = 200
2018-05-25 09:16:54 INFO  ApacheHttpClient.sendEvent(469) - responseCode = 200
2018-05-25 09:16:54 INFO  ApacheHttpClient.sendEvent(469) - responseCode = 200
2018-05-25 09:17:54 INFO  ApacheHttpClient.sendEvent(469) - responseCode = 200
2018-05-25 09:17:54 INFO  ApacheHttpClient.sendEvent(469) - responseCode = 200
2018-05-25 09:18:54 INFO  ApacheHttpClient.sendEvent(469) - responseCode = 200
2018-05-25 09:18:54 INFO  ApacheHttpClient.sendEvent(469) - responseCode = 200
2018-05-25 09:19:54 INFO  ApacheHttpClient.sendEvent(469) - responseCode = 200
2018-05-25 09:19:54 INFO  ApacheHttpClient.sendEvent(469) - responseCode = 200
2018-05-25 09:20:54 INFO  ApacheHttpClient.sendEvent(469) - responseCode = 200
2018-05-25 09:20:54 INFO  ApacheHttpClient.sendEvent(469) - responseCode = 200
2018-05-25 09:21:54 INFO  ApacheHttpClient.sendEvent(469) - responseCode = 200
2018-05-25 09:21:54 INFO  ApacheHttpClient.sendEvent(469) - responseCode = 200
2018-05-25 09:22:54 INFO  ApacheHttpClient.sendEvent(469) - responseCode = 200
2018-05-25 09:22:54 INFO  ApacheHttpClient.sendEvent(469) - responseCode = 200
2018-05-25 09:23:54 INFO  ApacheHttpClient.sendEvent(469) - responseCode = 200
2018-05-25 09:23:54 INFO  ApacheHttpClient.sendEvent(469) - responseCode = 200
2018-05-25 09:24:54 INFO  ApacheHttpClient.sendEvent(469) - responseCode = 200
2018-05-25 09:24:54 INFO  ApacheHttpClient.sendEvent(469) - responseCode = 200
2018-05-25 09:25:00 INFO  ApacheHttpClient.getWebResourceAsStream(436) - responseCode = 200
2018-05-25 09:25:00 INFO  ApacheHttpClient.getWebResourceAsStream(436) - responseCode = 200
2018-05-25 09:25:01 INFO  ApacheHttpClient.getTask(421) - responseCode = 200
2018-05-25 09:25:03 INFO  ApacheHttpClient.completed(27) - responseCode = 200
2018-05-25 09:25:03 INFO  ApacheHttpClient.getTask(421) - responseCode = 200
2018-05-25 09:25:11 INFO  ApacheHttpClient.getWebResourceAsStream(436) - responseCode = 200
2018-05-25 09:25:11 INFO  ApacheHttpClient.getWebResourceAsStream(436) - responseCode = 200
2018-05-25 09:25:11 INFO  ApacheHttpClient.getTask(421) - responseCode = 200
2018-05-25 09:25:14 INFO  ApacheHttpClient.completed(27) - responseCode = 200
2018-05-25 09:25:14 INFO  ApacheHttpClient.getTask(421) - responseCode = 200
2018-05-25 09:25:18 INFO  ApacheHttpClient.getWebResourceAsStream(436) - responseCode = 200
2018-05-25 09:25:18 INFO  ApacheHttpClient.getFilteredTasks(323) - responseCode = 200
2018-05-25 09:25:21 INFO  ApacheHttpClient.getTaskTemplateInfo(340) - responseCode = 200
2018-05-25 09:25:21 INFO  ApacheHttpClient.testConnection(187) - responseCode = 200
2018-05-25 09:25:21 INFO  ApacheHttpClient.testConnection(195) - result = true
2018-05-25 09:25:21 INFO  ApacheHttpClient.testConnection(187) - responseCode = 200
2018-05-25 09:25:21 INFO  ApacheHttpClient.testConnection(195) - result = true
2018-05-25 09:25:21 INFO  ApacheHttpClient.getWebResourceAsStream(436) - responseCode = 200
2018-05-25 10:20:27 ERROR ApacheHttpClient.processExceptionSendEvent(102) - (super) Ошибка во время отправки ивента на сервер.
2018-05-27 02:37:19 ERROR ApacheHttpClient.processExceptionSendEvent(102) - (super) Ошибка во время отправки ивента на сервер.
2018-05-27 02:37:46 ERROR ApacheHttpClient.processExceptionSendEvent(102) - (super) Ошибка во время отправки ивента на сервер.
2018-05-27 02:38:40 INFO  ApacheHttpClient.sendEvent(469) - responseCode = 200
2018-05-27 02:39:39 INFO  ApacheHttpClient.sendEvent(469) - responseCode = 200
2018-05-27 02:40:39 INFO  ApacheHttpClient.sendEvent(469) - responseCode = 200
2018-05-27 02:41:49 INFO  ApacheHttpClient.sendEvent(469) - responseCode = 200
2018-05-27 02:42:49 INFO  ApacheHttpClient.sendEvent(469) - responseCode = 200
2018-05-27 02:43:49 INFO  ApacheHttpClient.sendEvent(469) - responseCode = 200
2018-05-27 02:44:49 INFO  ApacheHttpClient.sendEvent(469) - responseCode = 200
2018-05-27 02:45:49 INFO  ApacheHttpClient.sendEvent(469) - responseCode = 200
2018-05-27 02:46:49 INFO  ApacheHttpClient.sendEvent(469) - responseCode = 200
2018-05-27 02:47:49 INFO  ApacheHttpClient.sendEvent(469) - responseCode = 200
2018-05-27 02:48:49 INFO  ApacheHttpClient.sendEvent(469) - responseCode = 200
2018-05-27 02:49:39 INFO  ApacheHttpClient.sendEvent(469) - responseCode = 200
2018-05-27 02:50:50 INFO  ApacheHttpClient.sendEvent(469) - responseCode = 200
2018-05-27 03:09:05 ERROR ApacheHttpClient.processExceptionSendEvent(102) - (super) Ошибка во время отправки ивента на сервер.
2018-05-27 03:09:05 ERROR ApacheHttpClient.processExceptionSendEvent(102) - (super) Ошибка во время отправки ивента на сервер.
2018-05-27 03:09:35 ERROR ApacheHttpClient.processExceptionSendEvent(102) - (super) Ошибка во время отправки ивента на сервер.
2018-05-27 03:10:36 INFO  ApacheHttpClient.sendEvent(469) - responseCode = 200
2018-05-27 03:11:30 INFO  JavaRushTasksProjectComponent.projectClosing(165) - ---------- Project JavaRushTasks closed ----------

2018-05-27 03:11:30 INFO  ApacheHttpClient.getTask(421) - responseCode = 200
2018-05-27 03:11:30 INFO  ApacheHttpClient.getTask(421) - responseCode = 200
2018-05-27 03:11:31 INFO  ApacheHttpClient.getTask(421) - responseCode = 200
2018-05-27 03:11:31 INFO  ApacheHttpClient.getTask(421) - responseCode = 200
2018-05-27 03:11:31 INFO  ApacheHttpClient.getTask(421) - responseCode = 200
2018-05-27 03:11:31 INFO  ApacheHttpClient.getTask(421) - responseCode = 200
2018-05-27 03:11:31 INFO  ApacheHttpClient.getTask(421) - responseCode = 200
2018-05-27 03:11:31 INFO  ApacheHttpClient.getTask(421) - responseCode = 200
2018-05-27 03:11:31 INFO  ApacheHttpClient.getTask(421) - responseCode = 200
2018-05-27 03:11:31 INFO  ApacheHttpClient.getTask(421) - responseCode = 200
2018-05-27 03:11:32 INFO  ApacheHttpClient.getTask(421) - responseCode = 200
2018-05-27 03:11:32 INFO  ApacheHttpClient.getTask(421) - responseCode = 200
2018-05-27 03:11:32 INFO  ApacheHttpClient.getTask(421) - responseCode = 200
2018-05-27 03:11:32 INFO  ApacheHttpClient.getTask(421) - responseCode = 200
2018-05-27 03:11:32 INFO  ApacheHttpClient.getTask(421) - responseCode = 200
2018-05-27 03:11:32 INFO  ApacheHttpClient.getTask(421) - responseCode = 200
2018-05-27 03:11:32 INFO  ApacheHttpClient.getTask(421) - responseCode = 200
2018-05-27 03:11:33 INFO  ApacheHttpClient.getTask(421) - responseCode = 200
2018-05-27 03:11:33 INFO  ApacheHttpClient.getTask(421) - responseCode = 200
2018-05-27 03:11:33 INFO  ApacheHttpClient.getTask(421) - responseCode = 200
2018-05-27 03:11:33 INFO  ApacheHttpClient.getTask(421) - responseCode = 200
2018-05-27 03:11:33 INFO  ApacheHttpClient.getTask(421) - responseCode = 200
2018-05-27 03:11:33 INFO  ApacheHttpClient.getTask(421) - responseCode = 200
2018-05-27 03:11:33 INFO  ApacheHttpClient.getTask(421) - responseCode = 200
2018-05-27 03:11:33 INFO  ApacheHttpClient.getTask(421) - responseCode = 200
2018-05-27 03:11:33 INFO  ApacheHttpClient.getTask(421) - responseCode = 200
2018-05-27 03:11:34 INFO  ApacheHttpClient.getTask(421) - responseCode = 200
2018-05-27 03:11:34 INFO  ApacheHttpClient.getTask(421) - responseCode = 200
2018-05-27 03:11:34 INFO  ApacheHttpClient.getTask(421) - responseCode = 200
2018-05-27 03:11:34 INFO  ApacheHttpClient.getTask(421) - responseCode = 200
2018-05-27 03:11:34 INFO  ApacheHttpClient.getTask(421) - responseCode = 200
2018-05-27 03:11:34 INFO  ApacheHttpClient.getTask(421) - responseCode = 200
2018-05-27 03:11:34 INFO  ApacheHttpClient.getTask(421) - responseCode = 200
2018-05-27 03:11:34 INFO  ApacheHttpClient.getTask(421) - responseCode = 200
2018-05-27 03:11:35 INFO  ApacheHttpClient.getTask(421) - responseCode = 200
2018-05-27 03:11:35 INFO  ApacheHttpClient.getTask(421) - responseCode = 200
2018-05-27 03:11:35 INFO  ApacheHttpClient.getTask(421) - responseCode = 200
2018-05-27 03:11:35 INFO  ApacheHttpClient.getTask(421) - responseCode = 200
2018-05-27 03:11:35 INFO  ApacheHttpClient.getTask(421) - responseCode = 200
2018-05-27 03:11:35 INFO  ApacheHttpClient.getTask(421) - responseCode = 200
2018-05-27 03:11:35 INFO  ApacheHttpClient.getTask(421) - responseCode = 200
2018-05-27 03:14:50 INFO  JavaRushTasksProjectComponent.projectOpened(68) - ---------- Project JavaRushTasks opened ----------
2018-05-27 03:14:50 INFO  JavaRushTasksProjectComponent.projectOpened(69) - ---------- Version 3.17 ----------

2018-05-27 03:14:50 INFO  ApacheHttpClient.createAsyncHttpClient(129) - Выбрано 1 прокси. Тип : DIRECT
2018-05-27 03:14:50 INFO  ApacheHttpClient.<init>(87) - ApacheHttpClient проинстанциирован успешно.
2018-05-27 03:14:51 INFO  ApacheHttpClient.testConnection(187) - responseCode = 200
2018-05-27 03:14:51 INFO  ApacheHttpClient.testConnection(195) - result = true
2018-05-27 03:14:51 INFO  ApacheHttpClient.login(225) - Ожидание ответа сервера.
2018-05-27 03:14:52 INFO  ApacheHttpClient.login(225) - Ожидание ответа сервера.
2018-05-27 03:14:52 INFO  ApacheHttpClient.login(229) - responseCode = 200
2018-05-27 03:14:52 INFO  ApacheHttpClient.login(260) - JSESSIONID=E9CA47731ABCE65A6002A4F3EC6F77FB
2018-05-27 03:14:52 INFO  ApacheHttpClient.refreshUserInfo(288) - responseCode = 200
2018-05-27 03:14:52 INFO  ApacheHttpClient.refreshUserInfo(294) - Информация о пользователе получена.
2018-05-27 03:14:52 INFO  ApacheHttpClient.startGA(31) - GAService запущен.
2018-05-27 03:14:52 INFO  AbstractRestApiClient.startService(70) - EventsService запущен.
2018-05-27 03:14:55 INFO  ApacheHttpClient.testConnection(187) - responseCode = 200
2018-05-27 03:14:55 INFO  ApacheHttpClient.testConnection(195) - result = true
2018-05-27 03:14:55 INFO  ApacheHttpClient.testConnection(187) - responseCode = 200
2018-05-27 03:14:55 INFO  ApacheHttpClient.testConnection(195) - result = true
2018-05-27 03:14:56 INFO  ApacheHttpClient.getWebResourceAsStream(436) - responseCode = 200
2018-05-27 03:15:04 INFO  ApacheHttpClient.testConnection(187) - responseCode = 200
2018-05-27 03:15:04 INFO  ApacheHttpClient.testConnection(195) - result = true
2018-05-27 03:15:05 INFO  ApacheHttpClient.testConnection(187) - responseCode = 200
2018-05-27 03:15:05 INFO  ApacheHttpClient.testConnection(195) - result = true
2018-05-27 03:15:52 INFO  ApacheHttpClient.sendEvent(469) - responseCode = 200
2018-05-27 03:16:52 INFO  ApacheHttpClient.sendEvent(469) - responseCode = 200
2018-05-27 03:17:52 INFO  ApacheHttpClient.sendEvent(469) - responseCode = 200
2018-05-27 03:18:52 INFO  ApacheHttpClient.sendEvent(469) - responseCode = 200
2018-05-27 03:19:52 INFO  ApacheHttpClient.sendEvent(469) - responseCode = 200
2018-05-27 03:20:52 INFO  ApacheHttpClient.sendEvent(469) - responseCode = 200
2018-05-27 03:21:52 INFO  ApacheHttpClient.sendEvent(469) - responseCode = 200
2018-05-27 03:22:52 INFO  ApacheHttpClient.sendEvent(469) - responseCode = 200
2018-05-27 03:23:52 INFO  ApacheHttpClient.sendEvent(469) - responseCode = 200
2018-05-27 03:24:52 INFO  ApacheHttpClient.sendEvent(469) - responseCode = 200
2018-05-27 03:25:52 INFO  ApacheHttpClient.sendEvent(469) - responseCode = 200
2018-05-27 03:26:52 INFO  ApacheHttpClient.sendEvent(469) - responseCode = 200
2018-05-27 03:27:52 INFO  ApacheHttpClient.sendEvent(469) - responseCode = 200
2018-05-27 03:28:52 INFO  ApacheHttpClient.sendEvent(469) - responseCode = 200
2018-05-27 03:29:52 INFO  ApacheHttpClient.sendEvent(469) - responseCode = 200
2018-05-27 03:30:52 INFO  ApacheHttpClient.sendEvent(469) - responseCode = 200
2018-05-27 03:31:52 INFO  ApacheHttpClient.sendEvent(469) - responseCode = 200
2018-05-27 03:32:52 INFO  ApacheHttpClient.sendEvent(469) - responseCode = 200
2018-05-27 03:33:52 INFO  ApacheHttpClient.sendEvent(469) - responseCode = 200
2018-05-27 03:34:52 INFO  ApacheHttpClient.sendEvent(469) - responseCode = 200
2018-05-27 03:35:52 INFO  ApacheHttpClient.sendEvent(469) - responseCode = 200
2018-05-27 03:36:52 INFO  ApacheHttpClient.sendEvent(469) - responseCode = 200
2018-05-27 03:37:52 INFO  ApacheHttpClient.sendEvent(469) - responseCode = 200
2018-05-27 03:38:52 INFO  ApacheHttpClient.sendEvent(469) - responseCode = 200
2018-05-27 03:39:52 INFO  ApacheHttpClient.sendEvent(469) - responseCode = 200
2018-05-27 03:40:52 INFO  ApacheHttpClient.sendEvent(469) - responseCode = 200
2018-05-27 03:41:52 INFO  ApacheHttpClient.sendEvent(469) - responseCode = 200
2018-05-27 03:42:52 INFO  ApacheHttpClient.sendEvent(469) - responseCode = 200
2018-05-27 03:43:52 INFO  ApacheHttpClient.sendEvent(469) - responseCode = 200
2018-05-27 03:44:52 INFO  ApacheHttpClient.sendEvent(469) - responseCode = 200
2018-05-27 03:45:52 INFO  ApacheHttpClient.sendEvent(469) - responseCode = 200
2018-05-27 03:47:22 INFO  ApacheHttpClient.sendEvent(469) - responseCode = 504
2018-05-27 03:47:52 INFO  ApacheHttpClient.sendEvent(469) - responseCode = 200
2018-05-27 03:48:52 INFO  ApacheHttpClient.sendEvent(469) - responseCode = 200
2018-05-27 03:49:52 INFO  ApacheHttpClient.sendEvent(469) - responseCode = 200
2018-05-27 03:50:52 INFO  ApacheHttpClient.sendEvent(469) - responseCode = 200
2018-05-27 03:51:52 INFO  ApacheHttpClient.sendEvent(469) - responseCode = 200
2018-05-27 03:52:52 INFO  ApacheHttpClient.sendEvent(469) - responseCode = 200
2018-05-27 03:53:52 INFO  ApacheHttpClient.sendEvent(469) - responseCode = 200
2018-05-27 03:54:52 INFO  ApacheHttpClient.sendEvent(469) - responseCode = 200
2018-05-27 03:55:52 INFO  ApacheHttpClient.sendEvent(469) - responseCode = 200
2018-05-27 03:56:52 INFO  ApacheHttpClient.sendEvent(469) - responseCode = 200
2018-05-27 03:57:52 INFO  ApacheHttpClient.sendEvent(469) - responseCode = 200
2018-05-27 03:58:52 INFO  ApacheHttpClient.sendEvent(469) - responseCode = 200
2018-05-27 03:59:29 INFO  ApacheHttpClient.testConnection(187) - responseCode = 200
2018-05-27 03:59:29 INFO  ApacheHttpClient.testConnection(195) - result = true
2018-05-27 03:59:52 INFO  ApacheHttpClient.sendEvent(469) - responseCode = 200
2018-05-27 04:00:52 INFO  ApacheHttpClient.sendEvent(469) - responseCode = 200
2018-05-27 04:01:47 INFO  JavaRushTasksProjectComponent.projectClosing(165) - ---------- Project JavaRushTasks closed ----------

2018-05-27 04:01:47 INFO  ApacheHttpClient.getTask(421) - responseCode = 200
2018-05-27 04:01:57 INFO  JavaRushTasksProjectComponent.projectOpened(68) - ---------- Project JavaRushTasks opened ----------
2018-05-27 04:01:57 INFO  JavaRushTasksProjectComponent.projectOpened(69) - ---------- Version 3.17 ----------

2018-05-27 04:01:57 INFO  ApacheHttpClient.createAsyncHttpClient(129) - Выбрано 1 прокси. Тип : DIRECT
2018-05-27 04:01:57 INFO  ApacheHttpClient.<init>(87) - ApacheHttpClient проинстанциирован успешно.
2018-05-27 04:01:58 INFO  ApacheHttpClient.testConnection(187) - responseCode = 200
2018-05-27 04:01:58 INFO  ApacheHttpClient.testConnection(195) - result = true
2018-05-27 04:01:58 INFO  ApacheHttpClient.login(225) - Ожидание ответа сервера.
2018-05-27 04:01:58 INFO  ApacheHttpClient.login(225) - Ожидание ответа сервера.
2018-05-27 04:01:58 INFO  ApacheHttpClient.login(229) - responseCode = 200
2018-05-27 04:01:58 INFO  ApacheHttpClient.login(260) - JSESSIONID=D187F0F8DF033AA57D93A5BD66FEF66D
2018-05-27 04:01:58 INFO  ApacheHttpClient.refreshUserInfo(288) - responseCode = 200
2018-05-27 04:01:58 INFO  ApacheHttpClient.refreshUserInfo(294) - Информация о пользователе получена.
2018-05-27 04:01:58 INFO  ApacheHttpClient.startGA(31) - GAService запущен.
2018-05-27 04:01:58 INFO  AbstractRestApiClient.startService(70) - EventsService запущен.
2018-05-27 04:02:01 INFO  ApacheHttpClient.testConnection(187) - responseCode = 200
2018-05-27 04:02:01 INFO  ApacheHttpClient.testConnection(195) - result = true
2018-05-27 04:02:01 INFO  ApacheHttpClient.testConnection(187) - responseCode = 200
2018-05-27 04:02:01 INFO  ApacheHttpClient.testConnection(195) - result = true
2018-05-27 04:02:01 INFO  ApacheHttpClient.getWebResourceAsStream(436) - responseCode = 200
2018-05-27 04:02:04 INFO  ApacheHttpClient.testConnection(187) - responseCode = 200
2018-05-27 04:02:04 INFO  ApacheHttpClient.testConnection(195) - result = true
2018-05-27 04:02:20 INFO  ApacheHttpClient.testConnection(187) - responseCode = 200
2018-05-27 04:02:20 INFO  ApacheHttpClient.testConnection(195) - result = true
2018-05-27 04:02:21 INFO  ApacheHttpClient.testConnection(187) - responseCode = 200
2018-05-27 04:02:21 INFO  ApacheHttpClient.testConnection(195) - result = true
2018-05-27 04:02:59 INFO  ApacheHttpClient.sendEvent(469) - responseCode = 200
2018-05-27 04:03:59 INFO  ApacheHttpClient.sendEvent(469) - responseCode = 200
2018-05-27 04:04:59 INFO  ApacheHttpClient.sendEvent(469) - responseCode = 200
2018-05-27 04:05:59 INFO  ApacheHttpClient.sendEvent(469) - responseCode = 200
