2018-01-29 16:51:51 INFO  JavaRushTasksProjectComponent.projectOpened(68) - ---------- Project JavaRushTasks opened ----------

2018-01-29 16:51:52 INFO  ApacheHttpClient.login(209) - Ожидание ответа сервера.
2018-01-29 16:51:52 INFO  ApacheHttpClient.login(213) - responseCode = 200
2018-01-29 16:51:52 INFO  ApacheHttpClient.login(244) - JSESSIONID=F926B45E07775FAE635C11A479CF9E19
2018-01-29 16:51:52 INFO  ApacheHttpClient.refreshUserInfo(272) - responseCode = 200
2018-01-29 16:51:52 INFO  ApacheHttpClient.refreshUserInfo(278) - Информация о пользователе получена.
2018-01-29 16:51:52 INFO  ApacheHttpClient.startGA(32) - GAService запущен.
2018-01-29 16:51:52 INFO  AbstractRestApiClient.startService(70) - EventsService запущен.
2018-01-29 16:51:54 INFO  ApacheHttpClient.testConnection(178) - responseCode = 200
2018-01-29 16:51:54 INFO  ApacheHttpClient.testConnection(185) - result = true
2018-01-29 16:52:13 INFO  ApacheHttpClient.getWebResourceAsStream(420) - responseCode = 200
2018-01-29 16:52:13 INFO  ApacheHttpClient.getFilteredTasks(307) - responseCode = 200
2018-01-29 16:52:18 INFO  ApacheHttpClient.getFilteredTasks(307) - responseCode = 200
2018-01-29 16:52:20 INFO  ApacheHttpClient.getTaskTemplateInfo(324) - responseCode = 200
2018-01-29 16:52:21 INFO  ApacheHttpClient.testConnection(178) - responseCode = 200
2018-01-29 16:52:21 INFO  ApacheHttpClient.testConnection(185) - result = true
2018-01-29 16:52:21 INFO  ApacheHttpClient.testConnection(178) - responseCode = 200
2018-01-29 16:52:21 INFO  ApacheHttpClient.testConnection(185) - result = true
2018-01-29 16:52:21 INFO  ApacheHttpClient.getWebResourceAsStream(420) - responseCode = 200
2018-01-29 16:52:38 INFO  ApacheHttpClient.sendEvent(450) - responseCode = 200
2018-01-29 16:52:52 INFO  ApacheHttpClient.sendEvent(450) - responseCode = 200
2018-01-29 16:53:38 INFO  ApacheHttpClient.sendEvent(450) - responseCode = 200
2018-01-29 16:53:52 INFO  ApacheHttpClient.sendEvent(450) - responseCode = 200
2018-01-29 16:54:20 INFO  ApacheHttpClient.getWebResourceAsStream(420) - responseCode = 200
2018-01-29 16:54:21 INFO  ApacheHttpClient.getWebResourceAsStream(420) - responseCode = 200
2018-01-29 16:54:21 INFO  ApacheHttpClient.getTask(405) - responseCode = 200
2018-01-29 16:54:23 INFO  ApacheHttpClient.completed(27) - responseCode = 200
2018-01-29 16:54:23 INFO  ApacheHttpClient.getTask(405) - responseCode = 200
2018-01-29 16:54:38 INFO  ApacheHttpClient.sendEvent(450) - responseCode = 200
2018-01-29 16:54:52 INFO  ApacheHttpClient.sendEvent(450) - responseCode = 200
2018-01-29 16:55:38 INFO  ApacheHttpClient.sendEvent(450) - responseCode = 200
2018-01-29 16:55:52 INFO  ApacheHttpClient.sendEvent(450) - responseCode = 200
2018-01-29 16:56:38 INFO  ApacheHttpClient.sendEvent(450) - responseCode = 200
2018-01-29 16:56:52 INFO  ApacheHttpClient.sendEvent(450) - responseCode = 200
2018-01-29 16:57:16 INFO  ApacheHttpClient.getWebResourceAsStream(420) - responseCode = 200
2018-01-29 16:57:16 INFO  ApacheHttpClient.getFilteredTasks(307) - responseCode = 200
2018-01-29 16:57:17 INFO  ApacheHttpClient.getTaskTemplateInfo(324) - responseCode = 200
2018-01-29 16:57:17 INFO  ApacheHttpClient.testConnection(178) - responseCode = 200
2018-01-29 16:57:17 INFO  ApacheHttpClient.testConnection(185) - result = true
2018-01-29 16:57:17 INFO  ApacheHttpClient.testConnection(178) - responseCode = 200
2018-01-29 16:57:17 INFO  ApacheHttpClient.testConnection(185) - result = true
2018-01-29 16:57:17 INFO  ApacheHttpClient.getWebResourceAsStream(420) - responseCode = 200
2018-01-29 16:57:38 INFO  ApacheHttpClient.sendEvent(450) - responseCode = 200
2018-01-29 16:57:52 INFO  ApacheHttpClient.sendEvent(450) - responseCode = 200
2018-01-29 16:58:38 INFO  ApacheHttpClient.sendEvent(450) - responseCode = 200
2018-01-29 16:58:52 INFO  ApacheHttpClient.sendEvent(450) - responseCode = 200
2018-01-29 16:59:38 INFO  ApacheHttpClient.sendEvent(450) - responseCode = 200
2018-01-29 16:59:52 INFO  ApacheHttpClient.sendEvent(450) - responseCode = 200
2018-01-29 17:00:38 INFO  ApacheHttpClient.sendEvent(450) - responseCode = 200
2018-01-29 17:00:52 INFO  ApacheHttpClient.sendEvent(450) - responseCode = 200
2018-01-29 17:01:38 INFO  ApacheHttpClient.sendEvent(450) - responseCode = 200
2018-01-29 17:01:52 INFO  ApacheHttpClient.sendEvent(450) - responseCode = 200
2018-01-29 17:02:38 INFO  ApacheHttpClient.sendEvent(450) - responseCode = 200
2018-01-29 17:02:52 INFO  ApacheHttpClient.sendEvent(450) - responseCode = 200
2018-01-29 17:03:07 INFO  ApacheHttpClient.getWebResourceAsStream(420) - responseCode = 200
2018-01-29 17:03:07 INFO  ApacheHttpClient.getWebResourceAsStream(420) - responseCode = 200
2018-01-29 17:03:07 INFO  ApacheHttpClient.getTask(405) - responseCode = 200
2018-01-29 17:03:08 INFO  ApacheHttpClient.completed(27) - responseCode = 200
2018-01-29 17:03:09 INFO  ApacheHttpClient.getTask(405) - responseCode = 200
2018-01-29 17:03:12 INFO  ApacheHttpClient.getWebResourceAsStream(420) - responseCode = 200
2018-01-29 17:03:12 INFO  ApacheHttpClient.getFilteredTasks(307) - responseCode = 200
2018-01-29 17:03:13 INFO  ApacheHttpClient.getTaskTemplateInfo(324) - responseCode = 200
2018-01-29 17:03:13 INFO  ApacheHttpClient.testConnection(178) - responseCode = 200
2018-01-29 17:03:13 INFO  ApacheHttpClient.testConnection(185) - result = true
2018-01-29 17:03:13 INFO  ApacheHttpClient.testConnection(178) - responseCode = 200
2018-01-29 17:03:13 INFO  ApacheHttpClient.testConnection(185) - result = true
2018-01-29 17:03:13 INFO  ApacheHttpClient.getWebResourceAsStream(420) - responseCode = 200
2018-01-29 17:03:38 INFO  ApacheHttpClient.sendEvent(450) - responseCode = 200
2018-01-29 17:03:52 INFO  ApacheHttpClient.sendEvent(450) - responseCode = 200
2018-01-29 17:04:38 INFO  ApacheHttpClient.sendEvent(450) - responseCode = 200
2018-01-29 17:04:52 INFO  ApacheHttpClient.sendEvent(450) - responseCode = 200
2018-01-29 17:05:38 INFO  ApacheHttpClient.sendEvent(450) - responseCode = 200
2018-01-29 17:05:52 INFO  ApacheHttpClient.sendEvent(450) - responseCode = 200
2018-01-29 17:06:38 INFO  ApacheHttpClient.sendEvent(450) - responseCode = 200
2018-01-29 17:06:52 INFO  ApacheHttpClient.sendEvent(450) - responseCode = 200
2018-01-29 17:07:38 INFO  ApacheHttpClient.sendEvent(450) - responseCode = 200
2018-01-29 17:07:52 INFO  ApacheHttpClient.sendEvent(450) - responseCode = 200
2018-01-29 17:08:38 INFO  ApacheHttpClient.sendEvent(450) - responseCode = 200
2018-01-29 17:08:52 INFO  ApacheHttpClient.sendEvent(450) - responseCode = 200
2018-01-29 17:09:14 INFO  ApacheHttpClient.testConnection(178) - responseCode = 200
2018-01-29 17:09:14 INFO  ApacheHttpClient.testConnection(185) - result = true
2018-01-29 17:09:38 INFO  ApacheHttpClient.sendEvent(450) - responseCode = 200
2018-01-29 17:09:52 INFO  ApacheHttpClient.sendEvent(450) - responseCode = 200
2018-01-29 17:10:38 INFO  ApacheHttpClient.sendEvent(450) - responseCode = 200
2018-01-29 17:10:52 INFO  ApacheHttpClient.sendEvent(450) - responseCode = 200
2018-01-29 17:11:38 INFO  ApacheHttpClient.sendEvent(450) - responseCode = 200
2018-01-29 17:11:52 INFO  ApacheHttpClient.sendEvent(450) - responseCode = 200
2018-01-29 17:12:38 INFO  ApacheHttpClient.sendEvent(450) - responseCode = 200
2018-01-29 17:12:52 INFO  ApacheHttpClient.sendEvent(450) - responseCode = 200
2018-01-29 17:13:38 INFO  ApacheHttpClient.sendEvent(450) - responseCode = 200
2018-01-29 17:13:52 INFO  ApacheHttpClient.sendEvent(450) - responseCode = 200
2018-01-29 17:14:38 INFO  ApacheHttpClient.sendEvent(450) - responseCode = 200
2018-01-29 17:14:52 INFO  ApacheHttpClient.sendEvent(450) - responseCode = 200
2018-01-29 17:15:38 INFO  ApacheHttpClient.sendEvent(450) - responseCode = 200
2018-01-29 17:15:52 INFO  ApacheHttpClient.sendEvent(450) - responseCode = 200
2018-01-29 17:16:38 INFO  ApacheHttpClient.sendEvent(450) - responseCode = 200
2018-01-29 17:16:52 INFO  ApacheHttpClient.sendEvent(450) - responseCode = 200
2018-01-29 17:17:38 INFO  ApacheHttpClient.sendEvent(450) - responseCode = 200
2018-01-29 17:17:52 INFO  ApacheHttpClient.sendEvent(450) - responseCode = 200
2018-01-29 17:18:38 INFO  ApacheHttpClient.sendEvent(450) - responseCode = 200
2018-01-29 17:18:52 INFO  ApacheHttpClient.sendEvent(450) - responseCode = 200
2018-01-29 17:19:38 INFO  ApacheHttpClient.sendEvent(450) - responseCode = 200
2018-01-29 17:19:52 INFO  ApacheHttpClient.sendEvent(450) - responseCode = 200
2018-01-29 17:20:38 INFO  ApacheHttpClient.sendEvent(450) - responseCode = 200
2018-01-29 17:20:52 INFO  ApacheHttpClient.sendEvent(450) - responseCode = 200
2018-01-29 17:21:38 INFO  ApacheHttpClient.sendEvent(450) - responseCode = 200
2018-01-29 17:21:52 INFO  ApacheHttpClient.sendEvent(450) - responseCode = 200
2018-01-29 17:22:38 INFO  ApacheHttpClient.sendEvent(450) - responseCode = 200
2018-01-29 17:22:52 INFO  ApacheHttpClient.sendEvent(450) - responseCode = 200
2018-01-29 17:23:38 INFO  ApacheHttpClient.sendEvent(450) - responseCode = 200
2018-01-29 17:23:52 INFO  ApacheHttpClient.sendEvent(450) - responseCode = 200
2018-01-29 17:24:25 INFO  ApacheHttpClient.getWebResourceAsStream(420) - responseCode = 200
2018-01-29 17:24:25 INFO  ApacheHttpClient.getWebResourceAsStream(420) - responseCode = 200
2018-01-29 17:24:26 INFO  ApacheHttpClient.getTask(405) - responseCode = 200
2018-01-29 17:24:28 INFO  ApacheHttpClient.completed(27) - responseCode = 200
2018-01-29 17:24:28 INFO  ApacheHttpClient.getTask(405) - responseCode = 200
2018-01-29 17:24:38 INFO  ApacheHttpClient.sendEvent(450) - responseCode = 200
2018-01-29 17:24:52 INFO  ApacheHttpClient.sendEvent(450) - responseCode = 200
2018-01-29 17:25:38 INFO  ApacheHttpClient.sendEvent(450) - responseCode = 200
2018-01-29 17:25:50 INFO  ApacheHttpClient.testConnection(178) - responseCode = 200
2018-01-29 17:25:50 INFO  ApacheHttpClient.testConnection(185) - result = true
2018-01-29 17:25:52 INFO  ApacheHttpClient.sendEvent(450) - responseCode = 200
2018-01-29 17:26:38 INFO  ApacheHttpClient.sendEvent(450) - responseCode = 200
2018-01-29 17:26:52 INFO  ApacheHttpClient.sendEvent(450) - responseCode = 200
2018-01-29 17:27:38 INFO  ApacheHttpClient.sendEvent(450) - responseCode = 200
2018-01-29 17:27:52 INFO  ApacheHttpClient.sendEvent(450) - responseCode = 200
2018-01-29 17:28:38 INFO  ApacheHttpClient.sendEvent(450) - responseCode = 200
2018-01-29 17:28:52 INFO  ApacheHttpClient.sendEvent(450) - responseCode = 200
2018-01-29 17:29:38 INFO  ApacheHttpClient.sendEvent(450) - responseCode = 200
2018-01-29 17:29:52 INFO  ApacheHttpClient.sendEvent(450) - responseCode = 200
2018-01-29 17:30:38 INFO  ApacheHttpClient.sendEvent(450) - responseCode = 200
2018-01-29 17:30:52 INFO  ApacheHttpClient.sendEvent(450) - responseCode = 200
2018-01-29 17:31:38 INFO  ApacheHttpClient.sendEvent(450) - responseCode = 200
2018-01-29 17:31:52 INFO  ApacheHttpClient.sendEvent(450) - responseCode = 200
2018-01-29 17:32:38 INFO  ApacheHttpClient.sendEvent(450) - responseCode = 200
2018-01-29 17:32:52 INFO  ApacheHttpClient.sendEvent(450) - responseCode = 200
2018-01-29 17:33:38 INFO  ApacheHttpClient.sendEvent(450) - responseCode = 200
2018-01-29 17:33:52 INFO  ApacheHttpClient.sendEvent(450) - responseCode = 200
2018-01-29 17:34:22 INFO  ApacheHttpClient.getWebResourceAsStream(420) - responseCode = 200
2018-01-29 17:34:22 INFO  ApacheHttpClient.getFilteredTasks(307) - responseCode = 200
2018-01-29 17:34:23 INFO  ApacheHttpClient.getTaskTemplateInfo(324) - responseCode = 200
2018-01-29 17:34:24 INFO  ApacheHttpClient.testConnection(178) - responseCode = 200
2018-01-29 17:34:24 INFO  ApacheHttpClient.testConnection(185) - result = true
2018-01-29 17:34:24 INFO  ApacheHttpClient.testConnection(178) - responseCode = 200
2018-01-29 17:34:24 INFO  ApacheHttpClient.testConnection(185) - result = true
2018-01-29 17:34:24 INFO  ApacheHttpClient.getWebResourceAsStream(420) - responseCode = 200
2018-01-29 17:34:38 INFO  ApacheHttpClient.sendEvent(450) - responseCode = 200
2018-01-29 17:34:52 INFO  ApacheHttpClient.sendEvent(450) - responseCode = 200
2018-01-29 17:35:38 INFO  ApacheHttpClient.sendEvent(450) - responseCode = 200
2018-01-29 17:35:52 INFO  ApacheHttpClient.sendEvent(450) - responseCode = 200
2018-01-29 17:36:38 INFO  ApacheHttpClient.sendEvent(450) - responseCode = 200
2018-01-29 17:36:52 INFO  ApacheHttpClient.sendEvent(450) - responseCode = 200
2018-01-29 17:37:38 INFO  ApacheHttpClient.sendEvent(450) - responseCode = 200
2018-01-29 17:37:52 INFO  ApacheHttpClient.sendEvent(450) - responseCode = 200
2018-01-29 17:38:38 INFO  ApacheHttpClient.sendEvent(450) - responseCode = 200
2018-01-29 17:38:52 INFO  ApacheHttpClient.sendEvent(450) - responseCode = 200
2018-01-29 17:39:38 INFO  ApacheHttpClient.sendEvent(450) - responseCode = 200
2018-01-29 17:39:52 INFO  ApacheHttpClient.sendEvent(450) - responseCode = 200
2018-01-29 17:40:38 INFO  ApacheHttpClient.sendEvent(450) - responseCode = 200
2018-01-29 17:40:52 INFO  ApacheHttpClient.sendEvent(450) - responseCode = 200
2018-01-29 17:41:38 INFO  ApacheHttpClient.sendEvent(450) - responseCode = 200
2018-01-29 17:41:52 INFO  ApacheHttpClient.sendEvent(450) - responseCode = 200
2018-01-29 17:42:38 INFO  ApacheHttpClient.sendEvent(450) - responseCode = 200
2018-01-29 17:42:52 INFO  ApacheHttpClient.sendEvent(450) - responseCode = 200
2018-01-29 17:43:15 INFO  ApacheHttpClient.getWebResourceAsStream(420) - responseCode = 200
2018-01-29 17:43:16 INFO  ApacheHttpClient.getWebResourceAsStream(420) - responseCode = 200
2018-01-29 17:43:16 INFO  ApacheHttpClient.getTask(405) - responseCode = 200
2018-01-29 17:43:18 INFO  ApacheHttpClient.completed(27) - responseCode = 200
2018-01-29 17:43:38 INFO  ApacheHttpClient.sendEvent(450) - responseCode = 200
2018-01-29 17:43:52 INFO  ApacheHttpClient.sendEvent(450) - responseCode = 200
2018-01-29 17:44:05 INFO  JavaRushTasksProjectComponent.projectClosing(157) - ---------- Project JavaRushTasks closed ----------

2018-01-29 17:44:05 INFO  ApacheHttpClient.getTask(405) - responseCode = 200
2018-01-29 17:44:05 INFO  ApacheHttpClient.getTask(405) - responseCode = 200
2018-01-29 17:44:05 INFO  ApacheHttpClient.getTask(405) - responseCode = 200
2018-01-29 17:44:05 INFO  ApacheHttpClient.getTask(405) - responseCode = 200
2018-01-29 17:44:08 INFO  ApacheHttpClient.getWebResourceAsStream(420) - responseCode = 200
2018-01-29 17:44:08 INFO  ApacheHttpClient.getFilteredTasks(307) - responseCode = 200
2018-01-29 17:44:11 INFO  ApacheHttpClient.getTaskTemplateInfo(324) - responseCode = 200
2018-01-29 17:44:12 INFO  ApacheHttpClient.testConnection(178) - responseCode = 200
2018-01-29 17:44:12 INFO  ApacheHttpClient.testConnection(185) - result = true
2018-01-29 17:44:12 INFO  ApacheHttpClient.testConnection(178) - responseCode = 200
2018-01-29 17:44:12 INFO  ApacheHttpClient.testConnection(185) - result = true
2018-01-29 17:44:12 INFO  ApacheHttpClient.getWebResourceAsStream(420) - responseCode = 200
2018-01-29 17:44:38 INFO  ApacheHttpClient.sendEvent(450) - responseCode = 200
2018-01-29 17:45:38 INFO  ApacheHttpClient.sendEvent(450) - responseCode = 200
2018-01-29 17:46:38 INFO  ApacheHttpClient.sendEvent(450) - responseCode = 200
2018-01-29 17:47:48 INFO  ApacheHttpClient.sendEvent(450) - responseCode = 200
2018-01-29 17:48:38 INFO  ApacheHttpClient.sendEvent(450) - responseCode = 200
2018-01-29 17:49:38 INFO  ApacheHttpClient.sendEvent(450) - responseCode = 200
2018-01-29 17:50:38 INFO  ApacheHttpClient.sendEvent(450) - responseCode = 200
2018-01-29 17:51:47 INFO  ApacheHttpClient.sendEvent(450) - responseCode = 200
2018-01-29 17:52:38 INFO  ApacheHttpClient.sendEvent(450) - responseCode = 200
2018-01-29 17:53:38 INFO  ApacheHttpClient.sendEvent(450) - responseCode = 200
2018-01-29 17:54:38 INFO  ApacheHttpClient.sendEvent(450) - responseCode = 200
2018-01-29 17:55:38 INFO  ApacheHttpClient.sendEvent(450) - responseCode = 200
2018-01-29 17:56:02 INFO  ApacheHttpClient.getWebResourceAsStream(420) - responseCode = 200
2018-01-29 17:56:02 INFO  ApacheHttpClient.getFilteredTasks(307) - responseCode = 200
2018-01-29 17:56:03 INFO  ApacheHttpClient.getTaskTemplateInfo(324) - responseCode = 200
2018-01-29 17:56:07 INFO  ApacheHttpClient.testConnection(178) - responseCode = 200
2018-01-29 17:56:07 INFO  ApacheHttpClient.testConnection(185) - result = true
2018-01-29 17:56:08 INFO  ApacheHttpClient.testConnection(178) - responseCode = 200
2018-01-29 17:56:08 INFO  ApacheHttpClient.testConnection(185) - result = true
2018-01-29 17:56:08 INFO  ApacheHttpClient.getWebResourceAsStream(420) - responseCode = 200
2018-01-29 17:56:38 INFO  ApacheHttpClient.sendEvent(450) - responseCode = 200
2018-01-29 17:57:38 INFO  ApacheHttpClient.sendEvent(450) - responseCode = 200
2018-01-29 17:58:38 INFO  ApacheHttpClient.sendEvent(450) - responseCode = 200
2018-01-29 17:59:38 INFO  ApacheHttpClient.sendEvent(450) - responseCode = 200
2018-01-29 18:00:38 INFO  ApacheHttpClient.sendEvent(450) - responseCode = 200
2018-01-29 18:01:38 INFO  ApacheHttpClient.sendEvent(450) - responseCode = 200
2018-01-29 18:02:38 INFO  ApacheHttpClient.sendEvent(450) - responseCode = 200
2018-01-29 18:03:38 INFO  ApacheHttpClient.sendEvent(450) - responseCode = 200
2018-01-29 18:04:38 INFO  ApacheHttpClient.sendEvent(450) - responseCode = 200
2018-01-29 18:05:38 INFO  ApacheHttpClient.sendEvent(450) - responseCode = 200
2018-01-29 18:06:38 INFO  ApacheHttpClient.sendEvent(450) - responseCode = 200
2018-01-29 18:07:24 INFO  ApacheHttpClient.getWebResourceAsStream(420) - responseCode = 200
2018-01-29 18:07:24 INFO  ApacheHttpClient.login(209) - Ожидание ответа сервера.
2018-01-29 18:07:24 INFO  ApacheHttpClient.login(213) - responseCode = 200
2018-01-29 18:07:24 INFO  ApacheHttpClient.login(244) - JSESSIONID=F926B45E07775FAE635C11A479CF9E19
2018-01-29 18:07:24 INFO  ApacheHttpClient.refreshUserInfo(272) - responseCode = 200
2018-01-29 18:07:24 INFO  ApacheHttpClient.refreshUserInfo(278) - Информация о пользователе получена.
2018-01-29 18:07:30 INFO  ApacheHttpClient.getWebResourceAsStream(420) - responseCode = 200
2018-01-29 18:07:30 INFO  ApacheHttpClient.getFilteredTasks(307) - responseCode = 200
2018-01-29 18:07:38 INFO  ApacheHttpClient.sendEvent(450) - responseCode = 200
2018-01-29 18:08:38 INFO  ApacheHttpClient.sendEvent(450) - responseCode = 200
2018-01-29 18:09:38 INFO  ApacheHttpClient.sendEvent(450) - responseCode = 200
2018-01-29 18:10:38 INFO  ApacheHttpClient.sendEvent(450) - responseCode = 200
2018-01-29 18:11:38 INFO  ApacheHttpClient.sendEvent(450) - responseCode = 200
2018-01-29 18:12:38 INFO  ApacheHttpClient.sendEvent(450) - responseCode = 200
2018-01-29 18:13:48 INFO  ApacheHttpClient.sendEvent(450) - responseCode = 200
2018-01-29 18:14:38 INFO  ApacheHttpClient.sendEvent(450) - responseCode = 200
2018-01-29 18:15:38 INFO  ApacheHttpClient.sendEvent(450) - responseCode = 200
2018-01-29 18:16:38 INFO  ApacheHttpClient.sendEvent(450) - responseCode = 200
2018-01-29 18:17:38 INFO  ApacheHttpClient.sendEvent(450) - responseCode = 200
2018-01-29 18:18:14 INFO  ApacheHttpClient.getWebResourceAsStream(420) - responseCode = 200
2018-01-29 18:18:14 INFO  ApacheHttpClient.getFilteredTasks(307) - responseCode = 200
2018-01-29 18:18:17 INFO  ApacheHttpClient.getTaskTemplateInfo(324) - responseCode = 200
2018-01-29 18:18:17 INFO  ApacheHttpClient.testConnection(178) - responseCode = 200
2018-01-29 18:18:17 INFO  ApacheHttpClient.testConnection(185) - result = true
2018-01-29 18:18:17 INFO  ApacheHttpClient.testConnection(178) - responseCode = 200
2018-01-29 18:18:17 INFO  ApacheHttpClient.testConnection(185) - result = true
2018-01-29 18:18:18 INFO  ApacheHttpClient.getWebResourceAsStream(420) - responseCode = 200
2018-01-29 18:18:38 INFO  ApacheHttpClient.sendEvent(450) - responseCode = 200
2018-01-29 18:19:38 INFO  ApacheHttpClient.sendEvent(450) - responseCode = 200
2018-01-29 18:20:21 INFO  ApacheHttpClient.getWebResourceAsStream(420) - responseCode = 200
2018-01-29 18:20:22 INFO  ApacheHttpClient.getWebResourceAsStream(420) - responseCode = 200
2018-01-29 18:20:22 INFO  ApacheHttpClient.getTask(405) - responseCode = 200
2018-01-29 18:20:23 INFO  ApacheHttpClient.completed(27) - responseCode = 200
2018-01-29 18:20:38 INFO  ApacheHttpClient.sendEvent(450) - responseCode = 200
2018-01-29 18:21:38 INFO  ApacheHttpClient.sendEvent(450) - responseCode = 200
2018-01-29 18:22:38 INFO  ApacheHttpClient.sendEvent(450) - responseCode = 200
2018-01-29 18:23:38 INFO  ApacheHttpClient.sendEvent(450) - responseCode = 200
2018-01-29 18:24:38 INFO  ApacheHttpClient.sendEvent(450) - responseCode = 200
2018-01-29 18:25:38 INFO  ApacheHttpClient.sendEvent(450) - responseCode = 200
2018-01-30 09:04:18 ERROR ApacheHttpClient.processExceptionSendEvent(103) - (super) Ошибка во время отправки ивента на сервер.
2018-01-30 09:53:48 ERROR ApacheHttpClient.processExceptionSendEvent(103) - (super) Ошибка во время отправки ивента на сервер.
2018-01-30 09:54:21 INFO  ApacheHttpClient.getWebResourceAsStream(420) - responseCode = 200
2018-01-30 09:54:21 INFO  ApacheHttpClient.getFilteredTasks(307) - responseCode = 200
2018-01-30 09:54:37 INFO  ApacheHttpClient.getTaskTemplateInfo(324) - responseCode = 200
2018-01-30 09:54:37 INFO  ApacheHttpClient.testConnection(178) - responseCode = 200
2018-01-30 09:54:37 INFO  ApacheHttpClient.testConnection(185) - result = true
2018-01-30 09:54:37 INFO  ApacheHttpClient.testConnection(178) - responseCode = 200
2018-01-30 09:54:37 INFO  ApacheHttpClient.testConnection(185) - result = true
2018-01-30 09:54:38 INFO  ApacheHttpClient.getWebResourceAsStream(420) - responseCode = 200
2018-01-30 09:54:48 INFO  ApacheHttpClient.sendEvent(450) - responseCode = 200
2018-01-30 09:55:48 INFO  ApacheHttpClient.sendEvent(450) - responseCode = 200
2018-01-30 09:56:48 INFO  ApacheHttpClient.sendEvent(450) - responseCode = 200
2018-01-30 09:57:46 INFO  ApacheHttpClient.getWebResourceAsStream(420) - responseCode = 200
2018-01-30 09:57:46 INFO  ApacheHttpClient.getWebResourceAsStream(420) - responseCode = 200
2018-01-30 09:57:46 INFO  ApacheHttpClient.getTask(405) - responseCode = 200
2018-01-30 09:57:47 INFO  ApacheHttpClient.completed(27) - responseCode = 200
2018-01-30 09:57:48 INFO  ApacheHttpClient.sendEvent(450) - responseCode = 200
2018-01-30 09:58:07 INFO  ApacheHttpClient.getWebResourceAsStream(420) - responseCode = 200
2018-01-30 09:58:07 INFO  ApacheHttpClient.getWebResourceAsStream(420) - responseCode = 200
2018-01-30 09:58:07 INFO  ApacheHttpClient.getTask(405) - responseCode = 200
2018-01-30 09:58:08 INFO  ApacheHttpClient.completed(27) - responseCode = 200
2018-01-30 09:58:08 INFO  ApacheHttpClient.getTask(405) - responseCode = 200
2018-01-30 09:58:19 INFO  ApacheHttpClient.getWebResourceAsStream(420) - responseCode = 200
2018-01-30 09:58:19 INFO  ApacheHttpClient.getFilteredTasks(307) - responseCode = 200
2018-01-30 09:58:21 INFO  ApacheHttpClient.getTaskTemplateInfo(324) - responseCode = 200
2018-01-30 09:58:21 INFO  ApacheHttpClient.testConnection(178) - responseCode = 200
2018-01-30 09:58:21 INFO  ApacheHttpClient.testConnection(185) - result = true
2018-01-30 09:58:21 INFO  ApacheHttpClient.testConnection(178) - responseCode = 200
2018-01-30 09:58:21 INFO  ApacheHttpClient.testConnection(185) - result = true
2018-01-30 09:58:21 INFO  ApacheHttpClient.getWebResourceAsStream(420) - responseCode = 200
2018-01-30 09:58:48 INFO  ApacheHttpClient.sendEvent(450) - responseCode = 200
2018-01-30 09:59:48 INFO  ApacheHttpClient.sendEvent(450) - responseCode = 200
2018-01-30 09:59:57 INFO  ApacheHttpClient.getWebResourceAsStream(420) - responseCode = 200
2018-01-30 09:59:58 INFO  ApacheHttpClient.getWebResourceAsStream(420) - responseCode = 200
2018-01-30 09:59:58 INFO  ApacheHttpClient.getTask(405) - responseCode = 200
2018-01-30 09:59:59 INFO  ApacheHttpClient.completed(27) - responseCode = 200
2018-01-30 10:00:00 INFO  ApacheHttpClient.getTask(405) - responseCode = 200
2018-01-30 10:00:03 INFO  ApacheHttpClient.getWebResourceAsStream(420) - responseCode = 200
2018-01-30 10:00:03 INFO  ApacheHttpClient.getFilteredTasks(307) - responseCode = 200
2018-01-30 10:00:04 INFO  ApacheHttpClient.getTaskTemplateInfo(324) - responseCode = 200
2018-01-30 10:00:04 INFO  ApacheHttpClient.testConnection(178) - responseCode = 200
2018-01-30 10:00:04 INFO  ApacheHttpClient.testConnection(185) - result = true
2018-01-30 10:00:04 INFO  ApacheHttpClient.testConnection(178) - responseCode = 200
2018-01-30 10:00:04 INFO  ApacheHttpClient.testConnection(185) - result = true
2018-01-30 10:00:04 INFO  ApacheHttpClient.getWebResourceAsStream(420) - responseCode = 200
2018-01-30 10:00:48 INFO  ApacheHttpClient.sendEvent(450) - responseCode = 200
2018-01-30 10:01:48 INFO  ApacheHttpClient.sendEvent(450) - responseCode = 200
2018-01-30 10:02:08 INFO  ApacheHttpClient.getWebResourceAsStream(420) - responseCode = 200
2018-01-30 10:02:09 INFO  ApacheHttpClient.getWebResourceAsStream(420) - responseCode = 200
2018-01-30 10:02:09 INFO  ApacheHttpClient.getTask(405) - responseCode = 200
2018-01-30 10:02:10 INFO  ApacheHttpClient.completed(27) - responseCode = 200
2018-01-30 10:02:10 INFO  ApacheHttpClient.getTask(405) - responseCode = 200
2018-01-30 10:02:17 INFO  ApacheHttpClient.getWebResourceAsStream(420) - responseCode = 200
2018-01-30 10:02:17 INFO  ApacheHttpClient.getFilteredTasks(307) - responseCode = 200
2018-01-30 10:02:20 INFO  ApacheHttpClient.getTaskTemplateInfo(324) - responseCode = 200
2018-01-30 10:02:21 INFO  ApacheHttpClient.testConnection(178) - responseCode = 200
2018-01-30 10:02:21 INFO  ApacheHttpClient.testConnection(185) - result = true
2018-01-30 10:02:21 INFO  ApacheHttpClient.testConnection(178) - responseCode = 200
2018-01-30 10:02:21 INFO  ApacheHttpClient.testConnection(185) - result = true
2018-01-30 10:02:21 INFO  ApacheHttpClient.getWebResourceAsStream(420) - responseCode = 200
2018-01-30 10:02:48 INFO  ApacheHttpClient.sendEvent(450) - responseCode = 200
2018-01-30 10:03:14 INFO  ApacheHttpClient.getWebResourceAsStream(420) - responseCode = 200
2018-01-30 10:03:14 INFO  ApacheHttpClient.getWebResourceAsStream(420) - responseCode = 200
2018-01-30 10:03:14 INFO  ApacheHttpClient.getTask(405) - responseCode = 200
2018-01-30 10:03:15 INFO  ApacheHttpClient.completed(27) - responseCode = 200
2018-01-30 10:03:21 INFO  ApacheHttpClient.getWebResourceAsStream(420) - responseCode = 200
2018-01-30 10:03:22 INFO  ApacheHttpClient.getWebResourceAsStream(420) - responseCode = 200
2018-01-30 10:03:22 INFO  ApacheHttpClient.getTask(405) - responseCode = 200
2018-01-30 10:03:23 INFO  ApacheHttpClient.completed(27) - responseCode = 200
2018-01-30 10:03:48 INFO  ApacheHttpClient.sendEvent(450) - responseCode = 200
2018-01-30 10:04:26 INFO  ApacheHttpClient.getWebResourceAsStream(420) - responseCode = 200
2018-01-30 10:04:27 INFO  ApacheHttpClient.getWebResourceAsStream(420) - responseCode = 200
2018-01-30 10:04:27 INFO  ApacheHttpClient.getTask(405) - responseCode = 200
2018-01-30 10:04:28 INFO  ApacheHttpClient.completed(27) - responseCode = 200
2018-01-30 10:04:28 INFO  ApacheHttpClient.getTask(405) - responseCode = 200
2018-01-30 10:04:37 INFO  ApacheHttpClient.getWebResourceAsStream(420) - responseCode = 200
2018-01-30 10:04:37 INFO  ApacheHttpClient.getFilteredTasks(307) - responseCode = 200
2018-01-30 10:04:38 INFO  ApacheHttpClient.getTaskTemplateInfo(324) - responseCode = 200
2018-01-30 10:04:38 INFO  ApacheHttpClient.testConnection(178) - responseCode = 200
2018-01-30 10:04:38 INFO  ApacheHttpClient.testConnection(185) - result = true
2018-01-30 10:04:38 INFO  ApacheHttpClient.testConnection(178) - responseCode = 200
2018-01-30 10:04:38 INFO  ApacheHttpClient.testConnection(185) - result = true
2018-01-30 10:04:38 INFO  ApacheHttpClient.getWebResourceAsStream(420) - responseCode = 200
2018-01-30 10:04:48 INFO  ApacheHttpClient.sendEvent(450) - responseCode = 200
2018-01-30 10:05:48 INFO  ApacheHttpClient.sendEvent(450) - responseCode = 200
2018-01-30 10:06:48 INFO  ApacheHttpClient.sendEvent(450) - responseCode = 200
2018-01-30 10:07:48 INFO  ApacheHttpClient.sendEvent(450) - responseCode = 200
2018-01-30 10:08:48 INFO  ApacheHttpClient.sendEvent(450) - responseCode = 200
2018-01-30 10:09:48 INFO  ApacheHttpClient.sendEvent(450) - responseCode = 200
2018-01-30 10:10:48 INFO  ApacheHttpClient.sendEvent(450) - responseCode = 200
2018-01-30 10:11:48 INFO  ApacheHttpClient.sendEvent(450) - responseCode = 200
2018-01-30 10:12:39 INFO  ApacheHttpClient.getWebResourceAsStream(420) - responseCode = 200
2018-01-30 10:12:40 INFO  ApacheHttpClient.getWebResourceAsStream(420) - responseCode = 200
2018-01-30 10:12:40 INFO  ApacheHttpClient.getTask(405) - responseCode = 200
2018-01-30 10:12:40 INFO  ApacheHttpClient.completed(27) - responseCode = 400
2018-01-30 10:12:40 WARN  TaskCompleted.run(66) - Задача "Не думать о секундах…" уже решена
2018-01-30 10:12:44 INFO  ApacheHttpClient.getWebResourceAsStream(420) - responseCode = 200
2018-01-30 10:12:44 INFO  ApacheHttpClient.getFilteredTasks(307) - responseCode = 200
2018-01-30 10:12:48 INFO  ApacheHttpClient.sendEvent(450) - responseCode = 200
2018-01-30 10:13:48 INFO  ApacheHttpClient.sendEvent(450) - responseCode = 200
2018-01-30 10:14:48 INFO  ApacheHttpClient.sendEvent(450) - responseCode = 200
2018-01-30 10:15:48 INFO  ApacheHttpClient.sendEvent(450) - responseCode = 200
2018-01-30 10:16:33 INFO  ApacheHttpClient.getWebResourceAsStream(420) - responseCode = 200
2018-01-30 10:16:33 INFO  ApacheHttpClient.getFilteredTasks(307) - responseCode = 200
2018-01-30 10:16:35 INFO  ApacheHttpClient.getTaskTemplateInfo(324) - responseCode = 200
2018-01-30 10:16:35 INFO  ApacheHttpClient.testConnection(178) - responseCode = 200
2018-01-30 10:16:35 INFO  ApacheHttpClient.testConnection(185) - result = true
2018-01-30 10:16:35 INFO  ApacheHttpClient.testConnection(178) - responseCode = 200
2018-01-30 10:16:35 INFO  ApacheHttpClient.testConnection(185) - result = true
2018-01-30 10:16:35 INFO  ApacheHttpClient.getWebResourceAsStream(420) - responseCode = 200
2018-01-30 10:16:48 INFO  ApacheHttpClient.sendEvent(450) - responseCode = 200
2018-01-30 10:17:48 INFO  ApacheHttpClient.sendEvent(450) - responseCode = 200
2018-01-30 10:18:48 INFO  ApacheHttpClient.sendEvent(450) - responseCode = 200
2018-01-30 10:19:36 INFO  ApacheHttpClient.getWebResourceAsStream(420) - responseCode = 200
2018-01-30 10:19:36 INFO  ApacheHttpClient.getWebResourceAsStream(420) - responseCode = 200
2018-01-30 10:19:36 INFO  ApacheHttpClient.getTask(405) - responseCode = 200
2018-01-30 10:19:37 INFO  ApacheHttpClient.completed(27) - responseCode = 200
2018-01-30 10:19:48 INFO  ApacheHttpClient.sendEvent(450) - responseCode = 200
2018-01-30 10:20:48 INFO  ApacheHttpClient.sendEvent(450) - responseCode = 200
2018-01-30 10:21:06 INFO  ApacheHttpClient.getWebResourceAsStream(420) - responseCode = 200
2018-01-30 10:21:06 INFO  ApacheHttpClient.getWebResourceAsStream(420) - responseCode = 200
2018-01-30 10:21:07 INFO  ApacheHttpClient.getTask(405) - responseCode = 200
2018-01-30 10:21:08 INFO  ApacheHttpClient.completed(27) - responseCode = 200
2018-01-30 10:21:08 INFO  ApacheHttpClient.getTask(405) - responseCode = 200
2018-01-30 10:21:11 INFO  ApacheHttpClient.getWebResourceAsStream(420) - responseCode = 200
2018-01-30 10:21:11 INFO  ApacheHttpClient.getFilteredTasks(307) - responseCode = 200
2018-01-30 10:21:13 INFO  ApacheHttpClient.getTaskTemplateInfo(324) - responseCode = 200
2018-01-30 10:21:13 INFO  ApacheHttpClient.testConnection(178) - responseCode = 200
2018-01-30 10:21:13 INFO  ApacheHttpClient.testConnection(185) - result = true
2018-01-30 10:21:13 INFO  ApacheHttpClient.testConnection(178) - responseCode = 200
2018-01-30 10:21:13 INFO  ApacheHttpClient.testConnection(185) - result = true
2018-01-30 10:21:13 INFO  ApacheHttpClient.getWebResourceAsStream(420) - responseCode = 200
2018-01-30 10:21:48 INFO  ApacheHttpClient.sendEvent(450) - responseCode = 200
2018-01-30 10:22:20 INFO  ApacheHttpClient.getWebResourceAsStream(420) - responseCode = 200
2018-01-30 10:22:20 INFO  ApacheHttpClient.getWebResourceAsStream(420) - responseCode = 200
2018-01-30 10:22:20 INFO  ApacheHttpClient.getTask(405) - responseCode = 200
2018-01-30 10:22:22 INFO  ApacheHttpClient.completed(27) - responseCode = 200
2018-01-30 10:22:22 INFO  ApacheHttpClient.getTask(405) - responseCode = 200
2018-01-30 10:22:24 INFO  ApacheHttpClient.getWebResourceAsStream(420) - responseCode = 200
2018-01-30 10:22:24 INFO  ApacheHttpClient.getFilteredTasks(307) - responseCode = 200
2018-01-30 10:22:25 INFO  ApacheHttpClient.getTaskTemplateInfo(324) - responseCode = 200
2018-01-30 10:22:25 INFO  ApacheHttpClient.testConnection(178) - responseCode = 200
2018-01-30 10:22:25 INFO  ApacheHttpClient.testConnection(185) - result = true
2018-01-30 10:22:25 INFO  ApacheHttpClient.testConnection(178) - responseCode = 200
2018-01-30 10:22:25 INFO  ApacheHttpClient.testConnection(185) - result = true
2018-01-30 10:22:25 INFO  ApacheHttpClient.getWebResourceAsStream(420) - responseCode = 200
2018-01-30 10:22:48 INFO  ApacheHttpClient.sendEvent(450) - responseCode = 200
2018-01-30 10:23:48 INFO  ApacheHttpClient.sendEvent(450) - responseCode = 200
2018-01-30 10:24:58 INFO  ApacheHttpClient.sendEvent(450) - responseCode = 200
2018-01-30 10:25:58 INFO  ApacheHttpClient.sendEvent(450) - responseCode = 200
2018-01-30 10:26:58 INFO  ApacheHttpClient.sendEvent(450) - responseCode = 200
2018-01-30 10:27:48 INFO  ApacheHttpClient.sendEvent(450) - responseCode = 200
2018-01-30 10:28:18 INFO  ApacheHttpClient.getWebResourceAsStream(420) - responseCode = 200
2018-01-30 10:28:19 INFO  ApacheHttpClient.getWebResourceAsStream(420) - responseCode = 200
2018-01-30 10:28:19 INFO  ApacheHttpClient.getTask(405) - responseCode = 200
2018-01-30 10:28:20 INFO  ApacheHttpClient.completed(27) - responseCode = 200
2018-01-30 10:28:20 INFO  ApacheHttpClient.getTask(405) - responseCode = 200
2018-01-30 10:28:48 INFO  ApacheHttpClient.sendEvent(450) - responseCode = 200
2018-01-30 10:29:48 INFO  ApacheHttpClient.sendEvent(450) - responseCode = 200
2018-01-30 10:30:48 INFO  ApacheHttpClient.sendEvent(450) - responseCode = 200
2018-01-30 10:31:48 INFO  ApacheHttpClient.sendEvent(450) - responseCode = 200
2018-01-30 10:32:48 INFO  ApacheHttpClient.sendEvent(450) - responseCode = 200
2018-01-30 10:33:48 INFO  ApacheHttpClient.sendEvent(450) - responseCode = 200
2018-01-30 10:34:48 INFO  ApacheHttpClient.sendEvent(450) - responseCode = 200
2018-01-30 10:35:48 INFO  ApacheHttpClient.sendEvent(450) - responseCode = 200
2018-01-30 10:36:48 INFO  ApacheHttpClient.sendEvent(450) - responseCode = 200
2018-01-30 10:37:48 INFO  ApacheHttpClient.sendEvent(450) - responseCode = 200
2018-01-30 10:38:48 INFO  ApacheHttpClient.sendEvent(450) - responseCode = 200
2018-01-30 10:39:58 INFO  ApacheHttpClient.sendEvent(450) - responseCode = 200
2018-01-30 10:40:58 INFO  ApacheHttpClient.sendEvent(450) - responseCode = 200
2018-01-30 10:41:48 INFO  ApacheHttpClient.sendEvent(450) - responseCode = 200
2018-01-30 10:42:48 INFO  ApacheHttpClient.sendEvent(450) - responseCode = 200
2018-01-30 10:43:48 INFO  ApacheHttpClient.sendEvent(450) - responseCode = 200
2018-01-30 10:44:48 INFO  ApacheHttpClient.sendEvent(450) - responseCode = 200
2018-01-30 10:45:48 INFO  ApacheHttpClient.sendEvent(450) - responseCode = 200
2018-01-30 10:46:48 INFO  ApacheHttpClient.sendEvent(450) - responseCode = 200
2018-01-30 10:47:48 INFO  ApacheHttpClient.sendEvent(450) - responseCode = 200
2018-01-30 10:48:58 INFO  ApacheHttpClient.sendEvent(450) - responseCode = 200
2018-01-30 10:49:58 INFO  ApacheHttpClient.sendEvent(450) - responseCode = 200
2018-01-30 10:50:48 INFO  ApacheHttpClient.sendEvent(450) - responseCode = 200
2018-01-30 10:51:49 INFO  ApacheHttpClient.sendEvent(450) - responseCode = 200
2018-01-30 10:52:48 INFO  ApacheHttpClient.sendEvent(450) - responseCode = 200
2018-01-30 10:53:48 INFO  ApacheHttpClient.sendEvent(450) - responseCode = 200
2018-01-30 10:54:48 INFO  ApacheHttpClient.sendEvent(450) - responseCode = 200
2018-01-30 10:55:48 INFO  ApacheHttpClient.sendEvent(450) - responseCode = 200
2018-01-30 10:56:48 INFO  ApacheHttpClient.sendEvent(450) - responseCode = 200
2018-01-30 10:57:48 INFO  ApacheHttpClient.sendEvent(450) - responseCode = 200
2018-01-30 10:58:48 INFO  ApacheHttpClient.sendEvent(450) - responseCode = 200
2018-01-30 10:59:48 INFO  ApacheHttpClient.sendEvent(450) - responseCode = 200
2018-01-30 11:00:48 INFO  ApacheHttpClient.sendEvent(450) - responseCode = 200
2018-01-30 11:01:48 INFO  ApacheHttpClient.sendEvent(450) - responseCode = 200
2018-01-30 11:02:48 INFO  ApacheHttpClient.sendEvent(450) - responseCode = 200
2018-01-30 11:03:48 INFO  ApacheHttpClient.sendEvent(450) - responseCode = 200
2018-01-30 11:04:48 INFO  ApacheHttpClient.sendEvent(450) - responseCode = 200
2018-01-30 11:05:48 INFO  ApacheHttpClient.sendEvent(450) - responseCode = 200
2018-01-30 11:06:49 INFO  ApacheHttpClient.sendEvent(450) - responseCode = 200
2018-01-30 11:07:48 INFO  ApacheHttpClient.sendEvent(450) - responseCode = 200
2018-01-30 11:08:48 INFO  ApacheHttpClient.sendEvent(450) - responseCode = 200
2018-01-30 11:09:48 INFO  ApacheHttpClient.sendEvent(450) - responseCode = 200
2018-01-30 11:10:48 INFO  ApacheHttpClient.sendEvent(450) - responseCode = 200
2018-01-30 11:11:48 INFO  ApacheHttpClient.sendEvent(450) - responseCode = 200
2018-01-30 11:12:48 INFO  ApacheHttpClient.sendEvent(450) - responseCode = 200
2018-01-30 11:13:48 INFO  ApacheHttpClient.sendEvent(450) - responseCode = 200
2018-01-30 11:14:48 INFO  ApacheHttpClient.sendEvent(450) - responseCode = 200
2018-01-30 11:15:48 INFO  ApacheHttpClient.sendEvent(450) - responseCode = 200
2018-01-30 11:16:48 INFO  ApacheHttpClient.sendEvent(450) - responseCode = 200
2018-01-30 11:17:48 INFO  ApacheHttpClient.sendEvent(450) - responseCode = 200
2018-01-30 11:18:48 INFO  ApacheHttpClient.sendEvent(450) - responseCode = 200
2018-01-30 11:19:48 INFO  ApacheHttpClient.sendEvent(450) - responseCode = 200
2018-01-30 11:19:56 INFO  ApacheHttpClient.getWebResourceAsStream(420) - responseCode = 200
2018-01-30 11:19:56 INFO  ApacheHttpClient.getFilteredTasks(307) - responseCode = 200
2018-01-30 11:19:57 INFO  ApacheHttpClient.getTaskTemplateInfo(324) - responseCode = 200
2018-01-30 11:19:57 INFO  ApacheHttpClient.testConnection(178) - responseCode = 200
2018-01-30 11:19:57 INFO  ApacheHttpClient.testConnection(185) - result = true
2018-01-30 11:19:58 INFO  ApacheHttpClient.testConnection(178) - responseCode = 200
2018-01-30 11:19:58 INFO  ApacheHttpClient.testConnection(185) - result = true
2018-01-30 11:19:58 INFO  ApacheHttpClient.getWebResourceAsStream(420) - responseCode = 200
2018-01-30 11:20:48 INFO  ApacheHttpClient.sendEvent(450) - responseCode = 200
2018-01-30 11:21:48 INFO  ApacheHttpClient.sendEvent(450) - responseCode = 200
2018-01-30 11:22:48 INFO  ApacheHttpClient.sendEvent(450) - responseCode = 200
2018-01-30 11:23:48 INFO  ApacheHttpClient.sendEvent(450) - responseCode = 200
2018-01-30 11:24:59 INFO  ApacheHttpClient.sendEvent(450) - responseCode = 200
2018-01-30 11:25:58 INFO  ApacheHttpClient.sendEvent(450) - responseCode = 200
2018-01-30 11:26:58 INFO  ApacheHttpClient.sendEvent(450) - responseCode = 200
2018-01-30 11:27:58 INFO  ApacheHttpClient.sendEvent(450) - responseCode = 200
2018-01-30 11:28:58 INFO  ApacheHttpClient.sendEvent(450) - responseCode = 200
2018-01-30 11:30:08 INFO  ApacheHttpClient.sendEvent(450) - responseCode = 200
2018-01-30 11:31:08 INFO  ApacheHttpClient.sendEvent(450) - responseCode = 200
2018-01-30 11:32:08 INFO  ApacheHttpClient.sendEvent(450) - responseCode = 200
2018-01-30 11:33:08 INFO  ApacheHttpClient.sendEvent(450) - responseCode = 200
2018-01-30 11:34:08 INFO  ApacheHttpClient.sendEvent(450) - responseCode = 200
2018-01-30 11:35:08 INFO  ApacheHttpClient.sendEvent(450) - responseCode = 200
2018-01-30 11:36:08 INFO  ApacheHttpClient.sendEvent(450) - responseCode = 200
2018-01-30 11:37:08 INFO  ApacheHttpClient.sendEvent(450) - responseCode = 200
2018-01-30 11:38:08 INFO  ApacheHttpClient.sendEvent(450) - responseCode = 200
2018-01-30 11:38:48 INFO  ApacheHttpClient.sendEvent(450) - responseCode = 200
2018-01-30 11:40:08 INFO  ApacheHttpClient.sendEvent(450) - responseCode = 200
2018-01-30 11:40:48 INFO  ApacheHttpClient.sendEvent(450) - responseCode = 200
2018-01-30 11:41:49 INFO  ApacheHttpClient.sendEvent(450) - responseCode = 200
2018-02-02 16:18:01 ERROR ApacheHttpClient.processExceptionSendEvent(103) - (super) Ошибка во время отправки ивента на сервер.
2018-02-02 16:18:29 ERROR ApacheHttpClient.processExceptionSendEvent(103) - (super) Ошибка во время отправки ивента на сервер.
2018-02-02 16:19:30 INFO  ApacheHttpClient.sendEvent(450) - responseCode = 200
2018-02-02 16:20:30 INFO  ApacheHttpClient.sendEvent(450) - responseCode = 200
2018-02-02 16:21:29 INFO  ApacheHttpClient.sendEvent(450) - responseCode = 200
2018-02-02 16:22:29 INFO  ApacheHttpClient.sendEvent(450) - responseCode = 200
2018-02-02 16:23:29 INFO  ApacheHttpClient.sendEvent(450) - responseCode = 200
2018-02-02 16:24:29 INFO  ApacheHttpClient.sendEvent(450) - responseCode = 200
2018-02-02 16:25:29 INFO  ApacheHttpClient.sendEvent(450) - responseCode = 200
2018-02-02 16:26:29 INFO  ApacheHttpClient.sendEvent(450) - responseCode = 200
2018-02-02 16:27:29 INFO  ApacheHttpClient.sendEvent(450) - responseCode = 200
2018-02-02 16:28:29 INFO  ApacheHttpClient.sendEvent(450) - responseCode = 200
2018-02-02 16:29:29 INFO  ApacheHttpClient.sendEvent(450) - responseCode = 200
2018-02-02 16:30:29 INFO  ApacheHttpClient.sendEvent(450) - responseCode = 200
2018-02-02 16:31:29 INFO  ApacheHttpClient.sendEvent(450) - responseCode = 200
2018-02-02 16:32:40 INFO  ApacheHttpClient.sendEvent(450) - responseCode = 200
2018-02-02 16:33:21 INFO  ApacheHttpClient.getWebResourceAsStream(420) - responseCode = 200
2018-02-02 16:33:22 INFO  ApacheHttpClient.getWebResourceAsStream(420) - responseCode = 200
2018-02-02 16:33:22 INFO  ApacheHttpClient.getTask(405) - responseCode = 200
2018-02-02 16:33:22 INFO  ApacheHttpClient.completed(27) - responseCode = 400
2018-02-02 16:33:22 WARN  TaskCompleted.run(66) - Задача "Мне не подходит этот возраст…" уже решена
2018-02-02 16:33:26 INFO  ApacheHttpClient.getWebResourceAsStream(420) - responseCode = 200
2018-02-02 16:33:26 INFO  ApacheHttpClient.getFilteredTasks(307) - responseCode = 200
2018-02-02 16:33:27 INFO  ApacheHttpClient.getTaskTemplateInfo(324) - responseCode = 200
2018-02-02 16:33:27 INFO  ApacheHttpClient.testConnection(178) - responseCode = 200
2018-02-02 16:33:27 INFO  ApacheHttpClient.testConnection(185) - result = true
2018-02-02 16:33:27 INFO  ApacheHttpClient.testConnection(178) - responseCode = 200
2018-02-02 16:33:27 INFO  ApacheHttpClient.testConnection(185) - result = true
2018-02-02 16:33:28 INFO  ApacheHttpClient.getWebResourceAsStream(420) - responseCode = 200
2018-02-02 16:33:29 INFO  ApacheHttpClient.sendEvent(450) - responseCode = 200
2018-02-02 16:34:29 INFO  ApacheHttpClient.sendEvent(450) - responseCode = 200
2018-02-02 16:35:29 INFO  ApacheHttpClient.sendEvent(450) - responseCode = 200
2018-02-02 16:36:29 INFO  ApacheHttpClient.sendEvent(450) - responseCode = 200
2018-02-02 16:37:29 INFO  ApacheHttpClient.sendEvent(450) - responseCode = 200
2018-02-02 16:38:29 INFO  ApacheHttpClient.sendEvent(450) - responseCode = 200
2018-02-02 16:39:29 INFO  ApacheHttpClient.sendEvent(450) - responseCode = 200
2018-02-02 16:40:29 INFO  ApacheHttpClient.sendEvent(450) - responseCode = 200
2018-02-02 16:41:01 INFO  ApacheHttpClient.getWebResourceAsStream(420) - responseCode = 200
2018-02-02 16:41:02 INFO  ApacheHttpClient.getWebResourceAsStream(420) - responseCode = 200
2018-02-02 16:41:02 INFO  ApacheHttpClient.getTask(405) - responseCode = 200
2018-02-02 16:41:04 INFO  ApacheHttpClient.completed(27) - responseCode = 200
2018-02-02 16:41:04 INFO  ApacheHttpClient.getTask(405) - responseCode = 200
2018-02-02 16:41:18 INFO  ApacheHttpClient.getWebResourceAsStream(420) - responseCode = 200
2018-02-02 16:41:19 INFO  ApacheHttpClient.getFilteredTasks(307) - responseCode = 200
2018-02-02 16:41:20 INFO  ApacheHttpClient.getTaskTemplateInfo(324) - responseCode = 200
2018-02-02 16:41:20 INFO  ApacheHttpClient.testConnection(178) - responseCode = 200
2018-02-02 16:41:20 INFO  ApacheHttpClient.testConnection(185) - result = true
2018-02-02 16:41:20 INFO  ApacheHttpClient.testConnection(178) - responseCode = 200
2018-02-02 16:41:20 INFO  ApacheHttpClient.testConnection(185) - result = true
2018-02-02 16:41:20 INFO  ApacheHttpClient.getWebResourceAsStream(420) - responseCode = 200
2018-02-02 16:41:29 INFO  ApacheHttpClient.sendEvent(450) - responseCode = 200
2018-02-02 16:42:29 INFO  ApacheHttpClient.sendEvent(450) - responseCode = 200
2018-02-02 16:43:29 INFO  ApacheHttpClient.sendEvent(450) - responseCode = 200
2018-02-02 16:44:29 INFO  ApacheHttpClient.sendEvent(450) - responseCode = 200
2018-02-02 16:45:29 INFO  ApacheHttpClient.sendEvent(450) - responseCode = 200
2018-02-02 16:45:34 INFO  ApacheHttpClient.getWebResourceAsStream(420) - responseCode = 200
2018-02-02 16:45:34 INFO  ApacheHttpClient.getWebResourceAsStream(420) - responseCode = 200
2018-02-02 16:45:34 INFO  ApacheHttpClient.getTask(405) - responseCode = 200
2018-02-02 16:45:36 INFO  ApacheHttpClient.completed(27) - responseCode = 200
2018-02-02 16:46:03 INFO  ApacheHttpClient.getWebResourceAsStream(420) - responseCode = 200
2018-02-02 16:46:04 INFO  ApacheHttpClient.getWebResourceAsStream(420) - responseCode = 200
2018-02-02 16:46:04 INFO  ApacheHttpClient.getTask(405) - responseCode = 200
2018-02-02 16:46:06 INFO  ApacheHttpClient.completed(27) - responseCode = 200
2018-02-02 16:46:29 INFO  ApacheHttpClient.sendEvent(450) - responseCode = 200
2018-02-02 16:46:49 INFO  ApacheHttpClient.getWebResourceAsStream(420) - responseCode = 200
2018-02-02 16:46:49 INFO  ApacheHttpClient.getWebResourceAsStream(420) - responseCode = 200
2018-02-02 16:46:50 INFO  ApacheHttpClient.getTask(405) - responseCode = 200
2018-02-02 16:46:51 INFO  ApacheHttpClient.completed(27) - responseCode = 200
2018-02-02 16:46:51 INFO  ApacheHttpClient.getTask(405) - responseCode = 200
2018-02-02 16:47:08 INFO  ApacheHttpClient.getWebResourceAsStream(420) - responseCode = 200
2018-02-02 16:47:08 INFO  ApacheHttpClient.getFilteredTasks(307) - responseCode = 200
2018-02-02 16:47:10 INFO  ApacheHttpClient.getTaskTemplateInfo(324) - responseCode = 200
2018-02-02 16:47:11 INFO  ApacheHttpClient.testConnection(178) - responseCode = 200
2018-02-02 16:47:11 INFO  ApacheHttpClient.testConnection(185) - result = true
2018-02-02 16:47:11 INFO  ApacheHttpClient.testConnection(178) - responseCode = 200
2018-02-02 16:47:11 INFO  ApacheHttpClient.testConnection(185) - result = true
2018-02-02 16:47:11 INFO  ApacheHttpClient.getWebResourceAsStream(420) - responseCode = 200
2018-02-02 16:47:29 INFO  ApacheHttpClient.sendEvent(450) - responseCode = 200
2018-02-02 16:48:29 INFO  ApacheHttpClient.sendEvent(450) - responseCode = 200
2018-02-02 16:49:29 INFO  ApacheHttpClient.sendEvent(450) - responseCode = 200
2018-02-02 16:50:29 INFO  ApacheHttpClient.sendEvent(450) - responseCode = 200
2018-02-02 16:50:39 INFO  ApacheHttpClient.getWebResourceAsStream(420) - responseCode = 200
2018-02-02 16:50:39 INFO  ApacheHttpClient.getWebResourceAsStream(420) - responseCode = 200
2018-02-02 16:50:40 INFO  ApacheHttpClient.getTask(405) - responseCode = 200
2018-02-02 16:50:41 INFO  ApacheHttpClient.completed(27) - responseCode = 200
2018-02-02 16:50:41 INFO  ApacheHttpClient.getTask(405) - responseCode = 200
2018-02-02 16:50:48 INFO  ApacheHttpClient.getWebResourceAsStream(420) - responseCode = 200
2018-02-02 16:50:48 ERROR JavaRushUtil.getCurrentTask(68) - Ошибка получения ключа задачи.
2018-02-02 16:50:48 ERROR JavaRushUtil.getCurrentDirectory(99) - Ошибка получения текущей директории.
2018-02-02 16:50:48 ERROR JavaRushUtil.getCurrentDirectory(99) - Ошибка получения текущей директории.
2018-02-02 16:50:48 INFO  ApacheHttpClient.getTask(405) - responseCode = 200
2018-02-02 16:50:48 INFO  ApacheHttpClient.getWebResourceAsStream(420) - responseCode = 200
2018-02-02 16:50:49 INFO  ApacheHttpClient.getTask(405) - responseCode = 200
2018-02-02 16:50:49 INFO  ApacheHttpClient.completed(27) - responseCode = 400
2018-02-02 16:50:49 WARN  TaskCompleted.run(66) - Задача "Реализовать метод addNewCat" уже решена
2018-02-02 16:50:53 INFO  ApacheHttpClient.getWebResourceAsStream(420) - responseCode = 200
2018-02-02 16:50:53 INFO  ApacheHttpClient.getFilteredTasks(307) - responseCode = 200
2018-02-02 16:50:55 INFO  ApacheHttpClient.getTaskTemplateInfo(324) - responseCode = 200
2018-02-02 16:50:55 INFO  ApacheHttpClient.testConnection(178) - responseCode = 200
2018-02-02 16:50:55 INFO  ApacheHttpClient.testConnection(185) - result = true
2018-02-02 16:50:55 INFO  ApacheHttpClient.testConnection(178) - responseCode = 200
2018-02-02 16:50:55 INFO  ApacheHttpClient.testConnection(185) - result = true
2018-02-02 16:50:55 INFO  ApacheHttpClient.getWebResourceAsStream(420) - responseCode = 200
2018-02-02 16:51:29 INFO  ApacheHttpClient.sendEvent(450) - responseCode = 200
2018-02-02 16:51:44 INFO  ApacheHttpClient.getWebResourceAsStream(420) - responseCode = 200
2018-02-02 16:51:44 INFO  ApacheHttpClient.getWebResourceAsStream(420) - responseCode = 200
2018-02-02 16:51:44 INFO  ApacheHttpClient.getTask(405) - responseCode = 200
2018-02-02 16:51:45 INFO  ApacheHttpClient.completed(27) - responseCode = 200
2018-02-02 16:51:45 INFO  ApacheHttpClient.getTask(405) - responseCode = 200
2018-02-02 16:51:49 INFO  ApacheHttpClient.getWebResourceAsStream(420) - responseCode = 200
2018-02-02 16:51:49 INFO  ApacheHttpClient.getFilteredTasks(307) - responseCode = 200
2018-02-02 16:51:50 INFO  ApacheHttpClient.getTaskTemplateInfo(324) - responseCode = 200
2018-02-02 16:51:50 INFO  ApacheHttpClient.testConnection(178) - responseCode = 200
2018-02-02 16:51:50 INFO  ApacheHttpClient.testConnection(185) - result = true
2018-02-02 16:51:50 INFO  ApacheHttpClient.testConnection(178) - responseCode = 200
2018-02-02 16:51:50 INFO  ApacheHttpClient.testConnection(185) - result = true
2018-02-02 16:51:50 INFO  ApacheHttpClient.getWebResourceAsStream(420) - responseCode = 200
2018-02-02 16:52:29 INFO  ApacheHttpClient.sendEvent(450) - responseCode = 200
2018-02-02 16:53:29 INFO  ApacheHttpClient.sendEvent(450) - responseCode = 200
2018-02-02 16:53:53 INFO  ApacheHttpClient.getWebResourceAsStream(420) - responseCode = 200
2018-02-02 16:53:54 INFO  ApacheHttpClient.getWebResourceAsStream(420) - responseCode = 200
2018-02-02 16:53:54 INFO  ApacheHttpClient.getTask(405) - responseCode = 200
2018-02-02 16:53:56 INFO  ApacheHttpClient.completed(27) - responseCode = 200
2018-02-02 16:54:29 INFO  ApacheHttpClient.sendEvent(450) - responseCode = 200
2018-02-02 16:54:43 INFO  ApacheHttpClient.getWebResourceAsStream(420) - responseCode = 200
2018-02-02 16:54:44 INFO  ApacheHttpClient.getWebResourceAsStream(420) - responseCode = 200
2018-02-02 16:54:44 INFO  ApacheHttpClient.getTask(405) - responseCode = 200
2018-02-02 16:54:46 INFO  ApacheHttpClient.completed(27) - responseCode = 200
2018-02-02 16:55:29 INFO  ApacheHttpClient.sendEvent(450) - responseCode = 200
2018-02-02 16:55:48 INFO  ApacheHttpClient.getWebResourceAsStream(420) - responseCode = 200
2018-02-02 16:55:49 INFO  ApacheHttpClient.getWebResourceAsStream(420) - responseCode = 200
2018-02-02 16:55:49 INFO  ApacheHttpClient.getTask(405) - responseCode = 200
2018-02-02 16:55:51 INFO  ApacheHttpClient.completed(27) - responseCode = 200
2018-02-02 16:55:51 INFO  ApacheHttpClient.getTask(405) - responseCode = 200
2018-02-02 16:56:14 INFO  ApacheHttpClient.getWebResourceAsStream(420) - responseCode = 200
2018-02-02 16:56:14 INFO  ApacheHttpClient.getFilteredTasks(307) - responseCode = 200
2018-02-02 16:56:15 INFO  ApacheHttpClient.getTaskTemplateInfo(324) - responseCode = 200
2018-02-02 16:56:15 INFO  ApacheHttpClient.testConnection(178) - responseCode = 200
2018-02-02 16:56:15 INFO  ApacheHttpClient.testConnection(185) - result = true
2018-02-02 16:56:15 INFO  ApacheHttpClient.testConnection(178) - responseCode = 200
2018-02-02 16:56:15 INFO  ApacheHttpClient.testConnection(185) - result = true
2018-02-02 16:56:16 INFO  ApacheHttpClient.getWebResourceAsStream(420) - responseCode = 200
2018-02-02 16:56:29 INFO  ApacheHttpClient.sendEvent(450) - responseCode = 200
2018-02-02 16:57:21 INFO  ApacheHttpClient.getWebResourceAsStream(420) - responseCode = 200
2018-02-02 16:57:22 INFO  ApacheHttpClient.getWebResourceAsStream(420) - responseCode = 200
2018-02-02 16:57:22 INFO  ApacheHttpClient.getTask(405) - responseCode = 200
2018-02-02 16:57:24 INFO  ApacheHttpClient.completed(27) - responseCode = 200
2018-02-02 16:57:24 INFO  ApacheHttpClient.getTask(405) - responseCode = 200
2018-02-02 16:57:29 INFO  ApacheHttpClient.sendEvent(450) - responseCode = 200
2018-02-02 16:58:29 INFO  ApacheHttpClient.sendEvent(450) - responseCode = 200
2018-02-02 16:59:29 INFO  ApacheHttpClient.sendEvent(450) - responseCode = 200
2018-02-02 17:00:06 INFO  ApacheHttpClient.getWebResourceAsStream(420) - responseCode = 200
2018-02-02 17:00:06 INFO  ApacheHttpClient.getFilteredTasks(307) - responseCode = 200
2018-02-02 17:00:12 INFO  ApacheHttpClient.getTaskTemplateInfo(324) - responseCode = 200
2018-02-02 17:00:12 INFO  ApacheHttpClient.testConnection(178) - responseCode = 200
2018-02-02 17:00:12 INFO  ApacheHttpClient.testConnection(185) - result = true
2018-02-02 17:00:13 INFO  ApacheHttpClient.testConnection(178) - responseCode = 200
2018-02-02 17:00:13 INFO  ApacheHttpClient.testConnection(185) - result = true
2018-02-02 17:00:13 INFO  ApacheHttpClient.getWebResourceAsStream(420) - responseCode = 200
2018-02-02 17:00:29 INFO  ApacheHttpClient.sendEvent(450) - responseCode = 200
2018-02-02 17:01:29 INFO  ApacheHttpClient.sendEvent(450) - responseCode = 200
2018-02-02 17:02:28 INFO  ApacheHttpClient.getWebResourceAsStream(420) - responseCode = 200
2018-02-02 17:02:28 INFO  ApacheHttpClient.getWebResourceAsStream(420) - responseCode = 200
2018-02-02 17:02:29 INFO  ApacheHttpClient.getTask(405) - responseCode = 200
2018-02-02 17:02:29 INFO  ApacheHttpClient.sendEvent(450) - responseCode = 200
2018-02-02 17:02:30 INFO  ApacheHttpClient.completed(27) - responseCode = 200
2018-02-02 17:02:50 INFO  ApacheHttpClient.getWebResourceAsStream(420) - responseCode = 200
2018-02-02 17:02:50 INFO  ApacheHttpClient.getWebResourceAsStream(420) - responseCode = 200
2018-02-02 17:02:50 INFO  ApacheHttpClient.getTask(405) - responseCode = 200
2018-02-02 17:02:53 INFO  ApacheHttpClient.completed(27) - responseCode = 200
2018-02-02 17:02:53 INFO  ApacheHttpClient.getTask(405) - responseCode = 200
2018-02-02 17:02:56 INFO  ApacheHttpClient.getWebResourceAsStream(420) - responseCode = 200
2018-02-02 17:02:56 INFO  ApacheHttpClient.getFilteredTasks(307) - responseCode = 200
2018-02-02 17:02:57 INFO  ApacheHttpClient.getTaskTemplateInfo(324) - responseCode = 200
2018-02-02 17:02:57 INFO  ApacheHttpClient.testConnection(178) - responseCode = 200
2018-02-02 17:02:57 INFO  ApacheHttpClient.testConnection(185) - result = true
2018-02-02 17:02:57 INFO  ApacheHttpClient.testConnection(178) - responseCode = 200
2018-02-02 17:02:57 INFO  ApacheHttpClient.testConnection(185) - result = true
2018-02-02 17:02:57 INFO  ApacheHttpClient.getWebResourceAsStream(420) - responseCode = 200
2018-02-02 17:02:57 INFO  ApacheHttpClient.getTaskTemplateInfo(324) - responseCode = 200
2018-02-02 17:03:03 INFO  ApacheHttpClient.testConnection(178) - responseCode = 200
2018-02-02 17:03:03 INFO  ApacheHttpClient.testConnection(185) - result = true
2018-02-02 17:03:04 INFO  ApacheHttpClient.testConnection(178) - responseCode = 200
2018-02-02 17:03:04 INFO  ApacheHttpClient.testConnection(185) - result = true
2018-02-02 17:03:04 INFO  ApacheHttpClient.getWebResourceAsStream(420) - responseCode = 200
2018-02-02 17:03:29 INFO  ApacheHttpClient.sendEvent(450) - responseCode = 200
2018-02-02 17:04:29 INFO  ApacheHttpClient.sendEvent(450) - responseCode = 200
2018-02-02 17:05:29 INFO  ApacheHttpClient.sendEvent(450) - responseCode = 200
2018-02-02 17:06:29 INFO  ApacheHttpClient.sendEvent(450) - responseCode = 200
2018-02-02 17:07:29 INFO  ApacheHttpClient.sendEvent(450) - responseCode = 200
2018-02-02 17:08:29 INFO  ApacheHttpClient.sendEvent(450) - responseCode = 200
2018-02-02 17:09:29 INFO  ApacheHttpClient.sendEvent(450) - responseCode = 200
2018-02-02 17:09:44 INFO  ApacheHttpClient.getWebResourceAsStream(420) - responseCode = 200
2018-02-02 17:09:45 INFO  ApacheHttpClient.getWebResourceAsStream(420) - responseCode = 200
2018-02-02 17:09:45 INFO  ApacheHttpClient.getTask(405) - responseCode = 200
2018-02-02 17:09:49 INFO  ApacheHttpClient.completed(27) - responseCode = 200
2018-02-02 17:10:29 INFO  ApacheHttpClient.sendEvent(450) - responseCode = 200
2018-02-02 17:11:29 INFO  ApacheHttpClient.sendEvent(450) - responseCode = 200
2018-02-02 17:11:57 INFO  ApacheHttpClient.getWebResourceAsStream(420) - responseCode = 200
2018-02-02 17:11:58 INFO  ApacheHttpClient.getWebResourceAsStream(420) - responseCode = 200
2018-02-02 17:11:58 INFO  ApacheHttpClient.getTask(405) - responseCode = 200
2018-02-02 17:12:00 INFO  ApacheHttpClient.completed(27) - responseCode = 200
2018-02-02 17:12:29 INFO  ApacheHttpClient.sendEvent(450) - responseCode = 200
2018-02-02 17:13:29 INFO  ApacheHttpClient.sendEvent(450) - responseCode = 200
2018-02-02 17:13:38 INFO  ApacheHttpClient.getWebResourceAsStream(420) - responseCode = 200
2018-02-02 17:13:38 INFO  ApacheHttpClient.getWebResourceAsStream(420) - responseCode = 200
2018-02-02 17:13:39 INFO  ApacheHttpClient.getTask(405) - responseCode = 200
2018-02-02 17:13:41 INFO  ApacheHttpClient.completed(27) - responseCode = 200
2018-02-02 17:13:41 INFO  ApacheHttpClient.getTask(405) - responseCode = 200
2018-02-02 17:14:24 INFO  ApacheHttpClient.getWebResourceAsStream(420) - responseCode = 200
2018-02-02 17:14:24 INFO  ApacheHttpClient.getFilteredTasks(307) - responseCode = 200
2018-02-02 17:14:26 INFO  ApacheHttpClient.getTaskTemplateInfo(324) - responseCode = 200
2018-02-02 17:14:26 INFO  ApacheHttpClient.testConnection(178) - responseCode = 200
2018-02-02 17:14:26 INFO  ApacheHttpClient.testConnection(185) - result = true
2018-02-02 17:14:26 INFO  ApacheHttpClient.testConnection(178) - responseCode = 200
2018-02-02 17:14:26 INFO  ApacheHttpClient.testConnection(185) - result = true
2018-02-02 17:14:26 INFO  ApacheHttpClient.getWebResourceAsStream(420) - responseCode = 200
2018-02-02 17:14:29 INFO  ApacheHttpClient.sendEvent(450) - responseCode = 200
2018-02-02 18:03:05 ERROR ApacheHttpClient.processExceptionSendEvent(103) - (super) Ошибка во время отправки ивента на сервер.
2018-02-03 20:15:40 ERROR ApacheHttpClient.processExceptionSendEvent(103) - (super) Ошибка во время отправки ивента на сервер.
2018-02-05 10:42:40 INFO  ApacheHttpClient.sendEvent(450) - responseCode = 200
2018-02-05 10:43:39 INFO  ApacheHttpClient.sendEvent(450) - responseCode = 200
2018-02-05 10:44:39 INFO  ApacheHttpClient.sendEvent(450) - responseCode = 200
2018-02-05 10:45:39 INFO  ApacheHttpClient.sendEvent(450) - responseCode = 200
2018-02-05 10:46:39 INFO  ApacheHttpClient.sendEvent(450) - responseCode = 200
2018-02-05 10:47:39 INFO  ApacheHttpClient.sendEvent(450) - responseCode = 200
2018-02-05 10:48:39 INFO  ApacheHttpClient.sendEvent(450) - responseCode = 200
2018-02-05 10:49:39 INFO  ApacheHttpClient.sendEvent(450) - responseCode = 200
2018-02-05 10:50:39 INFO  ApacheHttpClient.sendEvent(450) - responseCode = 200
2018-02-05 10:51:39 INFO  ApacheHttpClient.sendEvent(450) - responseCode = 200
2018-02-05 10:52:39 INFO  ApacheHttpClient.sendEvent(450) - responseCode = 200
2018-02-05 10:53:39 INFO  ApacheHttpClient.sendEvent(450) - responseCode = 200
2018-02-05 10:54:39 INFO  ApacheHttpClient.sendEvent(450) - responseCode = 200
2018-02-05 10:55:39 INFO  ApacheHttpClient.sendEvent(450) - responseCode = 200
2018-02-05 10:56:39 INFO  ApacheHttpClient.sendEvent(450) - responseCode = 200
2018-02-05 10:57:39 INFO  ApacheHttpClient.sendEvent(450) - responseCode = 200
2018-02-05 10:58:39 INFO  ApacheHttpClient.sendEvent(450) - responseCode = 200
2018-02-05 10:58:42 INFO  ApacheHttpClient.testConnection(178) - responseCode = 200
2018-02-05 10:58:42 INFO  ApacheHttpClient.testConnection(185) - result = true
2018-02-05 10:59:40 INFO  ApacheHttpClient.sendEvent(450) - responseCode = 200
2018-02-05 10:59:40 INFO  ApacheHttpClient.sendEvent(450) - responseCode = 200
2018-02-05 11:00:13 INFO  ApacheHttpClient.getWebResourceAsStream(420) - responseCode = 200
2018-02-05 11:00:14 INFO  ApacheHttpClient.getWebResourceAsStream(420) - responseCode = 200
2018-02-05 11:00:14 INFO  ApacheHttpClient.getTask(405) - responseCode = 200
2018-02-05 11:00:16 INFO  ApacheHttpClient.completed(27) - responseCode = 200
2018-02-05 11:00:16 INFO  ApacheHttpClient.getTask(405) - responseCode = 200
2018-02-05 11:00:19 INFO  ApacheHttpClient.getWebResourceAsStream(420) - responseCode = 200
2018-02-05 11:00:19 INFO  ApacheHttpClient.getFilteredTasks(307) - responseCode = 200
2018-02-05 11:00:20 INFO  ApacheHttpClient.getTaskTemplateInfo(324) - responseCode = 200
2018-02-05 11:00:20 INFO  ApacheHttpClient.testConnection(178) - responseCode = 200
2018-02-05 11:00:20 INFO  ApacheHttpClient.testConnection(185) - result = true
2018-02-05 11:00:20 INFO  ApacheHttpClient.testConnection(178) - responseCode = 200
2018-02-05 11:00:20 INFO  ApacheHttpClient.testConnection(185) - result = true
2018-02-05 11:00:20 INFO  ApacheHttpClient.getWebResourceAsStream(420) - responseCode = 200
2018-02-05 11:00:39 INFO  ApacheHttpClient.sendEvent(450) - responseCode = 200
2018-02-05 11:01:39 INFO  ApacheHttpClient.sendEvent(450) - responseCode = 200
2018-02-05 11:02:39 INFO  ApacheHttpClient.sendEvent(450) - responseCode = 200
2018-02-05 11:03:12 INFO  ApacheHttpClient.getWebResourceAsStream(420) - responseCode = 200
2018-02-05 11:03:12 INFO  ApacheHttpClient.getWebResourceAsStream(420) - responseCode = 200
2018-02-05 11:03:12 INFO  ApacheHttpClient.getTask(405) - responseCode = 200
2018-02-05 11:03:15 INFO  ApacheHttpClient.completed(27) - responseCode = 200
2018-02-05 11:03:15 INFO  ApacheHttpClient.getTask(405) - responseCode = 200
2018-02-05 11:03:17 INFO  ApacheHttpClient.getWebResourceAsStream(420) - responseCode = 200
2018-02-05 11:03:17 INFO  ApacheHttpClient.getFilteredTasks(307) - responseCode = 200
2018-02-05 11:03:19 INFO  ApacheHttpClient.getTaskTemplateInfo(324) - responseCode = 200
2018-02-05 11:03:19 INFO  ApacheHttpClient.testConnection(178) - responseCode = 200
2018-02-05 11:03:19 INFO  ApacheHttpClient.testConnection(185) - result = true
2018-02-05 11:03:20 INFO  ApacheHttpClient.testConnection(178) - responseCode = 200
2018-02-05 11:03:20 INFO  ApacheHttpClient.testConnection(185) - result = true
2018-02-05 11:03:20 INFO  ApacheHttpClient.getWebResourceAsStream(420) - responseCode = 200
2018-02-05 11:03:39 INFO  ApacheHttpClient.sendEvent(450) - responseCode = 200
2018-02-05 11:04:39 INFO  ApacheHttpClient.sendEvent(450) - responseCode = 200
2018-02-05 11:05:39 INFO  ApacheHttpClient.sendEvent(450) - responseCode = 200
2018-02-05 11:05:41 INFO  ApacheHttpClient.getWebResourceAsStream(420) - responseCode = 200
2018-02-05 11:05:41 INFO  ApacheHttpClient.getWebResourceAsStream(420) - responseCode = 200
2018-02-05 11:05:42 INFO  ApacheHttpClient.getTask(405) - responseCode = 200
2018-02-05 11:05:43 INFO  ApacheHttpClient.completed(27) - responseCode = 200
2018-02-05 11:05:43 INFO  ApacheHttpClient.getTask(405) - responseCode = 200
2018-02-05 11:05:46 INFO  ApacheHttpClient.getWebResourceAsStream(420) - responseCode = 200
2018-02-05 11:05:46 INFO  ApacheHttpClient.getFilteredTasks(307) - responseCode = 200
2018-02-05 11:05:47 INFO  ApacheHttpClient.getTaskTemplateInfo(324) - responseCode = 200
2018-02-05 11:05:47 INFO  ApacheHttpClient.testConnection(178) - responseCode = 200
2018-02-05 11:05:47 INFO  ApacheHttpClient.testConnection(185) - result = true
2018-02-05 11:05:47 INFO  ApacheHttpClient.testConnection(178) - responseCode = 200
2018-02-05 11:05:47 INFO  ApacheHttpClient.testConnection(185) - result = true
2018-02-05 11:05:47 INFO  ApacheHttpClient.getWebResourceAsStream(420) - responseCode = 200
2018-02-05 11:06:39 INFO  ApacheHttpClient.sendEvent(450) - responseCode = 200
2018-02-05 11:07:39 INFO  ApacheHttpClient.sendEvent(450) - responseCode = 200
2018-02-05 11:08:39 INFO  ApacheHttpClient.sendEvent(450) - responseCode = 200
2018-02-05 11:09:17 INFO  ApacheHttpClient.getWebResourceAsStream(420) - responseCode = 200
2018-02-05 11:09:17 INFO  ApacheHttpClient.getWebResourceAsStream(420) - responseCode = 200
2018-02-05 11:09:18 INFO  ApacheHttpClient.getTask(405) - responseCode = 200
2018-02-05 11:09:19 INFO  ApacheHttpClient.completed(27) - responseCode = 200
2018-02-05 11:09:19 INFO  ApacheHttpClient.getTask(405) - responseCode = 200
2018-02-05 11:09:22 INFO  ApacheHttpClient.getWebResourceAsStream(420) - responseCode = 200
2018-02-05 11:09:22 INFO  ApacheHttpClient.getFilteredTasks(307) - responseCode = 200
2018-02-05 11:09:24 INFO  ApacheHttpClient.getTaskTemplateInfo(324) - responseCode = 200
2018-02-05 11:09:24 INFO  ApacheHttpClient.testConnection(178) - responseCode = 200
2018-02-05 11:09:24 INFO  ApacheHttpClient.testConnection(185) - result = true
2018-02-05 11:09:24 INFO  ApacheHttpClient.testConnection(178) - responseCode = 200
2018-02-05 11:09:24 INFO  ApacheHttpClient.testConnection(185) - result = true
2018-02-05 11:09:24 INFO  ApacheHttpClient.getWebResourceAsStream(420) - responseCode = 200
2018-02-05 11:09:39 INFO  ApacheHttpClient.sendEvent(450) - responseCode = 200
2018-02-05 11:10:39 INFO  ApacheHttpClient.sendEvent(450) - responseCode = 200
2018-02-05 11:11:39 INFO  ApacheHttpClient.sendEvent(450) - responseCode = 200
2018-02-05 11:12:39 INFO  ApacheHttpClient.sendEvent(450) - responseCode = 200
2018-02-05 11:13:39 INFO  ApacheHttpClient.sendEvent(450) - responseCode = 200
2018-02-05 11:14:39 INFO  ApacheHttpClient.sendEvent(450) - responseCode = 200
2018-02-05 11:15:39 INFO  ApacheHttpClient.sendEvent(450) - responseCode = 200
2018-02-05 11:16:39 INFO  ApacheHttpClient.sendEvent(450) - responseCode = 200
2018-02-05 11:17:39 INFO  ApacheHttpClient.sendEvent(450) - responseCode = 200
2018-02-05 11:18:39 INFO  ApacheHttpClient.sendEvent(450) - responseCode = 200
2018-02-05 11:19:39 INFO  ApacheHttpClient.sendEvent(450) - responseCode = 200
2018-02-05 11:20:39 INFO  ApacheHttpClient.sendEvent(450) - responseCode = 200
2018-02-05 11:21:39 INFO  ApacheHttpClient.sendEvent(450) - responseCode = 200
2018-02-05 11:22:39 INFO  ApacheHttpClient.sendEvent(450) - responseCode = 200
2018-02-05 11:23:39 INFO  ApacheHttpClient.sendEvent(450) - responseCode = 200
2018-02-05 11:24:39 INFO  ApacheHttpClient.sendEvent(450) - responseCode = 200
2018-02-05 11:25:39 INFO  ApacheHttpClient.sendEvent(450) - responseCode = 200
2018-02-05 11:26:39 INFO  ApacheHttpClient.sendEvent(450) - responseCode = 200
2018-02-05 11:27:40 INFO  ApacheHttpClient.sendEvent(450) - responseCode = 200
2018-02-05 11:28:39 INFO  ApacheHttpClient.sendEvent(450) - responseCode = 200
2018-02-05 11:29:39 INFO  ApacheHttpClient.sendEvent(450) - responseCode = 200
2018-02-05 11:30:39 INFO  ApacheHttpClient.sendEvent(450) - responseCode = 200
2018-02-05 11:31:39 INFO  ApacheHttpClient.sendEvent(450) - responseCode = 200
2018-02-05 11:32:39 INFO  ApacheHttpClient.sendEvent(450) - responseCode = 200
2018-02-05 11:33:39 INFO  ApacheHttpClient.sendEvent(450) - responseCode = 200
2018-02-05 11:33:39 INFO  ApacheHttpClient.sendEvent(450) - responseCode = 200
2018-02-05 11:34:39 INFO  ApacheHttpClient.sendEvent(450) - responseCode = 200
2018-02-05 11:34:39 INFO  ApacheHttpClient.sendEvent(450) - responseCode = 200
2018-02-05 11:35:39 INFO  ApacheHttpClient.sendEvent(450) - responseCode = 200
2018-02-05 11:35:39 INFO  ApacheHttpClient.sendEvent(450) - responseCode = 200
2018-02-05 11:36:39 INFO  ApacheHttpClient.sendEvent(450) - responseCode = 200
2018-02-05 11:36:39 INFO  ApacheHttpClient.sendEvent(450) - responseCode = 200
2018-02-05 11:37:40 INFO  ApacheHttpClient.sendEvent(450) - responseCode = 200
2018-02-05 11:37:40 INFO  ApacheHttpClient.sendEvent(450) - responseCode = 200
2018-02-05 11:38:39 INFO  ApacheHttpClient.sendEvent(450) - responseCode = 200
2018-02-05 11:38:39 INFO  ApacheHttpClient.sendEvent(450) - responseCode = 200
2018-02-05 11:39:39 INFO  ApacheHttpClient.sendEvent(450) - responseCode = 200
2018-02-05 11:39:39 INFO  ApacheHttpClient.sendEvent(450) - responseCode = 200
2018-02-05 11:40:23 INFO  ApacheHttpClient.getWebResourceAsStream(420) - responseCode = 200
2018-02-05 11:40:23 INFO  ApacheHttpClient.getWebResourceAsStream(420) - responseCode = 200
2018-02-05 11:40:23 INFO  ApacheHttpClient.getTask(405) - responseCode = 200
2018-02-05 11:40:24 INFO  ApacheHttpClient.completed(27) - responseCode = 200
2018-02-05 11:40:39 INFO  ApacheHttpClient.sendEvent(450) - responseCode = 200
2018-02-05 11:40:39 INFO  ApacheHttpClient.sendEvent(450) - responseCode = 200
2018-02-05 11:41:15 INFO  ApacheHttpClient.getWebResourceAsStream(420) - responseCode = 200
2018-02-05 11:41:15 INFO  ApacheHttpClient.getWebResourceAsStream(420) - responseCode = 200
2018-02-05 11:41:16 INFO  ApacheHttpClient.getTask(405) - responseCode = 200
2018-02-05 11:41:17 INFO  ApacheHttpClient.completed(27) - responseCode = 200
2018-02-05 11:41:17 INFO  ApacheHttpClient.getTask(405) - responseCode = 200
2018-02-05 11:41:20 INFO  ApacheHttpClient.getWebResourceAsStream(420) - responseCode = 200
2018-02-05 11:41:31 INFO  ApacheHttpClient.getFilteredTasks(307) - responseCode = 200
2018-02-05 11:41:39 INFO  ApacheHttpClient.sendEvent(450) - responseCode = 200
2018-02-05 11:41:39 INFO  ApacheHttpClient.sendEvent(450) - responseCode = 200
2018-02-05 11:41:43 INFO  ApacheHttpClient.getTaskTemplateInfo(324) - responseCode = 200
2018-02-05 11:41:43 INFO  ApacheHttpClient.testConnection(178) - responseCode = 200
2018-02-05 11:41:43 INFO  ApacheHttpClient.testConnection(185) - result = true
2018-02-05 11:41:43 INFO  ApacheHttpClient.testConnection(178) - responseCode = 200
2018-02-05 11:41:43 INFO  ApacheHttpClient.testConnection(185) - result = true
2018-02-05 11:41:43 INFO  ApacheHttpClient.getWebResourceAsStream(420) - responseCode = 200
2018-02-05 11:42:39 INFO  ApacheHttpClient.sendEvent(450) - responseCode = 200
2018-02-05 11:43:39 INFO  ApacheHttpClient.sendEvent(450) - responseCode = 200
2018-02-05 11:44:39 INFO  ApacheHttpClient.sendEvent(450) - responseCode = 200
2018-02-05 11:45:39 INFO  ApacheHttpClient.sendEvent(450) - responseCode = 200
2018-02-05 11:46:39 INFO  ApacheHttpClient.sendEvent(450) - responseCode = 200
2018-02-05 11:47:39 INFO  ApacheHttpClient.sendEvent(450) - responseCode = 200
2018-02-05 11:48:39 INFO  ApacheHttpClient.sendEvent(450) - responseCode = 200
2018-02-05 11:49:42 INFO  ApacheHttpClient.sendEvent(450) - responseCode = 504
2018-02-05 11:50:46 INFO  ApacheHttpClient.sendEvent(450) - responseCode = 200
2018-02-05 11:51:39 INFO  ApacheHttpClient.sendEvent(450) - responseCode = 200
2018-02-05 11:52:42 INFO  ApacheHttpClient.sendEvent(450) - responseCode = 504
2018-02-05 11:53:39 INFO  ApacheHttpClient.sendEvent(450) - responseCode = 200
2018-02-05 11:54:39 INFO  ApacheHttpClient.sendEvent(450) - responseCode = 200
2018-02-05 11:55:39 INFO  ApacheHttpClient.sendEvent(450) - responseCode = 200
2018-02-05 11:56:39 INFO  ApacheHttpClient.sendEvent(450) - responseCode = 200
2018-02-05 11:57:39 INFO  ApacheHttpClient.sendEvent(450) - responseCode = 200
2018-02-05 11:58:39 INFO  ApacheHttpClient.sendEvent(450) - responseCode = 200
2018-02-05 11:59:39 INFO  ApacheHttpClient.sendEvent(450) - responseCode = 200
2018-02-05 12:00:39 INFO  ApacheHttpClient.sendEvent(450) - responseCode = 200
2018-02-05 12:01:39 INFO  ApacheHttpClient.sendEvent(450) - responseCode = 200
2018-02-05 12:02:40 INFO  ApacheHttpClient.sendEvent(450) - responseCode = 200
2018-02-05 12:03:39 INFO  ApacheHttpClient.sendEvent(450) - responseCode = 200
2018-02-05 12:04:40 INFO  ApacheHttpClient.sendEvent(450) - responseCode = 200
2018-02-05 12:05:39 INFO  ApacheHttpClient.sendEvent(450) - responseCode = 200
2018-02-05 12:07:16 INFO  ApacheHttpClient.sendEvent(450) - responseCode = 504
2018-02-05 12:08:09 INFO  ApacheHttpClient.sendEvent(450) - responseCode = 504
2018-02-05 12:09:09 INFO  ApacheHttpClient.sendEvent(450) - responseCode = 504
2018-02-05 12:10:09 INFO  ApacheHttpClient.sendEvent(450) - responseCode = 504
2018-02-05 12:11:09 INFO  ApacheHttpClient.sendEvent(450) - responseCode = 504
2018-02-05 12:12:37 INFO  ApacheHttpClient.sendEvent(450) - responseCode = 200
2018-02-05 12:12:41 INFO  ApacheHttpClient.sendEvent(450) - responseCode = 200
2018-02-05 12:13:39 INFO  ApacheHttpClient.sendEvent(450) - responseCode = 200
2018-02-05 12:14:39 INFO  ApacheHttpClient.sendEvent(450) - responseCode = 200
2018-02-05 12:15:39 INFO  ApacheHttpClient.sendEvent(450) - responseCode = 200
2018-02-05 12:16:39 INFO  ApacheHttpClient.sendEvent(450) - responseCode = 200
2018-02-05 12:17:39 INFO  ApacheHttpClient.sendEvent(450) - responseCode = 200
2018-02-05 12:18:39 INFO  ApacheHttpClient.sendEvent(450) - responseCode = 200
2018-02-05 12:19:49 INFO  ApacheHttpClient.sendEvent(450) - responseCode = 200
2018-02-05 12:20:49 INFO  ApacheHttpClient.sendEvent(450) - responseCode = 200
2018-02-05 12:21:49 INFO  ApacheHttpClient.sendEvent(450) - responseCode = 200
2018-02-05 12:22:49 INFO  ApacheHttpClient.sendEvent(450) - responseCode = 200
2018-02-05 12:23:49 INFO  ApacheHttpClient.sendEvent(450) - responseCode = 200
2018-02-05 12:24:49 INFO  ApacheHttpClient.sendEvent(450) - responseCode = 200
2018-02-05 12:25:49 INFO  ApacheHttpClient.sendEvent(450) - responseCode = 200
2018-02-05 12:26:39 INFO  ApacheHttpClient.sendEvent(450) - responseCode = 200
2018-02-05 12:27:39 INFO  ApacheHttpClient.sendEvent(450) - responseCode = 200
2018-02-05 12:28:39 INFO  ApacheHttpClient.sendEvent(450) - responseCode = 200
2018-02-05 12:29:39 INFO  ApacheHttpClient.sendEvent(450) - responseCode = 200
2018-02-05 12:30:39 INFO  ApacheHttpClient.sendEvent(450) - responseCode = 200
2018-02-05 12:31:39 INFO  ApacheHttpClient.sendEvent(450) - responseCode = 200
2018-02-05 12:32:39 INFO  ApacheHttpClient.sendEvent(450) - responseCode = 200
2018-02-05 12:33:39 INFO  ApacheHttpClient.sendEvent(450) - responseCode = 200
2018-02-05 12:34:39 INFO  ApacheHttpClient.sendEvent(450) - responseCode = 200
2018-02-05 12:35:39 INFO  ApacheHttpClient.sendEvent(450) - responseCode = 200
2018-02-05 12:36:40 INFO  ApacheHttpClient.sendEvent(450) - responseCode = 200
2018-02-05 12:37:39 INFO  ApacheHttpClient.sendEvent(450) - responseCode = 200
2018-02-05 12:38:39 INFO  ApacheHttpClient.sendEvent(450) - responseCode = 200
2018-02-05 12:39:39 INFO  ApacheHttpClient.sendEvent(450) - responseCode = 200
2018-02-05 12:40:39 INFO  ApacheHttpClient.sendEvent(450) - responseCode = 200
2018-02-05 12:41:40 INFO  ApacheHttpClient.sendEvent(450) - responseCode = 200
2018-02-05 12:42:39 INFO  ApacheHttpClient.sendEvent(450) - responseCode = 200
2018-02-05 12:43:39 INFO  ApacheHttpClient.sendEvent(450) - responseCode = 200
2018-02-05 12:44:39 INFO  ApacheHttpClient.sendEvent(450) - responseCode = 200
2018-02-05 12:45:39 INFO  ApacheHttpClient.sendEvent(450) - responseCode = 200
2018-02-05 12:46:39 INFO  ApacheHttpClient.sendEvent(450) - responseCode = 200
2018-02-05 12:47:39 INFO  ApacheHttpClient.sendEvent(450) - responseCode = 200
2018-02-05 12:48:39 INFO  ApacheHttpClient.sendEvent(450) - responseCode = 200
2018-02-05 12:49:39 INFO  ApacheHttpClient.sendEvent(450) - responseCode = 200
2018-02-05 12:50:39 INFO  ApacheHttpClient.sendEvent(450) - responseCode = 200
2018-02-05 12:51:39 INFO  ApacheHttpClient.sendEvent(450) - responseCode = 200
2018-02-05 12:52:39 INFO  ApacheHttpClient.sendEvent(450) - responseCode = 200
2018-02-05 12:53:39 INFO  ApacheHttpClient.sendEvent(450) - responseCode = 200
2018-02-05 12:54:40 INFO  ApacheHttpClient.sendEvent(450) - responseCode = 200
2018-02-05 12:55:39 INFO  ApacheHttpClient.sendEvent(450) - responseCode = 200
2018-02-05 12:56:39 INFO  ApacheHttpClient.sendEvent(450) - responseCode = 200
2018-02-05 12:57:39 INFO  ApacheHttpClient.sendEvent(450) - responseCode = 200
2018-02-05 12:58:39 INFO  ApacheHttpClient.sendEvent(450) - responseCode = 200
2018-02-05 12:59:39 INFO  ApacheHttpClient.sendEvent(450) - responseCode = 200
2018-02-05 13:00:39 INFO  ApacheHttpClient.sendEvent(450) - responseCode = 200
2018-02-05 13:01:39 INFO  ApacheHttpClient.sendEvent(450) - responseCode = 200
2018-02-05 13:02:39 INFO  ApacheHttpClient.sendEvent(450) - responseCode = 200
2018-02-05 13:03:39 INFO  ApacheHttpClient.sendEvent(450) - responseCode = 200
2018-02-05 13:04:39 INFO  ApacheHttpClient.sendEvent(450) - responseCode = 200
2018-02-05 13:05:39 INFO  ApacheHttpClient.sendEvent(450) - responseCode = 200
2018-02-05 13:06:39 INFO  ApacheHttpClient.sendEvent(450) - responseCode = 200
2018-02-05 13:07:39 INFO  ApacheHttpClient.sendEvent(450) - responseCode = 200
2018-02-05 13:08:41 INFO  ApacheHttpClient.sendEvent(450) - responseCode = 200
2018-02-05 13:09:39 INFO  ApacheHttpClient.sendEvent(450) - responseCode = 200
2018-02-05 13:10:39 INFO  ApacheHttpClient.sendEvent(450) - responseCode = 200
2018-02-05 13:11:39 INFO  ApacheHttpClient.sendEvent(450) - responseCode = 200
2018-02-05 13:12:39 INFO  ApacheHttpClient.sendEvent(450) - responseCode = 200
2018-02-05 13:13:39 INFO  ApacheHttpClient.sendEvent(450) - responseCode = 200
2018-02-05 13:14:39 INFO  ApacheHttpClient.sendEvent(450) - responseCode = 200
2018-02-05 13:15:39 INFO  ApacheHttpClient.sendEvent(450) - responseCode = 200
2018-02-05 13:16:39 INFO  ApacheHttpClient.sendEvent(450) - responseCode = 200
2018-02-05 13:17:39 INFO  ApacheHttpClient.sendEvent(450) - responseCode = 200
2018-02-05 13:18:39 INFO  ApacheHttpClient.sendEvent(450) - responseCode = 200
2018-02-05 13:19:39 INFO  ApacheHttpClient.sendEvent(450) - responseCode = 200
2018-02-05 13:20:39 INFO  ApacheHttpClient.sendEvent(450) - responseCode = 200
2018-02-05 13:21:39 INFO  ApacheHttpClient.sendEvent(450) - responseCode = 200
2018-02-05 13:22:39 INFO  ApacheHttpClient.sendEvent(450) - responseCode = 200
2018-02-05 13:23:39 INFO  ApacheHttpClient.sendEvent(450) - responseCode = 200
2018-02-05 13:24:39 INFO  ApacheHttpClient.sendEvent(450) - responseCode = 200
2018-02-05 13:25:39 INFO  ApacheHttpClient.sendEvent(450) - responseCode = 200
2018-02-05 13:26:39 INFO  ApacheHttpClient.sendEvent(450) - responseCode = 200
2018-02-05 13:27:39 INFO  ApacheHttpClient.sendEvent(450) - responseCode = 200
2018-02-05 13:28:39 INFO  ApacheHttpClient.sendEvent(450) - responseCode = 200
2018-02-05 13:29:39 INFO  ApacheHttpClient.sendEvent(450) - responseCode = 200
2018-02-05 13:30:39 INFO  ApacheHttpClient.sendEvent(450) - responseCode = 200
2018-02-05 13:31:39 INFO  ApacheHttpClient.sendEvent(450) - responseCode = 200
2018-02-05 13:32:39 INFO  ApacheHttpClient.sendEvent(450) - responseCode = 200
2018-02-05 13:33:39 INFO  ApacheHttpClient.sendEvent(450) - responseCode = 200
2018-02-05 13:34:39 INFO  ApacheHttpClient.sendEvent(450) - responseCode = 200
2018-02-05 13:35:39 INFO  ApacheHttpClient.sendEvent(450) - responseCode = 200
2018-02-05 13:36:41 INFO  ApacheHttpClient.sendEvent(450) - responseCode = 200
2018-02-05 13:37:39 INFO  ApacheHttpClient.sendEvent(450) - responseCode = 200
2018-02-05 13:38:39 INFO  ApacheHttpClient.sendEvent(450) - responseCode = 200
2018-02-05 13:39:39 INFO  ApacheHttpClient.sendEvent(450) - responseCode = 200
2018-02-05 13:40:39 INFO  ApacheHttpClient.sendEvent(450) - responseCode = 200
2018-02-05 13:41:39 INFO  ApacheHttpClient.sendEvent(450) - responseCode = 200
2018-02-05 13:42:39 INFO  ApacheHttpClient.sendEvent(450) - responseCode = 200
2018-02-05 13:43:40 INFO  ApacheHttpClient.sendEvent(450) - responseCode = 200
2018-02-05 13:44:39 INFO  ApacheHttpClient.sendEvent(450) - responseCode = 200
2018-02-05 13:45:39 INFO  ApacheHttpClient.sendEvent(450) - responseCode = 200
2018-02-05 13:46:39 INFO  ApacheHttpClient.sendEvent(450) - responseCode = 200
2018-02-05 13:47:39 INFO  ApacheHttpClient.sendEvent(450) - responseCode = 200
2018-02-05 13:48:42 INFO  ApacheHttpClient.sendEvent(450) - responseCode = 200
2018-02-05 13:49:39 INFO  ApacheHttpClient.sendEvent(450) - responseCode = 200
2018-02-05 13:50:46 INFO  ApacheHttpClient.sendEvent(450) - responseCode = 200
2018-02-05 13:51:49 INFO  ApacheHttpClient.sendEvent(450) - responseCode = 200
2018-02-05 13:52:46 INFO  ApacheHttpClient.sendEvent(450) - responseCode = 200
2018-02-05 13:53:46 INFO  ApacheHttpClient.sendEvent(450) - responseCode = 200
2018-02-05 13:54:37 INFO  ApacheHttpClient.getWebResourceAsStream(420) - responseCode = 200
2018-02-05 13:54:37 INFO  ApacheHttpClient.getWebResourceAsStream(420) - responseCode = 200
2018-02-05 13:54:37 INFO  ApacheHttpClient.getTask(405) - responseCode = 200
2018-02-05 13:54:43 INFO  ApacheHttpClient.completed(27) - responseCode = 200
2018-02-05 13:55:09 INFO  ApacheHttpClient.sendEvent(450) - responseCode = 504
2018-02-05 13:56:09 INFO  ApacheHttpClient.sendEvent(450) - responseCode = 504
2018-02-05 13:56:39 INFO  ApacheHttpClient.sendEvent(450) - responseCode = 200
2018-02-05 13:56:48 INFO  ApacheHttpClient.getWebResourceAsStream(420) - responseCode = 200
2018-02-05 13:56:48 INFO  ApacheHttpClient.getWebResourceAsStream(420) - responseCode = 200
2018-02-05 13:56:48 INFO  ApacheHttpClient.getTask(405) - responseCode = 200
2018-02-05 13:56:49 INFO  ApacheHttpClient.completed(27) - responseCode = 200
2018-02-05 13:57:39 INFO  ApacheHttpClient.sendEvent(450) - responseCode = 200
2018-02-05 13:58:15 INFO  ApacheHttpClient.getWebResourceAsStream(420) - responseCode = 200
2018-02-05 13:58:16 INFO  ApacheHttpClient.getWebResourceAsStream(420) - responseCode = 200
2018-02-05 13:58:16 INFO  ApacheHttpClient.getTask(405) - responseCode = 200
2018-02-05 13:58:18 INFO  ApacheHttpClient.completed(27) - responseCode = 200
2018-02-05 13:58:39 INFO  ApacheHttpClient.sendEvent(450) - responseCode = 200
2018-02-05 13:59:09 INFO  ApacheHttpClient.getWebResourceAsStream(420) - responseCode = 200
2018-02-05 13:59:10 INFO  ApacheHttpClient.getWebResourceAsStream(420) - responseCode = 200
2018-02-05 13:59:10 INFO  ApacheHttpClient.getTask(405) - responseCode = 200
2018-02-05 13:59:11 INFO  ApacheHttpClient.completed(27) - responseCode = 200
2018-02-05 13:59:12 INFO  ApacheHttpClient.getTask(405) - responseCode = 200
2018-02-05 13:59:21 INFO  ApacheHttpClient.getWebResourceAsStream(420) - responseCode = 200
2018-02-05 13:59:22 INFO  ApacheHttpClient.getFilteredTasks(307) - responseCode = 200
2018-02-05 13:59:23 INFO  ApacheHttpClient.getTaskTemplateInfo(324) - responseCode = 200
2018-02-05 13:59:23 INFO  ApacheHttpClient.testConnection(178) - responseCode = 200
2018-02-05 13:59:23 INFO  ApacheHttpClient.testConnection(185) - result = true
2018-02-05 13:59:23 INFO  ApacheHttpClient.testConnection(178) - responseCode = 200
2018-02-05 13:59:23 INFO  ApacheHttpClient.testConnection(185) - result = true
2018-02-05 13:59:23 INFO  ApacheHttpClient.getWebResourceAsStream(420) - responseCode = 200
2018-02-05 13:59:39 INFO  ApacheHttpClient.sendEvent(450) - responseCode = 200
2018-02-05 14:00:39 INFO  ApacheHttpClient.sendEvent(450) - responseCode = 200
2018-02-05 14:01:25 INFO  ApacheHttpClient.getWebResourceAsStream(420) - responseCode = 200
2018-02-05 14:01:27 INFO  ApacheHttpClient.getWebResourceAsStream(420) - responseCode = 200
2018-02-05 14:01:27 INFO  ApacheHttpClient.getTask(405) - responseCode = 200
2018-02-05 14:01:28 INFO  ApacheHttpClient.completed(27) - responseCode = 200
2018-02-05 14:01:28 INFO  ApacheHttpClient.getTask(405) - responseCode = 200
2018-02-05 14:01:39 INFO  ApacheHttpClient.sendEvent(450) - responseCode = 200
2018-02-05 14:01:52 INFO  ApacheHttpClient.getWebResourceAsStream(420) - responseCode = 200
2018-02-05 14:01:52 INFO  ApacheHttpClient.getFilteredTasks(307) - responseCode = 200
2018-02-05 14:01:53 INFO  ApacheHttpClient.getTaskTemplateInfo(324) - responseCode = 200
2018-02-05 14:01:53 INFO  ApacheHttpClient.testConnection(178) - responseCode = 200
2018-02-05 14:01:53 INFO  ApacheHttpClient.testConnection(185) - result = true
2018-02-05 14:01:54 INFO  ApacheHttpClient.testConnection(178) - responseCode = 200
2018-02-05 14:01:54 INFO  ApacheHttpClient.testConnection(185) - result = true
2018-02-05 14:01:54 INFO  ApacheHttpClient.getWebResourceAsStream(420) - responseCode = 200
2018-02-05 14:02:39 INFO  ApacheHttpClient.sendEvent(450) - responseCode = 200
2018-02-05 14:03:39 INFO  ApacheHttpClient.sendEvent(450) - responseCode = 200
2018-02-05 14:04:39 INFO  ApacheHttpClient.sendEvent(450) - responseCode = 200
2018-02-05 14:05:39 INFO  ApacheHttpClient.sendEvent(450) - responseCode = 200
2018-02-05 14:06:39 INFO  ApacheHttpClient.sendEvent(450) - responseCode = 200
2018-02-05 14:07:39 INFO  ApacheHttpClient.sendEvent(450) - responseCode = 200
2018-02-05 14:08:39 INFO  ApacheHttpClient.sendEvent(450) - responseCode = 200
2018-02-05 14:09:39 INFO  ApacheHttpClient.sendEvent(450) - responseCode = 200
2018-02-05 14:10:39 INFO  ApacheHttpClient.sendEvent(450) - responseCode = 200
2018-02-05 14:11:39 INFO  ApacheHttpClient.sendEvent(450) - responseCode = 200
2018-02-05 14:11:58 INFO  ApacheHttpClient.getWebResourceAsStream(420) - responseCode = 200
2018-02-05 14:11:59 INFO  ApacheHttpClient.getWebResourceAsStream(420) - responseCode = 200
2018-02-05 14:11:59 INFO  ApacheHttpClient.getTask(405) - responseCode = 200
2018-02-05 14:12:01 INFO  ApacheHttpClient.completed(27) - responseCode = 200
2018-02-05 14:12:25 INFO  ApacheHttpClient.getWebResourceAsStream(420) - responseCode = 200
2018-02-05 14:12:26 INFO  ApacheHttpClient.getWebResourceAsStream(420) - responseCode = 200
2018-02-05 14:12:26 INFO  ApacheHttpClient.getTask(405) - responseCode = 200
2018-02-05 14:12:29 INFO  ApacheHttpClient.completed(27) - responseCode = 200
2018-02-05 14:12:39 INFO  ApacheHttpClient.sendEvent(450) - responseCode = 200
2018-02-05 14:13:40 INFO  ApacheHttpClient.sendEvent(450) - responseCode = 200
2018-02-05 14:14:39 INFO  ApacheHttpClient.sendEvent(450) - responseCode = 200
2018-02-05 14:15:39 INFO  ApacheHttpClient.sendEvent(450) - responseCode = 200
2018-02-05 14:16:39 INFO  ApacheHttpClient.sendEvent(450) - responseCode = 200
2018-02-05 14:17:39 INFO  ApacheHttpClient.sendEvent(450) - responseCode = 200
2018-02-05 14:18:39 INFO  ApacheHttpClient.sendEvent(450) - responseCode = 200
2018-02-05 17:20:01 ERROR ApacheHttpClient.processExceptionSendEvent(103) - (super) Ошибка во время отправки ивента на сервер.
2018-02-06 10:07:57 ERROR ApacheHttpClient.processExceptionSendEvent(103) - (super) Ошибка во время отправки ивента на сервер.
2018-02-06 10:08:53 INFO  ApacheHttpClient.sendEvent(450) - responseCode = 400
2018-02-06 10:09:10 INFO  ApacheHttpClient.getWebResourceAsStream(420) - responseCode = 200
2018-02-06 10:09:10 INFO  ApacheHttpClient.getFilteredTasks(307) - responseCode = 200
2018-02-06 10:09:53 INFO  ApacheHttpClient.sendEvent(450) - responseCode = 400
2018-02-06 10:10:53 INFO  ApacheHttpClient.sendEvent(450) - responseCode = 400
2018-02-06 10:11:53 INFO  ApacheHttpClient.sendEvent(450) - responseCode = 400
2018-02-06 10:12:11 INFO  ApacheHttpClient.getWebResourceAsStream(420) - responseCode = 200
2018-02-06 10:12:11 INFO  ApacheHttpClient.getFilteredTasks(307) - responseCode = 200
2018-02-06 10:12:22 INFO  ApacheHttpClient.getWebResourceAsStream(420) - responseCode = 200
2018-02-06 10:12:22 INFO  ApacheHttpClient.getFilteredTasks(307) - responseCode = 200
2018-02-06 10:12:27 INFO  ApacheHttpClient.getFilteredTasks(307) - responseCode = 200
2018-02-06 10:12:50 INFO  ApacheHttpClient.getWebResourceAsStream(420) - responseCode = 200
2018-02-06 10:12:50 INFO  ApacheHttpClient.getFilteredTasks(307) - responseCode = 200
2018-02-06 10:12:53 INFO  ApacheHttpClient.sendEvent(450) - responseCode = 400
2018-02-06 10:12:53 INFO  ApacheHttpClient.getWebResourceAsStream(420) - responseCode = 200
2018-02-06 10:12:53 ERROR JavaRushUtil.getCurrentTask(68) - Ошибка получения ключа задачи.
2018-02-06 10:12:53 ERROR JavaRushUtil.getCurrentDirectory(99) - Ошибка получения текущей директории.
2018-02-06 10:12:53 ERROR JavaRushUtil.getCurrentDirectory(99) - Ошибка получения текущей директории.
2018-02-06 10:12:53 INFO  ApacheHttpClient.getTask(405) - responseCode = 200
2018-02-06 10:12:54 INFO  ApacheHttpClient.getWebResourceAsStream(420) - responseCode = 200
2018-02-06 10:12:54 INFO  ApacheHttpClient.completed(27) - responseCode = 400
2018-02-06 10:12:54 INFO  ApacheHttpClient.getTask(405) - responseCode = 200
2018-02-06 10:12:54 WARN  TaskCompleted.run(95) - Неизвестная ошибка во время проверки задания.
2018-02-06 10:13:39 INFO  ApacheHttpClient.getWebResourceAsStream(420) - responseCode = 200
2018-02-06 10:13:39 INFO  ApacheHttpClient.getFilteredTasks(307) - responseCode = 200
2018-02-06 10:13:43 INFO  ApacheHttpClient.getFilteredTasks(307) - responseCode = 200
2018-02-06 10:13:47 INFO  ApacheHttpClient.getFilteredTasks(307) - responseCode = 200
2018-02-06 10:13:51 INFO  ApacheHttpClient.getWebResourceAsStream(420) - responseCode = 200
2018-02-06 10:13:53 INFO  ApacheHttpClient.sendEvent(450) - responseCode = 400
2018-02-06 10:13:55 INFO  ApacheHttpClient.resetTask(294) - responseCode = 400
2018-02-06 10:13:55 INFO  ApacheHttpClient.getTask(405) - responseCode = 200
2018-02-06 10:13:55 INFO  ApacheHttpClient.getTaskTemplateInfo(324) - responseCode = 400
2018-02-06 10:14:53 INFO  ApacheHttpClient.sendEvent(450) - responseCode = 400
